---------------------------------------------------------------
[ 2019-07-15T11:48:27+08:00 ] 10.0.2.2 GET 192.168.10.1/
[运行时间：0.823419s] [吞吐率：1.21req/s] [内存消耗：535.59kb] [文件加载：55]
[ info ] [ LANG ] /var/www/html/Golden/thinkphp/lang/zh-cn.php
[ info ] [ ROUTE ] array (
  'type' => 'module',
  'module' => 
  array (
    0 => '',
    1 => NULL,
    2 => NULL,
  ),
)
[ info ] [ HEADER ] array (
  'accept-language' => 'zh-CN,zh;q=0.9',
  'accept-encoding' => 'gzip, deflate',
  'accept' => 'text/html,application/xhtml+xml,application/xml;q=0.9,image/webp,image/apng,*/*;q=0.8,application/signed-exchange;v=b3',
  'user-agent' => 'Mozilla/5.0 (Windows NT 10.0; WOW64) AppleWebKit/537.36 (KHTML, like Gecko) Chrome/77.0.3833.0 Safari/537.36',
  'upgrade-insecure-requests' => '1',
  'connection' => 'keep-alive',
  'host' => '192.168.10.1',
  'content-type' => '',
  'content-length' => '',
)
[ info ] [ PARAM ] array (
)
[ info ] [ SESSION ] INIT array (
  'prefix' => 'admin',
  'type' => '',
  'auto_start' => true,
)
[ info ] [ LOG ] INIT File
---------------------------------------------------------------
[ 2019-07-15T11:48:28+08:00 ] 10.0.2.2 GET 192.168.10.1/admin/login/index.html
[运行时间：0.025635s] [吞吐率：39.01req/s] [内存消耗：234.27kb] [文件加载：49]
[ info ] [ LANG ] /var/www/html/Golden/thinkphp/lang/zh-cn.php
[ info ] [ ROUTE ] array (
  'type' => 'module',
  'module' => 
  array (
    0 => 'admin',
    1 => 'login',
    2 => 'index',
  ),
)
[ info ] [ HEADER ] array (
  'cookie' => 'PHPSESSID=k0iohm7udkpfhgbtek0911k8gg',
  'accept-language' => 'zh-CN,zh;q=0.9',
  'accept-encoding' => 'gzip, deflate',
  'accept' => 'text/html,application/xhtml+xml,application/xml;q=0.9,image/webp,image/apng,*/*;q=0.8,application/signed-exchange;v=b3',
  'user-agent' => 'Mozilla/5.0 (Windows NT 10.0; WOW64) AppleWebKit/537.36 (KHTML, like Gecko) Chrome/77.0.3833.0 Safari/537.36',
  'upgrade-insecure-requests' => '1',
  'connection' => 'keep-alive',
  'host' => '192.168.10.1',
  'content-type' => '',
  'content-length' => '',
)
[ info ] [ PARAM ] array (
)
[ info ] [ RUN ] app\admin\controller\Login->index[ /var/www/html/Golden/application/admin/controller/Login.php ]
[ info ] [ VIEW ] /var/www/html/Golden/application/admin/view/login/index.php [ array (
) ]
[ info ] [ LOG ] INIT File
---------------------------------------------------------------
[ 2019-07-15T11:48:28+08:00 ] 10.0.2.2 GET 192.168.10.1/admin/login/captcha.html
[运行时间：0.058466s] [吞吐率：17.10req/s] [内存消耗：234.83kb] [文件加载：48]
[ info ] [ LANG ] /var/www/html/Golden/thinkphp/lang/zh-cn.php
[ info ] [ ROUTE ] array (
  'type' => 'module',
  'module' => 
  array (
    0 => 'admin',
    1 => 'login',
    2 => 'captcha',
  ),
)
[ info ] [ HEADER ] array (
  'cookie' => 'PHPSESSID=k0iohm7udkpfhgbtek0911k8gg',
  'accept-language' => 'zh-CN,zh;q=0.9',
  'accept-encoding' => 'gzip, deflate',
  'referer' => 'http://192.168.10.1/admin/login/index.html',
  'accept' => 'image/webp,image/apng,image/*,*/*;q=0.8',
  'user-agent' => 'Mozilla/5.0 (Windows NT 10.0; WOW64) AppleWebKit/537.36 (KHTML, like Gecko) Chrome/77.0.3833.0 Safari/537.36',
  'connection' => 'keep-alive',
  'host' => '192.168.10.1',
  'content-type' => '',
  'content-length' => '',
)
[ info ] [ PARAM ] array (
)
[ info ] [ RUN ] app\admin\controller\Login->captcha[ /var/www/html/Golden/application/admin/controller/Login.php ]
[ info ] [ SESSION ] INIT array (
  'prefix' => 'admin',
  'type' => '',
  'auto_start' => true,
)
[ info ] [ LOG ] INIT File
---------------------------------------------------------------
[ 2019-07-15T11:48:38+08:00 ] 10.0.2.2 POST 192.168.10.1/admin/login/verify.html
[运行时间：0.165345s] [吞吐率：6.05req/s] [内存消耗：608.31kb] [文件加载：68]
[ info ] [ LANG ] /var/www/html/Golden/thinkphp/lang/zh-cn.php
[ info ] [ ROUTE ] array (
  'type' => 'module',
  'module' => 
  array (
    0 => 'admin',
    1 => 'login',
    2 => 'verify',
  ),
)
[ info ] [ HEADER ] array (
  'cookie' => 'PHPSESSID=k0iohm7udkpfhgbtek0911k8gg',
  'accept-language' => 'zh-CN,zh;q=0.9',
  'accept-encoding' => 'gzip, deflate',
  'referer' => 'http://192.168.10.1/admin/login/index.html',
  'accept' => 'text/html,application/xhtml+xml,application/xml;q=0.9,image/webp,image/apng,*/*;q=0.8,application/signed-exchange;v=b3',
  'user-agent' => 'Mozilla/5.0 (Windows NT 10.0; WOW64) AppleWebKit/537.36 (KHTML, like Gecko) Chrome/77.0.3833.0 Safari/537.36',
  'content-type' => 'application/x-www-form-urlencoded',
  'upgrade-insecure-requests' => '1',
  'origin' => 'http://192.168.10.1',
  'cache-control' => 'max-age=0',
  'content-length' => '35',
  'connection' => 'keep-alive',
  'host' => '192.168.10.1',
)
[ info ] [ PARAM ] array (
  'account' => 'admin',
  'pwd' => 'admin',
  'verify' => '3685',
)
[ info ] [ RUN ] app\admin\controller\Login->verify[ /var/www/html/Golden/application/admin/controller/Login.php ]
[ info ] [ SESSION ] INIT array (
  'prefix' => 'admin',
  'type' => '',
  'auto_start' => true,
)
[ info ] [ DB ] INIT mysql
[ info ] [ CACHE ] INIT File
[ info ] [ BEHAVIOR ] Run behavior\system\SystemBehavior @system_admin_login_after [ RunTime:0.047877s ]
[ info ] [ LOG ] INIT File
---------------------------------------------------------------
[ 2019-07-15T11:48:38+08:00 ] 10.0.2.2 GET 192.168.10.1/admin/index/index.html
[运行时间：0.056279s] [吞吐率：17.77req/s] [内存消耗：800.08kb] [文件加载：67]
[ info ] [ LANG ] /var/www/html/Golden/thinkphp/lang/zh-cn.php
[ info ] [ ROUTE ] array (
  'type' => 'module',
  'module' => 
  array (
    0 => 'admin',
    1 => 'index',
    2 => 'index',
  ),
)
[ info ] [ HEADER ] array (
  'cookie' => 'PHPSESSID=k0iohm7udkpfhgbtek0911k8gg',
  'accept-language' => 'zh-CN,zh;q=0.9',
  'accept-encoding' => 'gzip, deflate',
  'referer' => 'http://192.168.10.1/admin/login/index.html',
  'accept' => 'text/html,application/xhtml+xml,application/xml;q=0.9,image/webp,image/apng,*/*;q=0.8,application/signed-exchange;v=b3',
  'user-agent' => 'Mozilla/5.0 (Windows NT 10.0; WOW64) AppleWebKit/537.36 (KHTML, like Gecko) Chrome/77.0.3833.0 Safari/537.36',
  'upgrade-insecure-requests' => '1',
  'cache-control' => 'max-age=0',
  'connection' => 'keep-alive',
  'host' => '192.168.10.1',
  'content-type' => '',
  'content-length' => '',
)
[ info ] [ PARAM ] array (
)
[ info ] [ SESSION ] INIT array (
  'prefix' => 'admin',
  'type' => '',
  'auto_start' => true,
)
[ info ] [ DB ] INIT mysql
[ info ] [ BEHAVIOR ] Run behavior\system\SystemBehavior @admin_visit [ RunTime:0.000008s ]
[ info ] [ RUN ] app\admin\controller\Index->index[ /var/www/html/Golden/application/admin/controller/Index.php ]
[ info ] [ VIEW ] /var/www/html/Golden/application/admin/view/index/index.php [ array (
  0 => '_admin',
  1 => 'menuList',
  2 => 'site_logo',
  3 => 'role_name',
) ]
[ info ] [ LOG ] INIT File
---------------------------------------------------------------
[ 2019-07-15T11:48:38+08:00 ] 10.0.2.2 GET 192.168.10.1/admin/index/main.html
[运行时间：0.114912s] [吞吐率：8.70req/s] [内存消耗：839.48kb] [文件加载：71]
[ info ] [ LANG ] /var/www/html/Golden/thinkphp/lang/zh-cn.php
[ info ] [ ROUTE ] array (
  'type' => 'module',
  'module' => 
  array (
    0 => 'admin',
    1 => 'index',
    2 => 'main',
  ),
)
[ info ] [ HEADER ] array (
  'cookie' => 'PHPSESSID=k0iohm7udkpfhgbtek0911k8gg',
  'accept-language' => 'zh-CN,zh;q=0.9',
  'accept-encoding' => 'gzip, deflate',
  'referer' => 'http://192.168.10.1/admin/index/index.html',
  'accept' => 'text/html,application/xhtml+xml,application/xml;q=0.9,image/webp,image/apng,*/*;q=0.8,application/signed-exchange;v=b3',
  'user-agent' => 'Mozilla/5.0 (Windows NT 10.0; WOW64) AppleWebKit/537.36 (KHTML, like Gecko) Chrome/77.0.3833.0 Safari/537.36',
  'upgrade-insecure-requests' => '1',
  'connection' => 'keep-alive',
  'host' => '192.168.10.1',
  'content-type' => '',
  'content-length' => '',
)
[ info ] [ PARAM ] array (
)
[ info ] [ SESSION ] INIT array (
  'prefix' => 'admin',
  'type' => '',
  'auto_start' => true,
)
[ info ] [ DB ] INIT mysql
[ info ] [ BEHAVIOR ] Run behavior\system\SystemBehavior @admin_visit [ RunTime:0.000010s ]
[ info ] [ RUN ] app\admin\controller\Index->main[ /var/www/html/Golden/application/admin/controller/Index.php ]
[ info ] [ VIEW ] /var/www/html/Golden/application/admin/view/index/main.php [ array (
  0 => '_admin',
  1 => 'first_line',
  2 => 'second_line',
  3 => 'topData',
) ]
[ info ] [ LOG ] INIT File
---------------------------------------------------------------
[ 2019-07-15T11:48:38+08:00 ] 10.0.2.2 GET 192.168.10.1/admin/index/jnotice.html
[运行时间：0.071406s] [吞吐率：14.00req/s] [内存消耗：834.59kb] [文件加载：72]
[ info ] [ LANG ] /var/www/html/Golden/thinkphp/lang/zh-cn.php
[ info ] [ ROUTE ] array (
  'type' => 'module',
  'module' => 
  array (
    0 => 'admin',
    1 => 'index',
    2 => 'jnotice',
  ),
)
[ info ] [ HEADER ] array (
  'cookie' => 'PHPSESSID=k0iohm7udkpfhgbtek0911k8gg',
  'accept-language' => 'zh-CN,zh;q=0.9',
  'accept-encoding' => 'gzip, deflate',
  'referer' => 'http://192.168.10.1/admin/index/index.html',
  'user-agent' => 'Mozilla/5.0 (Windows NT 10.0; WOW64) AppleWebKit/537.36 (KHTML, like Gecko) Chrome/77.0.3833.0 Safari/537.36',
  'x-requested-with' => 'XMLHttpRequest',
  'accept' => 'application/json, text/javascript, */*; q=0.01',
  'connection' => 'keep-alive',
  'host' => '192.168.10.1',
  'content-type' => '',
  'content-length' => '',
)
[ info ] [ PARAM ] array (
)
[ info ] [ SESSION ] INIT array (
  'prefix' => 'admin',
  'type' => '',
  'auto_start' => true,
)
[ info ] [ DB ] INIT mysql
[ info ] [ BEHAVIOR ] Run behavior\system\SystemBehavior @admin_visit [ RunTime:0.000014s ]
[ info ] [ RUN ] app\admin\controller\Index->Jnotice[ /var/www/html/Golden/application/admin/controller/Index.php ]
[ info ] [ LOG ] INIT File
---------------------------------------------------------------
[ 2019-07-15T11:48:38+08:00 ] 10.0.2.2 GET 192.168.10.1/admin/index/userchart.html
[运行时间：0.038067s] [吞吐率：26.27req/s] [内存消耗：794.32kb] [文件加载：73]
[ error ] [10501]SQLSTATE[42000]: Syntax error or access violation: 1055 Expression #1 of SELECT list is not in GROUP BY clause and contains nonaggregated column 'golden.eb_user.add_time' which is not functionally dependent on columns in GROUP BY clause; this is incompatible with sql_mode=only_full_group_by[/var/www/html/Golden/thinkphp/library/think/db/Connection.php:385]
[ error ] SQLSTATE[42000]: Syntax error or access violation: 1055 Expression #1 of SELECT list is not in GROUP BY clause and contains nonaggregated column 'golden.eb_user.add_time' which is not functionally dependent on columns in GROUP BY clause; this is incompatible with sql_mode=only_full_group_by
---------------------------------------------------------------
[ 2019-07-15T11:48:38+08:00 ] 10.0.2.2 GET 192.168.10.1/admin/index/orderchart.html?cycle=thirtyday
[运行时间：0.046662s] [吞吐率：21.43req/s] [内存消耗：744.26kb] [文件加载：73]
[ error ] [10501]SQLSTATE[42000]: Syntax error or access violation: 1055 Expression #1 of SELECT list is not in GROUP BY clause and contains nonaggregated column 'golden.eb_store_order.add_time' which is not functionally dependent on columns in GROUP BY clause; this is incompatible with sql_mode=only_full_group_by[/var/www/html/Golden/thinkphp/library/think/db/Connection.php:385]
[ error ] SQLSTATE[42000]: Syntax error or access violation: 1055 Expression #1 of SELECT list is not in GROUP BY clause and contains nonaggregated column 'golden.eb_store_order.add_time' which is not functionally dependent on columns in GROUP BY clause; this is incompatible with sql_mode=only_full_group_by
---------------------------------------------------------------
[ 2019-07-15T11:49:11+08:00 ] 10.0.2.2 GET 192.168.10.1/admin/store.store_product/index/type/1.html
[运行时间：0.186449s] [吞吐率：5.36req/s] [内存消耗：742.99kb] [文件加载：72]
[ info ] [ LANG ] /var/www/html/Golden/thinkphp/lang/zh-cn.php
[ info ] [ ROUTE ] array (
  'type' => 'module',
  'module' => 
  array (
    0 => 'admin',
    1 => 'store.store_product',
    2 => 'index',
  ),
)
[ info ] [ HEADER ] array (
  'cookie' => 'PHPSESSID=k0iohm7udkpfhgbtek0911k8gg',
  'accept-language' => 'zh-CN,zh;q=0.9',
  'accept-encoding' => 'gzip, deflate',
  'referer' => 'http://192.168.10.1/admin/index/index.html',
  'accept' => 'text/html,application/xhtml+xml,application/xml;q=0.9,image/webp,image/apng,*/*;q=0.8,application/signed-exchange;v=b3',
  'user-agent' => 'Mozilla/5.0 (Windows NT 10.0; WOW64) AppleWebKit/537.36 (KHTML, like Gecko) Chrome/77.0.3833.0 Safari/537.36',
  'upgrade-insecure-requests' => '1',
  'connection' => 'keep-alive',
  'host' => '192.168.10.1',
  'content-type' => '',
  'content-length' => '',
)
[ info ] [ PARAM ] array (
  'type' => '1',
)
[ info ] [ SESSION ] INIT array (
  'prefix' => 'admin',
  'type' => '',
  'auto_start' => true,
)
[ info ] [ DB ] INIT mysql
[ info ] [ BEHAVIOR ] Run behavior\system\SystemBehavior @admin_visit [ RunTime:0.127291s ]
[ info ] [ RUN ] app\admin\controller\store\StoreProduct->index[ /var/www/html/Golden/application/admin/controller/store/StoreProduct.php ]
[ info ] [ VIEW ] /var/www/html/Golden/application/admin/view/store/store_product/index.php [ array (
  0 => '_admin',
  1 => 'cate',
  2 => 'type',
  3 => 'onsale',
  4 => 'forsale',
  5 => 'warehouse',
  6 => 'outofstock',
  7 => 'policeforce',
  8 => 'recycle',
) ]
[ info ] [ LOG ] INIT File
---------------------------------------------------------------
[ 2019-07-15T11:49:11+08:00 ] 10.0.2.2 GET 192.168.10.1/admin/store.store_product/product_ist/type/1.html?page=1&limit=20
[运行时间：0.058093s] [吞吐率：17.21req/s] [内存消耗：906.48kb] [文件加载：72]
[ info ] [ LANG ] /var/www/html/Golden/thinkphp/lang/zh-cn.php
[ info ] [ ROUTE ] array (
  'type' => 'module',
  'module' => 
  array (
    0 => 'admin',
    1 => 'store.store_product',
    2 => 'product_ist',
  ),
)
[ info ] [ HEADER ] array (
  'cookie' => 'PHPSESSID=k0iohm7udkpfhgbtek0911k8gg',
  'accept-language' => 'zh-CN,zh;q=0.9',
  'accept-encoding' => 'gzip, deflate',
  'referer' => 'http://192.168.10.1/admin/store.store_product/index/type/1.html',
  'user-agent' => 'Mozilla/5.0 (Windows NT 10.0; WOW64) AppleWebKit/537.36 (KHTML, like Gecko) Chrome/77.0.3833.0 Safari/537.36',
  'x-requested-with' => 'XMLHttpRequest',
  'accept' => 'application/json, text/javascript, */*; q=0.01',
  'connection' => 'keep-alive',
  'host' => '192.168.10.1',
  'content-type' => '',
  'content-length' => '',
)
[ info ] [ PARAM ] array (
  'page' => '1',
  'limit' => '20',
  'type' => '1',
)
[ info ] [ SESSION ] INIT array (
  'prefix' => 'admin',
  'type' => '',
  'auto_start' => true,
)
[ info ] [ DB ] INIT mysql
[ info ] [ BEHAVIOR ] Run behavior\system\SystemBehavior @admin_visit [ RunTime:0.017385s ]
[ info ] [ RUN ] app\admin\controller\store\StoreProduct->product_ist[ /var/www/html/Golden/application/admin/controller/store/StoreProduct.php ]
[ info ] [ LOG ] INIT File
---------------------------------------------------------------
[ 2019-07-15T11:49:53+08:00 ] 10.0.2.2 GET dfwang.com/ebapi/public_api/get_my_naviga.html
[运行时间：0.150660s] [吞吐率：6.64req/s] [内存消耗：629.13kb] [文件加载：68]
[ info ] [ LANG ] /var/www/html/Golden/thinkphp/lang/zh-cn.php
[ info ] [ ROUTE ] array (
  'type' => 'module',
  'module' => 
  array (
    0 => 'ebapi',
    1 => 'public_api',
    2 => 'get_my_naviga',
  ),
)
[ info ] [ HEADER ] array (
  'accept-encoding' => 'gzip, deflate',
  'referer' => 'https://servicewechat.com/wx642cedfc29870acb/devtools/page-frame.html',
  'accept' => '*/*',
  'content-type' => 'application/json',
  'token' => '',
  'user-agent' => 'Mozilla/5.0 (iPhone; CPU iPhone OS 9_1 like Mac OS X) AppleWebKit/601.1.46 (KHTML, like Gecko) Version/9.0 Mobile/13B143 Safari/601.1 wechatdevtools/1.02.1907081 MicroMessenger/7.0.4 Language/zh_CN webview/',
  'sec-fetch-site' => 'cross-site',
  'sec-fetch-user' => '?F',
  'sec-fetch-dest' => 'empty',
  'cache-control' => 'no-cache',
  'pragma' => 'no-cache',
  'connection' => 'keep-alive',
  'host' => 'dfwang.com',
  'content-length' => '',
)
[ info ] [ PARAM ] array (
)
[ info ] [ CACHE ] INIT File
[ info ] [ DB ] INIT mysql
[ info ] [ RUN ] app\ebapi\controller\PublicApi->get_my_naviga[ /var/www/html/Golden/application/ebapi/controller/PublicApi.php ]
[ info ] [ LOG ] INIT File
---------------------------------------------------------------
[ 2019-07-15T11:49:53+08:00 ] 10.0.2.2 GET dfwang.com/ebapi/public_api/index.html
[运行时间：0.144274s] [吞吐率：6.93req/s] [内存消耗：807.09kb] [文件加载：75]
[ info ] [ LANG ] /var/www/html/Golden/thinkphp/lang/zh-cn.php
[ info ] [ ROUTE ] array (
  'type' => 'module',
  'module' => 
  array (
    0 => 'ebapi',
    1 => 'public_api',
    2 => 'index',
  ),
)
[ info ] [ HEADER ] array (
  'accept-encoding' => 'gzip, deflate',
  'referer' => 'https://servicewechat.com/wx642cedfc29870acb/devtools/page-frame.html',
  'accept' => '*/*',
  'content-type' => 'application/json',
  'token' => '',
  'user-agent' => 'Mozilla/5.0 (iPhone; CPU iPhone OS 9_1 like Mac OS X) AppleWebKit/601.1.46 (KHTML, like Gecko) Version/9.0 Mobile/13B143 Safari/601.1 wechatdevtools/1.02.1907081 MicroMessenger/7.0.4 Language/zh_CN webview/',
  'sec-fetch-site' => 'cross-site',
  'sec-fetch-user' => '?F',
  'sec-fetch-dest' => 'empty',
  'cache-control' => 'no-cache',
  'pragma' => 'no-cache',
  'connection' => 'keep-alive',
  'host' => 'dfwang.com',
  'content-length' => '',
)
[ info ] [ PARAM ] array (
)
[ info ] [ CACHE ] INIT File
[ info ] [ DB ] INIT mysql
[ info ] [ RUN ] app\ebapi\controller\PublicApi->index[ /var/www/html/Golden/application/ebapi/controller/PublicApi.php ]
[ info ] [ LOG ] INIT File
---------------------------------------------------------------
[ 2019-07-15T11:49:54+08:00 ] 10.0.2.2 GET dfwang.com/public/uploads/attach/2019/03/29/5c9de8b7c5cc5.png
[运行时间：0.012908s] [吞吐率：77.47req/s] [内存消耗：219.81kb] [文件加载：40]
[ info ] [ LANG ] /var/www/html/Golden/thinkphp/lang/zh-cn.php
[ info ] [ ROUTE ] array (
  'type' => 'module',
  'module' => 
  array (
    0 => 'public',
    1 => 'uploads',
    2 => 'attach',
  ),
)
[ info ] [ HEADER ] array (
  'accept-encoding' => 'gzip, deflate',
  'referer' => 'https://servicewechat.com/wx642cedfc29870acb/devtools/page-frame.html',
  'accept' => 'image/webp,image/apng,image/*,*/*;q=0.8',
  'user-agent' => 'Mozilla/5.0 (iPhone; CPU iPhone OS 9_1 like Mac OS X) AppleWebKit/601.1.46 (KHTML, like Gecko) Version/9.0 Mobile/13B143 Safari/601.1 wechatdevtools/1.02.1907081 MicroMessenger/7.0.4 Language/zh_CN webview/0 miniprogram port/49620 token/3ce1a2cc99b6ccaf474e8b77b51f0e87',
  'sec-fetch-site' => 'cross-site',
  'sec-fetch-user' => '?F',
  'sec-fetch-dest' => 'image',
  'connection' => 'keep-alive',
  'host' => 'dfwang.com',
  'content-type' => '',
  'content-length' => '',
)
[ info ] [ PARAM ] array (
  0 => '03',
  1 => '5c9de8b7c5cc5.png',
)
[ info ] [ LOG ] INIT File
---------------------------------------------------------------
[ 2019-07-15T11:49:54+08:00 ] 10.0.2.2 GET dfwang.com/public/uploads/attach/2019/01/15/5c3dc0ef27068.jpg
[运行时间：0.004028s] [吞吐率：248.26req/s] [内存消耗：218.64kb] [文件加载：40]
[ info ] [ LANG ] /var/www/html/Golden/thinkphp/lang/zh-cn.php
[ info ] [ ROUTE ] array (
  'type' => 'module',
  'module' => 
  array (
    0 => 'public',
    1 => 'uploads',
    2 => 'attach',
  ),
)
[ info ] [ HEADER ] array (
  'accept-encoding' => 'gzip, deflate',
  'referer' => 'https://servicewechat.com/wx642cedfc29870acb/devtools/page-frame.html',
  'accept' => 'image/webp,image/apng,image/*,*/*;q=0.8',
  'user-agent' => 'Mozilla/5.0 (iPhone; CPU iPhone OS 9_1 like Mac OS X) AppleWebKit/601.1.46 (KHTML, like Gecko) Version/9.0 Mobile/13B143 Safari/601.1 wechatdevtools/1.02.1907081 MicroMessenger/7.0.4 Language/zh_CN webview/0 miniprogram port/49620 token/3ce1a2cc99b6ccaf474e8b77b51f0e87',
  'sec-fetch-site' => 'cross-site',
  'sec-fetch-user' => '?F',
  'sec-fetch-dest' => 'image',
  'connection' => 'keep-alive',
  'host' => 'dfwang.com',
  'content-type' => '',
  'content-length' => '',
)
[ info ] [ PARAM ] array (
  0 => '01',
  1 => '5c3dc0ef27068.jpg',
)
[ info ] [ LOG ] INIT File
---------------------------------------------------------------
[ 2019-07-15T11:49:54+08:00 ] 10.0.2.2 GET dfwang.com/public/uploads/attach/2019/01/15/5c3dba1366885.jpg
[运行时间：0.015588s] [吞吐率：64.15req/s] [内存消耗：234.92kb] [文件加载：40]
[ info ] [ LANG ] /var/www/html/Golden/thinkphp/lang/zh-cn.php
[ info ] [ ROUTE ] array (
  'type' => 'module',
  'module' => 
  array (
    0 => 'public',
    1 => 'uploads',
    2 => 'attach',
  ),
)
[ info ] [ HEADER ] array (
  'accept-encoding' => 'gzip, deflate',
  'referer' => 'https://servicewechat.com/wx642cedfc29870acb/devtools/page-frame.html',
  'accept' => 'image/webp,image/apng,image/*,*/*;q=0.8',
  'user-agent' => 'Mozilla/5.0 (iPhone; CPU iPhone OS 9_1 like Mac OS X) AppleWebKit/601.1.46 (KHTML, like Gecko) Version/9.0 Mobile/13B143 Safari/601.1 wechatdevtools/1.02.1907081 MicroMessenger/7.0.4 Language/zh_CN webview/0 miniprogram port/49620 token/3ce1a2cc99b6ccaf474e8b77b51f0e87',
  'sec-fetch-site' => 'cross-site',
  'sec-fetch-user' => '?F',
  'sec-fetch-dest' => 'image',
  'connection' => 'keep-alive',
  'host' => 'dfwang.com',
  'content-type' => '',
  'content-length' => '',
)
[ info ] [ PARAM ] array (
  0 => '01',
  1 => '5c3dba1366885.jpg',
)
[ info ] [ LOG ] INIT File
---------------------------------------------------------------
[ 2019-07-15T11:49:54+08:00 ] 10.0.2.2 GET dfwang.com/public/uploads/attach/2019/01/15/5c3dbc6a38fab.jpg
[运行时间：0.005537s] [吞吐率：180.60req/s] [内存消耗：218.64kb] [文件加载：40]
[ info ] [ LANG ] /var/www/html/Golden/thinkphp/lang/zh-cn.php
[ info ] [ ROUTE ] array (
  'type' => 'module',
  'module' => 
  array (
    0 => 'public',
    1 => 'uploads',
    2 => 'attach',
  ),
)
[ info ] [ HEADER ] array (
  'accept-encoding' => 'gzip, deflate',
  'referer' => 'https://servicewechat.com/wx642cedfc29870acb/devtools/page-frame.html',
  'accept' => 'image/webp,image/apng,image/*,*/*;q=0.8',
  'user-agent' => 'Mozilla/5.0 (iPhone; CPU iPhone OS 9_1 like Mac OS X) AppleWebKit/601.1.46 (KHTML, like Gecko) Version/9.0 Mobile/13B143 Safari/601.1 wechatdevtools/1.02.1907081 MicroMessenger/7.0.4 Language/zh_CN webview/0 miniprogram port/49620 token/3ce1a2cc99b6ccaf474e8b77b51f0e87',
  'sec-fetch-site' => 'cross-site',
  'sec-fetch-user' => '?F',
  'sec-fetch-dest' => 'image',
  'connection' => 'keep-alive',
  'host' => 'dfwang.com',
  'content-type' => '',
  'content-length' => '',
)
[ info ] [ PARAM ] array (
  0 => '01',
  1 => '5c3dbc6a38fab.jpg',
)
[ info ] [ LOG ] INIT File
---------------------------------------------------------------
[ 2019-07-15T11:49:54+08:00 ] 10.0.2.2 GET dfwang.com/public/uploads/attach/2019/03/29/5c9def00c2882.png
[运行时间：0.006157s] [吞吐率：162.42req/s] [内存消耗：218.64kb] [文件加载：40]
[ info ] [ LANG ] /var/www/html/Golden/thinkphp/lang/zh-cn.php
[ info ] [ ROUTE ] array (
  'type' => 'module',
  'module' => 
  array (
    0 => 'public',
    1 => 'uploads',
    2 => 'attach',
  ),
)
[ info ] [ HEADER ] array (
  'accept-encoding' => 'gzip, deflate',
  'referer' => 'https://servicewechat.com/wx642cedfc29870acb/devtools/page-frame.html',
  'accept' => 'image/webp,image/apng,image/*,*/*;q=0.8',
  'user-agent' => 'Mozilla/5.0 (iPhone; CPU iPhone OS 9_1 like Mac OS X) AppleWebKit/601.1.46 (KHTML, like Gecko) Version/9.0 Mobile/13B143 Safari/601.1 wechatdevtools/1.02.1907081 MicroMessenger/7.0.4 Language/zh_CN webview/0 miniprogram port/49620 token/3ce1a2cc99b6ccaf474e8b77b51f0e87',
  'sec-fetch-site' => 'cross-site',
  'sec-fetch-user' => '?F',
  'sec-fetch-dest' => 'image',
  'connection' => 'keep-alive',
  'host' => 'dfwang.com',
  'content-type' => '',
  'content-length' => '',
)
[ info ] [ PARAM ] array (
  0 => '03',
  1 => '5c9def00c2882.png',
)
[ info ] [ LOG ] INIT File
---------------------------------------------------------------
[ 2019-07-15T11:49:54+08:00 ] 10.0.2.2 GET dfwang.com/public/uploads/attach/2019/03/29/5c9def5fa968c.png
[运行时间：0.006910s] [吞吐率：144.72req/s] [内存消耗：218.64kb] [文件加载：40]
[ info ] [ LANG ] /var/www/html/Golden/thinkphp/lang/zh-cn.php
[ info ] [ ROUTE ] array (
  'type' => 'module',
  'module' => 
  array (
    0 => 'public',
    1 => 'uploads',
    2 => 'attach',
  ),
)
[ info ] [ HEADER ] array (
  'accept-encoding' => 'gzip, deflate',
  'referer' => 'https://servicewechat.com/wx642cedfc29870acb/devtools/page-frame.html',
  'accept' => 'image/webp,image/apng,image/*,*/*;q=0.8',
  'user-agent' => 'Mozilla/5.0 (iPhone; CPU iPhone OS 9_1 like Mac OS X) AppleWebKit/601.1.46 (KHTML, like Gecko) Version/9.0 Mobile/13B143 Safari/601.1 wechatdevtools/1.02.1907081 MicroMessenger/7.0.4 Language/zh_CN webview/0 miniprogram port/49620 token/3ce1a2cc99b6ccaf474e8b77b51f0e87',
  'sec-fetch-site' => 'cross-site',
  'sec-fetch-user' => '?F',
  'sec-fetch-dest' => 'image',
  'connection' => 'keep-alive',
  'host' => 'dfwang.com',
  'content-type' => '',
  'content-length' => '',
)
[ info ] [ PARAM ] array (
  0 => '03',
  1 => '5c9def5fa968c.png',
)
[ info ] [ LOG ] INIT File
---------------------------------------------------------------
[ 2019-07-15T11:49:54+08:00 ] 10.0.2.2 GET dfwang.com/public/uploads/attach/2019/03/29/5c9df11e13742.png
[运行时间：0.004906s] [吞吐率：203.83req/s] [内存消耗：218.64kb] [文件加载：40]
[ info ] [ LANG ] /var/www/html/Golden/thinkphp/lang/zh-cn.php
[ info ] [ ROUTE ] array (
  'type' => 'module',
  'module' => 
  array (
    0 => 'public',
    1 => 'uploads',
    2 => 'attach',
  ),
)
[ info ] [ HEADER ] array (
  'accept-encoding' => 'gzip, deflate',
  'referer' => 'https://servicewechat.com/wx642cedfc29870acb/devtools/page-frame.html',
  'accept' => 'image/webp,image/apng,image/*,*/*;q=0.8',
  'user-agent' => 'Mozilla/5.0 (iPhone; CPU iPhone OS 9_1 like Mac OS X) AppleWebKit/601.1.46 (KHTML, like Gecko) Version/9.0 Mobile/13B143 Safari/601.1 wechatdevtools/1.02.1907081 MicroMessenger/7.0.4 Language/zh_CN webview/0 miniprogram port/49620 token/3ce1a2cc99b6ccaf474e8b77b51f0e87',
  'sec-fetch-site' => 'cross-site',
  'sec-fetch-user' => '?F',
  'sec-fetch-dest' => 'image',
  'connection' => 'keep-alive',
  'host' => 'dfwang.com',
  'content-type' => '',
  'content-length' => '',
)
[ info ] [ PARAM ] array (
  0 => '03',
  1 => '5c9df11e13742.png',
)
[ info ] [ LOG ] INIT File
---------------------------------------------------------------
[ 2019-07-15T11:49:54+08:00 ] 10.0.2.2 GET dfwang.com/public/uploads/attach/2019/03/29/5c9df170010cb.png
[运行时间：0.002761s] [吞吐率：362.17req/s] [内存消耗：218.64kb] [文件加载：40]
[ info ] [ LANG ] /var/www/html/Golden/thinkphp/lang/zh-cn.php
[ info ] [ ROUTE ] array (
  'type' => 'module',
  'module' => 
  array (
    0 => 'public',
    1 => 'uploads',
    2 => 'attach',
  ),
)
[ info ] [ HEADER ] array (
  'accept-encoding' => 'gzip, deflate',
  'referer' => 'https://servicewechat.com/wx642cedfc29870acb/devtools/page-frame.html',
  'accept' => 'image/webp,image/apng,image/*,*/*;q=0.8',
  'user-agent' => 'Mozilla/5.0 (iPhone; CPU iPhone OS 9_1 like Mac OS X) AppleWebKit/601.1.46 (KHTML, like Gecko) Version/9.0 Mobile/13B143 Safari/601.1 wechatdevtools/1.02.1907081 MicroMessenger/7.0.4 Language/zh_CN webview/0 miniprogram port/49620 token/3ce1a2cc99b6ccaf474e8b77b51f0e87',
  'sec-fetch-site' => 'cross-site',
  'sec-fetch-user' => '?F',
  'sec-fetch-dest' => 'image',
  'connection' => 'keep-alive',
  'host' => 'dfwang.com',
  'content-type' => '',
  'content-length' => '',
)
[ info ] [ PARAM ] array (
  0 => '03',
  1 => '5c9df170010cb.png',
)
[ info ] [ LOG ] INIT File
---------------------------------------------------------------
[ 2019-07-15T11:49:54+08:00 ] 10.0.2.2 GET dfwang.com/public/uploads/attach/2019/03/29/5c9df1b8f0a7a.png
[运行时间：0.003102s] [吞吐率：322.37req/s] [内存消耗：218.64kb] [文件加载：40]
[ info ] [ LANG ] /var/www/html/Golden/thinkphp/lang/zh-cn.php
[ info ] [ ROUTE ] array (
  'type' => 'module',
  'module' => 
  array (
    0 => 'public',
    1 => 'uploads',
    2 => 'attach',
  ),
)
[ info ] [ HEADER ] array (
  'accept-encoding' => 'gzip, deflate',
  'referer' => 'https://servicewechat.com/wx642cedfc29870acb/devtools/page-frame.html',
  'accept' => 'image/webp,image/apng,image/*,*/*;q=0.8',
  'user-agent' => 'Mozilla/5.0 (iPhone; CPU iPhone OS 9_1 like Mac OS X) AppleWebKit/601.1.46 (KHTML, like Gecko) Version/9.0 Mobile/13B143 Safari/601.1 wechatdevtools/1.02.1907081 MicroMessenger/7.0.4 Language/zh_CN webview/0 miniprogram port/49620 token/3ce1a2cc99b6ccaf474e8b77b51f0e87',
  'sec-fetch-site' => 'cross-site',
  'sec-fetch-user' => '?F',
  'sec-fetch-dest' => 'image',
  'connection' => 'keep-alive',
  'host' => 'dfwang.com',
  'content-type' => '',
  'content-length' => '',
)
[ info ] [ PARAM ] array (
  0 => '03',
  1 => '5c9df1b8f0a7a.png',
)
[ info ] [ LOG ] INIT File
---------------------------------------------------------------
[ 2019-07-15T11:49:58+08:00 ] 10.0.2.2 GET dfwang.com/public/uploads/attach/2019/01/15/5c3dba1366885.jpg
[运行时间：0.002593s] [吞吐率：385.65req/s] [内存消耗：218.64kb] [文件加载：40]
[ info ] [ LANG ] /var/www/html/Golden/thinkphp/lang/zh-cn.php
[ info ] [ ROUTE ] array (
  'type' => 'module',
  'module' => 
  array (
    0 => 'public',
    1 => 'uploads',
    2 => 'attach',
  ),
)
[ info ] [ HEADER ] array (
  'accept-encoding' => 'gzip, deflate',
  'referer' => 'https://servicewechat.com/wx642cedfc29870acb/devtools/page-frame.html',
  'accept' => 'image/webp,image/apng,image/*,*/*;q=0.8',
  'user-agent' => 'Mozilla/5.0 (iPhone; CPU iPhone OS 9_1 like Mac OS X) AppleWebKit/601.1.46 (KHTML, like Gecko) Version/9.0 Mobile/13B143 Safari/601.1 wechatdevtools/1.02.1907081 MicroMessenger/7.0.4 Language/zh_CN webview/0 miniprogram port/49620 token/3ce1a2cc99b6ccaf474e8b77b51f0e87',
  'sec-fetch-site' => 'cross-site',
  'sec-fetch-user' => '?F',
  'sec-fetch-dest' => 'image',
  'connection' => 'keep-alive',
  'host' => 'dfwang.com',
  'content-type' => '',
  'content-length' => '',
)
[ info ] [ PARAM ] array (
  0 => '01',
  1 => '5c3dba1366885.jpg',
)
[ info ] [ LOG ] INIT File
---------------------------------------------------------------
[ 2019-07-15T11:49:58+08:00 ] 10.0.2.2 GET dfwang.com/public/uploads/attach/2019/03/29/5c9df170010cb.png
[运行时间：0.003728s] [吞吐率：268.25req/s] [内存消耗：218.64kb] [文件加载：40]
[ info ] [ LANG ] /var/www/html/Golden/thinkphp/lang/zh-cn.php
[ info ] [ ROUTE ] array (
  'type' => 'module',
  'module' => 
  array (
    0 => 'public',
    1 => 'uploads',
    2 => 'attach',
  ),
)
[ info ] [ HEADER ] array (
  'accept-encoding' => 'gzip, deflate',
  'referer' => 'https://servicewechat.com/wx642cedfc29870acb/devtools/page-frame.html',
  'accept' => 'image/webp,image/apng,image/*,*/*;q=0.8',
  'user-agent' => 'Mozilla/5.0 (iPhone; CPU iPhone OS 9_1 like Mac OS X) AppleWebKit/601.1.46 (KHTML, like Gecko) Version/9.0 Mobile/13B143 Safari/601.1 wechatdevtools/1.02.1907081 MicroMessenger/7.0.4 Language/zh_CN webview/0 miniprogram port/49620 token/3ce1a2cc99b6ccaf474e8b77b51f0e87',
  'sec-fetch-site' => 'cross-site',
  'sec-fetch-user' => '?F',
  'sec-fetch-dest' => 'image',
  'connection' => 'keep-alive',
  'host' => 'dfwang.com',
  'content-type' => '',
  'content-length' => '',
)
[ info ] [ PARAM ] array (
  0 => '03',
  1 => '5c9df170010cb.png',
)
[ info ] [ LOG ] INIT File
---------------------------------------------------------------
[ 2019-07-15T11:49:58+08:00 ] 10.0.2.2 GET dfwang.com/public/uploads/attach/2019/03/29/5c9de8b7c5cc5.png
[运行时间：0.009101s] [吞吐率：109.88req/s] [内存消耗：218.64kb] [文件加载：40]
[ info ] [ LANG ] /var/www/html/Golden/thinkphp/lang/zh-cn.php
[ info ] [ ROUTE ] array (
  'type' => 'module',
  'module' => 
  array (
    0 => 'public',
    1 => 'uploads',
    2 => 'attach',
  ),
)
[ info ] [ HEADER ] array (
  'accept-encoding' => 'gzip, deflate',
  'referer' => 'https://servicewechat.com/wx642cedfc29870acb/devtools/page-frame.html',
  'accept' => 'image/webp,image/apng,image/*,*/*;q=0.8',
  'user-agent' => 'Mozilla/5.0 (iPhone; CPU iPhone OS 9_1 like Mac OS X) AppleWebKit/601.1.46 (KHTML, like Gecko) Version/9.0 Mobile/13B143 Safari/601.1 wechatdevtools/1.02.1907081 MicroMessenger/7.0.4 Language/zh_CN webview/0 miniprogram port/49620 token/3ce1a2cc99b6ccaf474e8b77b51f0e87',
  'sec-fetch-site' => 'cross-site',
  'sec-fetch-user' => '?F',
  'sec-fetch-dest' => 'image',
  'connection' => 'keep-alive',
  'host' => 'dfwang.com',
  'content-type' => '',
  'content-length' => '',
)
[ info ] [ PARAM ] array (
  0 => '03',
  1 => '5c9de8b7c5cc5.png',
)
[ info ] [ LOG ] INIT File
---------------------------------------------------------------
[ 2019-07-15T11:49:58+08:00 ] 10.0.2.2 GET dfwang.com/public/uploads/attach/2019/03/29/5c9df1b8f0a7a.png
[运行时间：0.007363s] [吞吐率：135.82req/s] [内存消耗：218.64kb] [文件加载：40]
[ info ] [ LANG ] /var/www/html/Golden/thinkphp/lang/zh-cn.php
[ info ] [ ROUTE ] array (
  'type' => 'module',
  'module' => 
  array (
    0 => 'public',
    1 => 'uploads',
    2 => 'attach',
  ),
)
[ info ] [ HEADER ] array (
  'accept-encoding' => 'gzip, deflate',
  'referer' => 'https://servicewechat.com/wx642cedfc29870acb/devtools/page-frame.html',
  'accept' => 'image/webp,image/apng,image/*,*/*;q=0.8',
  'user-agent' => 'Mozilla/5.0 (iPhone; CPU iPhone OS 9_1 like Mac OS X) AppleWebKit/601.1.46 (KHTML, like Gecko) Version/9.0 Mobile/13B143 Safari/601.1 wechatdevtools/1.02.1907081 MicroMessenger/7.0.4 Language/zh_CN webview/0 miniprogram port/49620 token/3ce1a2cc99b6ccaf474e8b77b51f0e87',
  'sec-fetch-site' => 'cross-site',
  'sec-fetch-user' => '?F',
  'sec-fetch-dest' => 'image',
  'connection' => 'keep-alive',
  'host' => 'dfwang.com',
  'content-type' => '',
  'content-length' => '',
)
[ info ] [ PARAM ] array (
  0 => '03',
  1 => '5c9df1b8f0a7a.png',
)
[ info ] [ LOG ] INIT File
---------------------------------------------------------------
[ 2019-07-15T11:49:58+08:00 ] 10.0.2.2 GET dfwang.com/public/uploads/attach/2019/03/29/5c9df11e13742.png
[运行时间：0.004511s] [吞吐率：221.67req/s] [内存消耗：218.64kb] [文件加载：40]
[ info ] [ LANG ] /var/www/html/Golden/thinkphp/lang/zh-cn.php
[ info ] [ ROUTE ] array (
  'type' => 'module',
  'module' => 
  array (
    0 => 'public',
    1 => 'uploads',
    2 => 'attach',
  ),
)
[ info ] [ HEADER ] array (
  'accept-encoding' => 'gzip, deflate',
  'referer' => 'https://servicewechat.com/wx642cedfc29870acb/devtools/page-frame.html',
  'accept' => 'image/webp,image/apng,image/*,*/*;q=0.8',
  'user-agent' => 'Mozilla/5.0 (iPhone; CPU iPhone OS 9_1 like Mac OS X) AppleWebKit/601.1.46 (KHTML, like Gecko) Version/9.0 Mobile/13B143 Safari/601.1 wechatdevtools/1.02.1907081 MicroMessenger/7.0.4 Language/zh_CN webview/0 miniprogram port/49620 token/3ce1a2cc99b6ccaf474e8b77b51f0e87',
  'sec-fetch-site' => 'cross-site',
  'sec-fetch-user' => '?F',
  'sec-fetch-dest' => 'image',
  'connection' => 'keep-alive',
  'host' => 'dfwang.com',
  'content-type' => '',
  'content-length' => '',
)
[ info ] [ PARAM ] array (
  0 => '03',
  1 => '5c9df11e13742.png',
)
[ info ] [ LOG ] INIT File
---------------------------------------------------------------
[ 2019-07-15T11:49:58+08:00 ] 10.0.2.2 GET dfwang.com/public/uploads/attach/2019/03/29/5c9def5fa968c.png
[运行时间：0.003817s] [吞吐率：261.98req/s] [内存消耗：218.64kb] [文件加载：40]
[ info ] [ LANG ] /var/www/html/Golden/thinkphp/lang/zh-cn.php
[ info ] [ ROUTE ] array (
  'type' => 'module',
  'module' => 
  array (
    0 => 'public',
    1 => 'uploads',
    2 => 'attach',
  ),
)
[ info ] [ HEADER ] array (
  'accept-encoding' => 'gzip, deflate',
  'referer' => 'https://servicewechat.com/wx642cedfc29870acb/devtools/page-frame.html',
  'accept' => 'image/webp,image/apng,image/*,*/*;q=0.8',
  'user-agent' => 'Mozilla/5.0 (iPhone; CPU iPhone OS 9_1 like Mac OS X) AppleWebKit/601.1.46 (KHTML, like Gecko) Version/9.0 Mobile/13B143 Safari/601.1 wechatdevtools/1.02.1907081 MicroMessenger/7.0.4 Language/zh_CN webview/0 miniprogram port/49620 token/3ce1a2cc99b6ccaf474e8b77b51f0e87',
  'sec-fetch-site' => 'cross-site',
  'sec-fetch-user' => '?F',
  'sec-fetch-dest' => 'image',
  'connection' => 'keep-alive',
  'host' => 'dfwang.com',
  'content-type' => '',
  'content-length' => '',
)
[ info ] [ PARAM ] array (
  0 => '03',
  1 => '5c9def5fa968c.png',
)
[ info ] [ LOG ] INIT File
---------------------------------------------------------------
[ 2019-07-15T11:49:58+08:00 ] 10.0.2.2 GET dfwang.com/public/uploads/attach/2019/01/15/5c3dc0ef27068.jpg
[运行时间：0.003934s] [吞吐率：254.18req/s] [内存消耗：218.64kb] [文件加载：40]
[ info ] [ LANG ] /var/www/html/Golden/thinkphp/lang/zh-cn.php
[ info ] [ ROUTE ] array (
  'type' => 'module',
  'module' => 
  array (
    0 => 'public',
    1 => 'uploads',
    2 => 'attach',
  ),
)
[ info ] [ HEADER ] array (
  'accept-encoding' => 'gzip, deflate',
  'referer' => 'https://servicewechat.com/wx642cedfc29870acb/devtools/page-frame.html',
  'accept' => 'image/webp,image/apng,image/*,*/*;q=0.8',
  'user-agent' => 'Mozilla/5.0 (iPhone; CPU iPhone OS 9_1 like Mac OS X) AppleWebKit/601.1.46 (KHTML, like Gecko) Version/9.0 Mobile/13B143 Safari/601.1 wechatdevtools/1.02.1907081 MicroMessenger/7.0.4 Language/zh_CN webview/0 miniprogram port/49620 token/3ce1a2cc99b6ccaf474e8b77b51f0e87',
  'sec-fetch-site' => 'cross-site',
  'sec-fetch-user' => '?F',
  'sec-fetch-dest' => 'image',
  'connection' => 'keep-alive',
  'host' => 'dfwang.com',
  'content-type' => '',
  'content-length' => '',
)
[ info ] [ PARAM ] array (
  0 => '01',
  1 => '5c3dc0ef27068.jpg',
)
[ info ] [ LOG ] INIT File
---------------------------------------------------------------
[ 2019-07-15T11:49:58+08:00 ] 10.0.2.2 GET dfwang.com/public/uploads/attach/2019/03/29/5c9def00c2882.png
[运行时间：0.004549s] [吞吐率：219.83req/s] [内存消耗：218.64kb] [文件加载：40]
[ info ] [ LANG ] /var/www/html/Golden/thinkphp/lang/zh-cn.php
[ info ] [ ROUTE ] array (
  'type' => 'module',
  'module' => 
  array (
    0 => 'public',
    1 => 'uploads',
    2 => 'attach',
  ),
)
[ info ] [ HEADER ] array (
  'accept-encoding' => 'gzip, deflate',
  'referer' => 'https://servicewechat.com/wx642cedfc29870acb/devtools/page-frame.html',
  'accept' => 'image/webp,image/apng,image/*,*/*;q=0.8',
  'user-agent' => 'Mozilla/5.0 (iPhone; CPU iPhone OS 9_1 like Mac OS X) AppleWebKit/601.1.46 (KHTML, like Gecko) Version/9.0 Mobile/13B143 Safari/601.1 wechatdevtools/1.02.1907081 MicroMessenger/7.0.4 Language/zh_CN webview/0 miniprogram port/49620 token/3ce1a2cc99b6ccaf474e8b77b51f0e87',
  'sec-fetch-site' => 'cross-site',
  'sec-fetch-user' => '?F',
  'sec-fetch-dest' => 'image',
  'connection' => 'keep-alive',
  'host' => 'dfwang.com',
  'content-type' => '',
  'content-length' => '',
)
[ info ] [ PARAM ] array (
  0 => '03',
  1 => '5c9def00c2882.png',
)
[ info ] [ LOG ] INIT File
---------------------------------------------------------------
[ 2019-07-15T11:49:58+08:00 ] 10.0.2.2 GET dfwang.com/public/uploads/attach/2019/01/15/5c3dbc6a38fab.jpg
[运行时间：0.004897s] [吞吐率：204.20req/s] [内存消耗：218.64kb] [文件加载：40]
[ info ] [ LANG ] /var/www/html/Golden/thinkphp/lang/zh-cn.php
[ info ] [ ROUTE ] array (
  'type' => 'module',
  'module' => 
  array (
    0 => 'public',
    1 => 'uploads',
    2 => 'attach',
  ),
)
[ info ] [ HEADER ] array (
  'accept-encoding' => 'gzip, deflate',
  'referer' => 'https://servicewechat.com/wx642cedfc29870acb/devtools/page-frame.html',
  'accept' => 'image/webp,image/apng,image/*,*/*;q=0.8',
  'user-agent' => 'Mozilla/5.0 (iPhone; CPU iPhone OS 9_1 like Mac OS X) AppleWebKit/601.1.46 (KHTML, like Gecko) Version/9.0 Mobile/13B143 Safari/601.1 wechatdevtools/1.02.1907081 MicroMessenger/7.0.4 Language/zh_CN webview/0 miniprogram port/49620 token/3ce1a2cc99b6ccaf474e8b77b51f0e87',
  'sec-fetch-site' => 'cross-site',
  'sec-fetch-user' => '?F',
  'sec-fetch-dest' => 'image',
  'connection' => 'keep-alive',
  'host' => 'dfwang.com',
  'content-type' => '',
  'content-length' => '',
)
[ info ] [ PARAM ] array (
  0 => '01',
  1 => '5c3dbc6a38fab.jpg',
)
[ info ] [ LOG ] INIT File
---------------------------------------------------------------
[ 2019-07-15T11:51:08+08:00 ] 10.0.2.2 GET dfwang.com/ebapi/store_api/get_pid_cate.html
[运行时间：0.031019s] [吞吐率：32.24req/s] [内存消耗：663.45kb] [文件加载：67]
[ info ] [ LANG ] /var/www/html/Golden/thinkphp/lang/zh-cn.php
[ info ] [ ROUTE ] array (
  'type' => 'module',
  'module' => 
  array (
    0 => 'ebapi',
    1 => 'store_api',
    2 => 'get_pid_cate',
  ),
)
[ info ] [ HEADER ] array (
  'accept-encoding' => 'gzip, deflate',
  'referer' => 'https://servicewechat.com/wx642cedfc29870acb/devtools/page-frame.html',
  'accept' => '*/*',
  'content-type' => 'application/json',
  'token' => '',
  'user-agent' => 'Mozilla/5.0 (iPhone; CPU iPhone OS 9_1 like Mac OS X) AppleWebKit/601.1.46 (KHTML, like Gecko) Version/9.0 Mobile/13B143 Safari/601.1 wechatdevtools/1.02.1907081 MicroMessenger/7.0.4 Language/zh_CN webview/',
  'sec-fetch-site' => 'cross-site',
  'sec-fetch-user' => '?F',
  'sec-fetch-dest' => 'empty',
  'cache-control' => 'no-cache',
  'pragma' => 'no-cache',
  'connection' => 'keep-alive',
  'host' => 'dfwang.com',
  'content-length' => '',
)
[ info ] [ PARAM ] array (
)
[ info ] [ CACHE ] INIT File
[ info ] [ DB ] INIT mysql
[ info ] [ RUN ] app\ebapi\controller\StoreApi->get_pid_cate[ /var/www/html/Golden/application/ebapi/controller/StoreApi.php ]
[ info ] [ LOG ] INIT File
---------------------------------------------------------------
[ 2019-07-15T11:51:08+08:00 ] 10.0.2.2 GET dfwang.com/ebapi/store_api/get_product_category.html
[运行时间：0.032655s] [吞吐率：30.62req/s] [内存消耗：639.10kb] [文件加载：67]
[ info ] [ LANG ] /var/www/html/Golden/thinkphp/lang/zh-cn.php
[ info ] [ ROUTE ] array (
  'type' => 'module',
  'module' => 
  array (
    0 => 'ebapi',
    1 => 'store_api',
    2 => 'get_product_category',
  ),
)
[ info ] [ HEADER ] array (
  'accept-encoding' => 'gzip, deflate',
  'referer' => 'https://servicewechat.com/wx642cedfc29870acb/devtools/page-frame.html',
  'accept' => '*/*',
  'content-type' => 'application/json',
  'token' => '',
  'user-agent' => 'Mozilla/5.0 (iPhone; CPU iPhone OS 9_1 like Mac OS X) AppleWebKit/601.1.46 (KHTML, like Gecko) Version/9.0 Mobile/13B143 Safari/601.1 wechatdevtools/1.02.1907081 MicroMessenger/7.0.4 Language/zh_CN webview/',
  'sec-fetch-site' => 'cross-site',
  'sec-fetch-user' => '?F',
  'sec-fetch-dest' => 'empty',
  'cache-control' => 'no-cache',
  'pragma' => 'no-cache',
  'connection' => 'keep-alive',
  'host' => 'dfwang.com',
  'content-length' => '',
)
[ info ] [ PARAM ] array (
)
[ info ] [ CACHE ] INIT File
[ info ] [ DB ] INIT mysql
[ info ] [ RUN ] app\ebapi\controller\StoreApi->get_product_category[ /var/www/html/Golden/application/ebapi/controller/StoreApi.php ]
[ info ] [ LOG ] INIT File
---------------------------------------------------------------
[ 2019-07-15T11:51:09+08:00 ] 10.0.2.2 GET dfwang.com/public/uploads/attach/2019/01/15/5c3dc0ef27068.jpg
[运行时间：0.004448s] [吞吐率：224.82req/s] [内存消耗：218.64kb] [文件加载：40]
[ info ] [ LANG ] /var/www/html/Golden/thinkphp/lang/zh-cn.php
[ info ] [ ROUTE ] array (
  'type' => 'module',
  'module' => 
  array (
    0 => 'public',
    1 => 'uploads',
    2 => 'attach',
  ),
)
[ info ] [ HEADER ] array (
  'accept-encoding' => 'gzip, deflate',
  'referer' => 'https://servicewechat.com/wx642cedfc29870acb/devtools/page-frame.html',
  'accept' => 'image/webp,image/apng,image/*,*/*;q=0.8',
  'user-agent' => 'Mozilla/5.0 (iPhone; CPU iPhone OS 9_1 like Mac OS X) AppleWebKit/601.1.46 (KHTML, like Gecko) Version/9.0 Mobile/13B143 Safari/601.1 wechatdevtools/1.02.1907081 MicroMessenger/7.0.4 Language/zh_CN webview/1 miniprogram port/49620 token/3ce1a2cc99b6ccaf474e8b77b51f0e87',
  'sec-fetch-site' => 'cross-site',
  'sec-fetch-user' => '?F',
  'sec-fetch-dest' => 'image',
  'connection' => 'keep-alive',
  'host' => 'dfwang.com',
  'content-type' => '',
  'content-length' => '',
)
[ info ] [ PARAM ] array (
  0 => '01',
  1 => '5c3dc0ef27068.jpg',
)
[ info ] [ LOG ] INIT File
---------------------------------------------------------------
[ 2019-07-15T11:51:09+08:00 ] 10.0.2.2 GET dfwang.com/public/uploads/attach/2019/01/15/5c3dba1366885.jpg
[运行时间：0.003693s] [吞吐率：270.77req/s] [内存消耗：218.64kb] [文件加载：40]
[ info ] [ LANG ] /var/www/html/Golden/thinkphp/lang/zh-cn.php
[ info ] [ ROUTE ] array (
  'type' => 'module',
  'module' => 
  array (
    0 => 'public',
    1 => 'uploads',
    2 => 'attach',
  ),
)
[ info ] [ HEADER ] array (
  'accept-encoding' => 'gzip, deflate',
  'referer' => 'https://servicewechat.com/wx642cedfc29870acb/devtools/page-frame.html',
  'accept' => 'image/webp,image/apng,image/*,*/*;q=0.8',
  'user-agent' => 'Mozilla/5.0 (iPhone; CPU iPhone OS 9_1 like Mac OS X) AppleWebKit/601.1.46 (KHTML, like Gecko) Version/9.0 Mobile/13B143 Safari/601.1 wechatdevtools/1.02.1907081 MicroMessenger/7.0.4 Language/zh_CN webview/1 miniprogram port/49620 token/3ce1a2cc99b6ccaf474e8b77b51f0e87',
  'sec-fetch-site' => 'cross-site',
  'sec-fetch-user' => '?F',
  'sec-fetch-dest' => 'image',
  'connection' => 'keep-alive',
  'host' => 'dfwang.com',
  'content-type' => '',
  'content-length' => '',
)
[ info ] [ PARAM ] array (
  0 => '01',
  1 => '5c3dba1366885.jpg',
)
[ info ] [ LOG ] INIT File
---------------------------------------------------------------
[ 2019-07-15T11:51:09+08:00 ] 10.0.2.2 GET dfwang.com/public/uploads/attach/2019/01/15/5c3dbc6a38fab.jpg
[运行时间：0.005905s] [吞吐率：169.35req/s] [内存消耗：218.64kb] [文件加载：40]
[ info ] [ LANG ] /var/www/html/Golden/thinkphp/lang/zh-cn.php
[ info ] [ ROUTE ] array (
  'type' => 'module',
  'module' => 
  array (
    0 => 'public',
    1 => 'uploads',
    2 => 'attach',
  ),
)
[ info ] [ HEADER ] array (
  'accept-encoding' => 'gzip, deflate',
  'referer' => 'https://servicewechat.com/wx642cedfc29870acb/devtools/page-frame.html',
  'accept' => 'image/webp,image/apng,image/*,*/*;q=0.8',
  'user-agent' => 'Mozilla/5.0 (iPhone; CPU iPhone OS 9_1 like Mac OS X) AppleWebKit/601.1.46 (KHTML, like Gecko) Version/9.0 Mobile/13B143 Safari/601.1 wechatdevtools/1.02.1907081 MicroMessenger/7.0.4 Language/zh_CN webview/1 miniprogram port/49620 token/3ce1a2cc99b6ccaf474e8b77b51f0e87',
  'sec-fetch-site' => 'cross-site',
  'sec-fetch-user' => '?F',
  'sec-fetch-dest' => 'image',
  'connection' => 'keep-alive',
  'host' => 'dfwang.com',
  'content-type' => '',
  'content-length' => '',
)
[ info ] [ PARAM ] array (
  0 => '01',
  1 => '5c3dbc6a38fab.jpg',
)
[ info ] [ LOG ] INIT File
---------------------------------------------------------------
[ 2019-07-15T11:51:09+08:00 ] 10.0.2.2 GET dfwang.com/public/uploads/attach/2019/03/29/5c9de8b7c5cc5.png
[运行时间：0.013032s] [吞吐率：76.73req/s] [内存消耗：218.64kb] [文件加载：40]
[ info ] [ LANG ] /var/www/html/Golden/thinkphp/lang/zh-cn.php
[ info ] [ ROUTE ] array (
  'type' => 'module',
  'module' => 
  array (
    0 => 'public',
    1 => 'uploads',
    2 => 'attach',
  ),
)
[ info ] [ HEADER ] array (
  'accept-encoding' => 'gzip, deflate',
  'referer' => 'https://servicewechat.com/wx642cedfc29870acb/devtools/page-frame.html',
  'accept' => 'image/webp,image/apng,image/*,*/*;q=0.8',
  'user-agent' => 'Mozilla/5.0 (iPhone; CPU iPhone OS 9_1 like Mac OS X) AppleWebKit/601.1.46 (KHTML, like Gecko) Version/9.0 Mobile/13B143 Safari/601.1 wechatdevtools/1.02.1907081 MicroMessenger/7.0.4 Language/zh_CN webview/1 miniprogram port/49620 token/3ce1a2cc99b6ccaf474e8b77b51f0e87',
  'sec-fetch-site' => 'cross-site',
  'sec-fetch-user' => '?F',
  'sec-fetch-dest' => 'image',
  'connection' => 'keep-alive',
  'host' => 'dfwang.com',
  'content-type' => '',
  'content-length' => '',
)
[ info ] [ PARAM ] array (
  0 => '03',
  1 => '5c9de8b7c5cc5.png',
)
[ info ] [ LOG ] INIT File
---------------------------------------------------------------
[ 2019-07-15T11:51:09+08:00 ] 10.0.2.2 GET dfwang.com/public/uploads/attach/2019/03/29/5c9df1b8f0a7a.png
[运行时间：0.011708s] [吞吐率：85.41req/s] [内存消耗：218.64kb] [文件加载：40]
[ info ] [ LANG ] /var/www/html/Golden/thinkphp/lang/zh-cn.php
[ info ] [ ROUTE ] array (
  'type' => 'module',
  'module' => 
  array (
    0 => 'public',
    1 => 'uploads',
    2 => 'attach',
  ),
)
[ info ] [ HEADER ] array (
  'accept-encoding' => 'gzip, deflate',
  'referer' => 'https://servicewechat.com/wx642cedfc29870acb/devtools/page-frame.html',
  'accept' => 'image/webp,image/apng,image/*,*/*;q=0.8',
  'user-agent' => 'Mozilla/5.0 (iPhone; CPU iPhone OS 9_1 like Mac OS X) AppleWebKit/601.1.46 (KHTML, like Gecko) Version/9.0 Mobile/13B143 Safari/601.1 wechatdevtools/1.02.1907081 MicroMessenger/7.0.4 Language/zh_CN webview/1 miniprogram port/49620 token/3ce1a2cc99b6ccaf474e8b77b51f0e87',
  'sec-fetch-site' => 'cross-site',
  'sec-fetch-user' => '?F',
  'sec-fetch-dest' => 'image',
  'connection' => 'keep-alive',
  'host' => 'dfwang.com',
  'content-type' => '',
  'content-length' => '',
)
[ info ] [ PARAM ] array (
  0 => '03',
  1 => '5c9df1b8f0a7a.png',
)
[ info ] [ LOG ] INIT File
---------------------------------------------------------------
[ 2019-07-15T11:51:09+08:00 ] 10.0.2.2 GET dfwang.com/public/uploads/attach/2019/03/29/5c9df170010cb.png
[运行时间：0.004577s] [吞吐率：218.49req/s] [内存消耗：218.64kb] [文件加载：40]
[ info ] [ LANG ] /var/www/html/Golden/thinkphp/lang/zh-cn.php
[ info ] [ ROUTE ] array (
  'type' => 'module',
  'module' => 
  array (
    0 => 'public',
    1 => 'uploads',
    2 => 'attach',
  ),
)
[ info ] [ HEADER ] array (
  'accept-encoding' => 'gzip, deflate',
  'referer' => 'https://servicewechat.com/wx642cedfc29870acb/devtools/page-frame.html',
  'accept' => 'image/webp,image/apng,image/*,*/*;q=0.8',
  'user-agent' => 'Mozilla/5.0 (iPhone; CPU iPhone OS 9_1 like Mac OS X) AppleWebKit/601.1.46 (KHTML, like Gecko) Version/9.0 Mobile/13B143 Safari/601.1 wechatdevtools/1.02.1907081 MicroMessenger/7.0.4 Language/zh_CN webview/1 miniprogram port/49620 token/3ce1a2cc99b6ccaf474e8b77b51f0e87',
  'sec-fetch-site' => 'cross-site',
  'sec-fetch-user' => '?F',
  'sec-fetch-dest' => 'image',
  'connection' => 'keep-alive',
  'host' => 'dfwang.com',
  'content-type' => '',
  'content-length' => '',
)
[ info ] [ PARAM ] array (
  0 => '03',
  1 => '5c9df170010cb.png',
)
[ info ] [ LOG ] INIT File
---------------------------------------------------------------
[ 2019-07-15T11:51:09+08:00 ] 10.0.2.2 GET dfwang.com/public/uploads/attach/2019/03/29/5c9df11e13742.png
[运行时间：0.004808s] [吞吐率：207.99req/s] [内存消耗：218.64kb] [文件加载：40]
[ info ] [ LANG ] /var/www/html/Golden/thinkphp/lang/zh-cn.php
[ info ] [ ROUTE ] array (
  'type' => 'module',
  'module' => 
  array (
    0 => 'public',
    1 => 'uploads',
    2 => 'attach',
  ),
)
[ info ] [ HEADER ] array (
  'accept-encoding' => 'gzip, deflate',
  'referer' => 'https://servicewechat.com/wx642cedfc29870acb/devtools/page-frame.html',
  'accept' => 'image/webp,image/apng,image/*,*/*;q=0.8',
  'user-agent' => 'Mozilla/5.0 (iPhone; CPU iPhone OS 9_1 like Mac OS X) AppleWebKit/601.1.46 (KHTML, like Gecko) Version/9.0 Mobile/13B143 Safari/601.1 wechatdevtools/1.02.1907081 MicroMessenger/7.0.4 Language/zh_CN webview/1 miniprogram port/49620 token/3ce1a2cc99b6ccaf474e8b77b51f0e87',
  'sec-fetch-site' => 'cross-site',
  'sec-fetch-user' => '?F',
  'sec-fetch-dest' => 'image',
  'connection' => 'keep-alive',
  'host' => 'dfwang.com',
  'content-type' => '',
  'content-length' => '',
)
[ info ] [ PARAM ] array (
  0 => '03',
  1 => '5c9df11e13742.png',
)
[ info ] [ LOG ] INIT File
---------------------------------------------------------------
[ 2019-07-15T11:51:09+08:00 ] 10.0.2.2 GET dfwang.com/public/uploads/attach/2019/03/29/5c9def5fa968c.png
[运行时间：0.005611s] [吞吐率：178.22req/s] [内存消耗：218.64kb] [文件加载：40]
[ info ] [ LANG ] /var/www/html/Golden/thinkphp/lang/zh-cn.php
[ info ] [ ROUTE ] array (
  'type' => 'module',
  'module' => 
  array (
    0 => 'public',
    1 => 'uploads',
    2 => 'attach',
  ),
)
[ info ] [ HEADER ] array (
  'accept-encoding' => 'gzip, deflate',
  'referer' => 'https://servicewechat.com/wx642cedfc29870acb/devtools/page-frame.html',
  'accept' => 'image/webp,image/apng,image/*,*/*;q=0.8',
  'user-agent' => 'Mozilla/5.0 (iPhone; CPU iPhone OS 9_1 like Mac OS X) AppleWebKit/601.1.46 (KHTML, like Gecko) Version/9.0 Mobile/13B143 Safari/601.1 wechatdevtools/1.02.1907081 MicroMessenger/7.0.4 Language/zh_CN webview/1 miniprogram port/49620 token/3ce1a2cc99b6ccaf474e8b77b51f0e87',
  'sec-fetch-site' => 'cross-site',
  'sec-fetch-user' => '?F',
  'sec-fetch-dest' => 'image',
  'connection' => 'keep-alive',
  'host' => 'dfwang.com',
  'content-type' => '',
  'content-length' => '',
)
[ info ] [ PARAM ] array (
  0 => '03',
  1 => '5c9def5fa968c.png',
)
[ info ] [ LOG ] INIT File
---------------------------------------------------------------
[ 2019-07-15T11:51:09+08:00 ] 10.0.2.2 GET dfwang.com/public/uploads/attach/2019/03/29/5c9def00c2882.png
[运行时间：0.004044s] [吞吐率：247.28req/s] [内存消耗：218.64kb] [文件加载：40]
[ info ] [ LANG ] /var/www/html/Golden/thinkphp/lang/zh-cn.php
[ info ] [ ROUTE ] array (
  'type' => 'module',
  'module' => 
  array (
    0 => 'public',
    1 => 'uploads',
    2 => 'attach',
  ),
)
[ info ] [ HEADER ] array (
  'accept-encoding' => 'gzip, deflate',
  'referer' => 'https://servicewechat.com/wx642cedfc29870acb/devtools/page-frame.html',
  'accept' => 'image/webp,image/apng,image/*,*/*;q=0.8',
  'user-agent' => 'Mozilla/5.0 (iPhone; CPU iPhone OS 9_1 like Mac OS X) AppleWebKit/601.1.46 (KHTML, like Gecko) Version/9.0 Mobile/13B143 Safari/601.1 wechatdevtools/1.02.1907081 MicroMessenger/7.0.4 Language/zh_CN webview/1 miniprogram port/49620 token/3ce1a2cc99b6ccaf474e8b77b51f0e87',
  'sec-fetch-site' => 'cross-site',
  'sec-fetch-user' => '?F',
  'sec-fetch-dest' => 'image',
  'connection' => 'keep-alive',
  'host' => 'dfwang.com',
  'content-type' => '',
  'content-length' => '',
)
[ info ] [ PARAM ] array (
  0 => '03',
  1 => '5c9def00c2882.png',
)
[ info ] [ LOG ] INIT File
---------------------------------------------------------------
[ 2019-07-15T11:51:09+08:00 ] 10.0.2.2 GET dfwang.com/public/uploads/attach/2019/01/15/5c3dbc6a38fab.jpg
[运行时间：0.007338s] [吞吐率：136.28req/s] [内存消耗：218.64kb] [文件加载：40]
[ info ] [ LANG ] /var/www/html/Golden/thinkphp/lang/zh-cn.php
[ info ] [ ROUTE ] array (
  'type' => 'module',
  'module' => 
  array (
    0 => 'public',
    1 => 'uploads',
    2 => 'attach',
  ),
)
[ info ] [ HEADER ] array (
  'accept-encoding' => 'gzip, deflate',
  'referer' => 'https://servicewechat.com/wx642cedfc29870acb/devtools/page-frame.html',
  'accept' => 'image/webp,image/apng,image/*,*/*;q=0.8',
  'user-agent' => 'Mozilla/5.0 (iPhone; CPU iPhone OS 9_1 like Mac OS X) AppleWebKit/601.1.46 (KHTML, like Gecko) Version/9.0 Mobile/13B143 Safari/601.1 wechatdevtools/1.02.1907081 MicroMessenger/7.0.4 Language/zh_CN webview/1 miniprogram port/49620 token/3ce1a2cc99b6ccaf474e8b77b51f0e87',
  'sec-fetch-site' => 'cross-site',
  'sec-fetch-user' => '?F',
  'sec-fetch-dest' => 'image',
  'connection' => 'keep-alive',
  'host' => 'dfwang.com',
  'content-type' => '',
  'content-length' => '',
)
[ info ] [ PARAM ] array (
  0 => '01',
  1 => '5c3dbc6a38fab.jpg',
)
[ info ] [ LOG ] INIT File
---------------------------------------------------------------
[ 2019-07-15T11:51:09+08:00 ] 10.0.2.2 GET dfwang.com/public/uploads/attach/2019/03/29/5c9def5fa968c.png
[运行时间：0.006143s] [吞吐率：162.78req/s] [内存消耗：218.64kb] [文件加载：40]
[ info ] [ LANG ] /var/www/html/Golden/thinkphp/lang/zh-cn.php
[ info ] [ ROUTE ] array (
  'type' => 'module',
  'module' => 
  array (
    0 => 'public',
    1 => 'uploads',
    2 => 'attach',
  ),
)
[ info ] [ HEADER ] array (
  'accept-encoding' => 'gzip, deflate',
  'referer' => 'https://servicewechat.com/wx642cedfc29870acb/devtools/page-frame.html',
  'accept' => 'image/webp,image/apng,image/*,*/*;q=0.8',
  'user-agent' => 'Mozilla/5.0 (iPhone; CPU iPhone OS 9_1 like Mac OS X) AppleWebKit/601.1.46 (KHTML, like Gecko) Version/9.0 Mobile/13B143 Safari/601.1 wechatdevtools/1.02.1907081 MicroMessenger/7.0.4 Language/zh_CN webview/1 miniprogram port/49620 token/3ce1a2cc99b6ccaf474e8b77b51f0e87',
  'sec-fetch-site' => 'cross-site',
  'sec-fetch-user' => '?F',
  'sec-fetch-dest' => 'image',
  'connection' => 'keep-alive',
  'host' => 'dfwang.com',
  'content-type' => '',
  'content-length' => '',
)
[ info ] [ PARAM ] array (
  0 => '03',
  1 => '5c9def5fa968c.png',
)
[ info ] [ LOG ] INIT File
---------------------------------------------------------------
[ 2019-07-15T11:51:09+08:00 ] 10.0.2.2 GET dfwang.com/public/uploads/attach/2019/03/29/5c9df170010cb.png
[运行时间：0.005213s] [吞吐率：191.83req/s] [内存消耗：218.64kb] [文件加载：40]
[ info ] [ LANG ] /var/www/html/Golden/thinkphp/lang/zh-cn.php
[ info ] [ ROUTE ] array (
  'type' => 'module',
  'module' => 
  array (
    0 => 'public',
    1 => 'uploads',
    2 => 'attach',
  ),
)
[ info ] [ HEADER ] array (
  'accept-encoding' => 'gzip, deflate',
  'referer' => 'https://servicewechat.com/wx642cedfc29870acb/devtools/page-frame.html',
  'accept' => 'image/webp,image/apng,image/*,*/*;q=0.8',
  'user-agent' => 'Mozilla/5.0 (iPhone; CPU iPhone OS 9_1 like Mac OS X) AppleWebKit/601.1.46 (KHTML, like Gecko) Version/9.0 Mobile/13B143 Safari/601.1 wechatdevtools/1.02.1907081 MicroMessenger/7.0.4 Language/zh_CN webview/1 miniprogram port/49620 token/3ce1a2cc99b6ccaf474e8b77b51f0e87',
  'sec-fetch-site' => 'cross-site',
  'sec-fetch-user' => '?F',
  'sec-fetch-dest' => 'image',
  'connection' => 'keep-alive',
  'host' => 'dfwang.com',
  'content-type' => '',
  'content-length' => '',
)
[ info ] [ PARAM ] array (
  0 => '03',
  1 => '5c9df170010cb.png',
)
[ info ] [ LOG ] INIT File
---------------------------------------------------------------
[ 2019-07-15T11:51:09+08:00 ] 10.0.2.2 GET dfwang.com/public/uploads/attach/2019/01/15/5c3dba1366885.jpg
[运行时间：0.003777s] [吞吐率：264.76req/s] [内存消耗：218.64kb] [文件加载：40]
[ info ] [ LANG ] /var/www/html/Golden/thinkphp/lang/zh-cn.php
[ info ] [ ROUTE ] array (
  'type' => 'module',
  'module' => 
  array (
    0 => 'public',
    1 => 'uploads',
    2 => 'attach',
  ),
)
[ info ] [ HEADER ] array (
  'accept-encoding' => 'gzip, deflate',
  'referer' => 'https://servicewechat.com/wx642cedfc29870acb/devtools/page-frame.html',
  'accept' => 'image/webp,image/apng,image/*,*/*;q=0.8',
  'user-agent' => 'Mozilla/5.0 (iPhone; CPU iPhone OS 9_1 like Mac OS X) AppleWebKit/601.1.46 (KHTML, like Gecko) Version/9.0 Mobile/13B143 Safari/601.1 wechatdevtools/1.02.1907081 MicroMessenger/7.0.4 Language/zh_CN webview/1 miniprogram port/49620 token/3ce1a2cc99b6ccaf474e8b77b51f0e87',
  'sec-fetch-site' => 'cross-site',
  'sec-fetch-user' => '?F',
  'sec-fetch-dest' => 'image',
  'connection' => 'keep-alive',
  'host' => 'dfwang.com',
  'content-type' => '',
  'content-length' => '',
)
[ info ] [ PARAM ] array (
  0 => '01',
  1 => '5c3dba1366885.jpg',
)
[ info ] [ LOG ] INIT File
---------------------------------------------------------------
[ 2019-07-15T11:51:09+08:00 ] 10.0.2.2 GET dfwang.com/public/uploads/attach/2019/03/29/5c9df11e13742.png
[运行时间：0.004462s] [吞吐率：224.11req/s] [内存消耗：218.64kb] [文件加载：40]
[ info ] [ LANG ] /var/www/html/Golden/thinkphp/lang/zh-cn.php
[ info ] [ ROUTE ] array (
  'type' => 'module',
  'module' => 
  array (
    0 => 'public',
    1 => 'uploads',
    2 => 'attach',
  ),
)
[ info ] [ HEADER ] array (
  'accept-encoding' => 'gzip, deflate',
  'referer' => 'https://servicewechat.com/wx642cedfc29870acb/devtools/page-frame.html',
  'accept' => 'image/webp,image/apng,image/*,*/*;q=0.8',
  'user-agent' => 'Mozilla/5.0 (iPhone; CPU iPhone OS 9_1 like Mac OS X) AppleWebKit/601.1.46 (KHTML, like Gecko) Version/9.0 Mobile/13B143 Safari/601.1 wechatdevtools/1.02.1907081 MicroMessenger/7.0.4 Language/zh_CN webview/1 miniprogram port/49620 token/3ce1a2cc99b6ccaf474e8b77b51f0e87',
  'sec-fetch-site' => 'cross-site',
  'sec-fetch-user' => '?F',
  'sec-fetch-dest' => 'image',
  'connection' => 'keep-alive',
  'host' => 'dfwang.com',
  'content-type' => '',
  'content-length' => '',
)
[ info ] [ PARAM ] array (
  0 => '03',
  1 => '5c9df11e13742.png',
)
[ info ] [ LOG ] INIT File
---------------------------------------------------------------
[ 2019-07-15T11:51:09+08:00 ] 10.0.2.2 GET dfwang.com/public/uploads/attach/2019/03/29/5c9de8b7c5cc5.png
[运行时间：0.002872s] [吞吐率：348.19req/s] [内存消耗：218.64kb] [文件加载：40]
[ info ] [ LANG ] /var/www/html/Golden/thinkphp/lang/zh-cn.php
[ info ] [ ROUTE ] array (
  'type' => 'module',
  'module' => 
  array (
    0 => 'public',
    1 => 'uploads',
    2 => 'attach',
  ),
)
[ info ] [ HEADER ] array (
  'accept-encoding' => 'gzip, deflate',
  'referer' => 'https://servicewechat.com/wx642cedfc29870acb/devtools/page-frame.html',
  'accept' => 'image/webp,image/apng,image/*,*/*;q=0.8',
  'user-agent' => 'Mozilla/5.0 (iPhone; CPU iPhone OS 9_1 like Mac OS X) AppleWebKit/601.1.46 (KHTML, like Gecko) Version/9.0 Mobile/13B143 Safari/601.1 wechatdevtools/1.02.1907081 MicroMessenger/7.0.4 Language/zh_CN webview/1 miniprogram port/49620 token/3ce1a2cc99b6ccaf474e8b77b51f0e87',
  'sec-fetch-site' => 'cross-site',
  'sec-fetch-user' => '?F',
  'sec-fetch-dest' => 'image',
  'connection' => 'keep-alive',
  'host' => 'dfwang.com',
  'content-type' => '',
  'content-length' => '',
)
[ info ] [ PARAM ] array (
  0 => '03',
  1 => '5c9de8b7c5cc5.png',
)
[ info ] [ LOG ] INIT File
---------------------------------------------------------------
[ 2019-07-15T11:51:09+08:00 ] 10.0.2.2 GET dfwang.com/public/uploads/attach/2019/03/29/5c9df1b8f0a7a.png
[运行时间：0.002030s] [吞吐率：492.58req/s] [内存消耗：218.64kb] [文件加载：40]
[ info ] [ LANG ] /var/www/html/Golden/thinkphp/lang/zh-cn.php
[ info ] [ ROUTE ] array (
  'type' => 'module',
  'module' => 
  array (
    0 => 'public',
    1 => 'uploads',
    2 => 'attach',
  ),
)
[ info ] [ HEADER ] array (
  'accept-encoding' => 'gzip, deflate',
  'referer' => 'https://servicewechat.com/wx642cedfc29870acb/devtools/page-frame.html',
  'accept' => 'image/webp,image/apng,image/*,*/*;q=0.8',
  'user-agent' => 'Mozilla/5.0 (iPhone; CPU iPhone OS 9_1 like Mac OS X) AppleWebKit/601.1.46 (KHTML, like Gecko) Version/9.0 Mobile/13B143 Safari/601.1 wechatdevtools/1.02.1907081 MicroMessenger/7.0.4 Language/zh_CN webview/1 miniprogram port/49620 token/3ce1a2cc99b6ccaf474e8b77b51f0e87',
  'sec-fetch-site' => 'cross-site',
  'sec-fetch-user' => '?F',
  'sec-fetch-dest' => 'image',
  'connection' => 'keep-alive',
  'host' => 'dfwang.com',
  'content-type' => '',
  'content-length' => '',
)
[ info ] [ PARAM ] array (
  0 => '03',
  1 => '5c9df1b8f0a7a.png',
)
[ info ] [ LOG ] INIT File
---------------------------------------------------------------
[ 2019-07-15T11:51:09+08:00 ] 10.0.2.2 GET dfwang.com/public/uploads/attach/2019/01/15/5c3dc0ef27068.jpg
[运行时间：0.004132s] [吞吐率：242.01req/s] [内存消耗：218.64kb] [文件加载：40]
[ info ] [ LANG ] /var/www/html/Golden/thinkphp/lang/zh-cn.php
[ info ] [ ROUTE ] array (
  'type' => 'module',
  'module' => 
  array (
    0 => 'public',
    1 => 'uploads',
    2 => 'attach',
  ),
)
[ info ] [ HEADER ] array (
  'accept-encoding' => 'gzip, deflate',
  'referer' => 'https://servicewechat.com/wx642cedfc29870acb/devtools/page-frame.html',
  'accept' => 'image/webp,image/apng,image/*,*/*;q=0.8',
  'user-agent' => 'Mozilla/5.0 (iPhone; CPU iPhone OS 9_1 like Mac OS X) AppleWebKit/601.1.46 (KHTML, like Gecko) Version/9.0 Mobile/13B143 Safari/601.1 wechatdevtools/1.02.1907081 MicroMessenger/7.0.4 Language/zh_CN webview/1 miniprogram port/49620 token/3ce1a2cc99b6ccaf474e8b77b51f0e87',
  'sec-fetch-site' => 'cross-site',
  'sec-fetch-user' => '?F',
  'sec-fetch-dest' => 'image',
  'connection' => 'keep-alive',
  'host' => 'dfwang.com',
  'content-type' => '',
  'content-length' => '',
)
[ info ] [ PARAM ] array (
  0 => '01',
  1 => '5c3dc0ef27068.jpg',
)
[ info ] [ LOG ] INIT File
---------------------------------------------------------------
[ 2019-07-15T11:51:09+08:00 ] 10.0.2.2 GET dfwang.com/public/uploads/attach/2019/03/29/5c9def00c2882.png
[运行时间：0.004508s] [吞吐率：221.83req/s] [内存消耗：218.64kb] [文件加载：40]
[ info ] [ LANG ] /var/www/html/Golden/thinkphp/lang/zh-cn.php
[ info ] [ ROUTE ] array (
  'type' => 'module',
  'module' => 
  array (
    0 => 'public',
    1 => 'uploads',
    2 => 'attach',
  ),
)
[ info ] [ HEADER ] array (
  'accept-encoding' => 'gzip, deflate',
  'referer' => 'https://servicewechat.com/wx642cedfc29870acb/devtools/page-frame.html',
  'accept' => 'image/webp,image/apng,image/*,*/*;q=0.8',
  'user-agent' => 'Mozilla/5.0 (iPhone; CPU iPhone OS 9_1 like Mac OS X) AppleWebKit/601.1.46 (KHTML, like Gecko) Version/9.0 Mobile/13B143 Safari/601.1 wechatdevtools/1.02.1907081 MicroMessenger/7.0.4 Language/zh_CN webview/1 miniprogram port/49620 token/3ce1a2cc99b6ccaf474e8b77b51f0e87',
  'sec-fetch-site' => 'cross-site',
  'sec-fetch-user' => '?F',
  'sec-fetch-dest' => 'image',
  'connection' => 'keep-alive',
  'host' => 'dfwang.com',
  'content-type' => '',
  'content-length' => '',
)
[ info ] [ PARAM ] array (
  0 => '03',
  1 => '5c9def00c2882.png',
)
[ info ] [ LOG ] INIT File
---------------------------------------------------------------
[ 2019-07-15T11:51:11+08:00 ] 10.0.2.2 GET dfwang.com/ebapi/public_api/get_logo_url.html
[运行时间：0.007709s] [吞吐率：129.72req/s] [内存消耗：539.54kb] [文件加载：65]
[ info ] [ LANG ] /var/www/html/Golden/thinkphp/lang/zh-cn.php
[ info ] [ ROUTE ] array (
  'type' => 'module',
  'module' => 
  array (
    0 => 'ebapi',
    1 => 'public_api',
    2 => 'get_logo_url',
  ),
)
[ info ] [ HEADER ] array (
  'accept-encoding' => 'gzip, deflate',
  'referer' => 'https://servicewechat.com/wx642cedfc29870acb/devtools/page-frame.html',
  'accept' => '*/*',
  'content-type' => 'application/json',
  'token' => '',
  'user-agent' => 'Mozilla/5.0 (iPhone; CPU iPhone OS 9_1 like Mac OS X) AppleWebKit/601.1.46 (KHTML, like Gecko) Version/9.0 Mobile/13B143 Safari/601.1 wechatdevtools/1.02.1907081 MicroMessenger/7.0.4 Language/zh_CN webview/',
  'sec-fetch-site' => 'cross-site',
  'sec-fetch-user' => '?F',
  'sec-fetch-dest' => 'empty',
  'cache-control' => 'no-cache',
  'pragma' => 'no-cache',
  'connection' => 'keep-alive',
  'host' => 'dfwang.com',
  'content-length' => '',
)
[ info ] [ PARAM ] array (
)
[ info ] [ CACHE ] INIT File
[ info ] [ DB ] INIT mysql
[ info ] [ RUN ] app\ebapi\controller\PublicApi->get_logo_url[ /var/www/html/Golden/application/ebapi/controller/PublicApi.php ]
[ info ] [ LOG ] INIT File
---------------------------------------------------------------
[ 2019-07-15T11:51:11+08:00 ] 10.0.2.2 GET dfwang.com/
[运行时间：0.009320s] [吞吐率：107.30req/s] [内存消耗：337.81kb] [文件加载：55]
[ info ] [ LANG ] /var/www/html/Golden/thinkphp/lang/zh-cn.php
[ info ] [ ROUTE ] array (
  'type' => 'module',
  'module' => 
  array (
    0 => '',
    1 => NULL,
    2 => NULL,
  ),
)
[ info ] [ HEADER ] array (
  'accept-encoding' => 'gzip, deflate',
  'referer' => 'https://servicewechat.com/wx642cedfc29870acb/devtools/page-frame.html',
  'accept' => 'image/webp,image/apng,image/*,*/*;q=0.8',
  'user-agent' => 'Mozilla/5.0 (iPhone; CPU iPhone OS 9_1 like Mac OS X) AppleWebKit/601.1.46 (KHTML, like Gecko) Version/9.0 Mobile/13B143 Safari/601.1 wechatdevtools/1.02.1907081 MicroMessenger/7.0.4 Language/zh_CN webview/2 miniprogram port/49620 token/3ce1a2cc99b6ccaf474e8b77b51f0e87',
  'sec-fetch-site' => 'cross-site',
  'sec-fetch-user' => '?F',
  'sec-fetch-dest' => 'image',
  'connection' => 'keep-alive',
  'host' => 'dfwang.com',
  'content-type' => '',
  'content-length' => '',
)
[ info ] [ PARAM ] array (
)
[ info ] [ SESSION ] INIT array (
  'prefix' => 'admin',
  'type' => '',
  'auto_start' => true,
)
[ info ] [ LOG ] INIT File
---------------------------------------------------------------
[ 2019-07-15T11:51:11+08:00 ] 10.0.2.2 GET dfwang.com/admin/login/index.html
[运行时间：0.000987s] [吞吐率：1,013.12req/s] [内存消耗：233.52kb] [文件加载：49]
[ info ] [ LANG ] /var/www/html/Golden/thinkphp/lang/zh-cn.php
[ info ] [ ROUTE ] array (
  'type' => 'module',
  'module' => 
  array (
    0 => 'admin',
    1 => 'login',
    2 => 'index',
  ),
)
[ info ] [ HEADER ] array (
  'accept-language' => 'zh-CN,zh;q=0.9',
  'accept-encoding' => 'gzip, deflate',
  'referer' => 'https://servicewechat.com/wx642cedfc29870acb/devtools/page-frame.html',
  'accept' => 'image/webp,image/apng,image/*,*/*;q=0.8',
  'user-agent' => 'Mozilla/5.0 (iPhone; CPU iPhone OS 9_1 like Mac OS X) AppleWebKit/601.1.46 (KHTML, like Gecko) Version/9.0 Mobile/13B143 Safari/601.1 wechatdevtools/1.02.1907081 MicroMessenger/7.0.4 Language/zh_CN webview/2 miniprogram port/49620 token/3ce1a2cc99b6ccaf474e8b77b51f0e87',
  'sec-fetch-site' => 'cross-site',
  'sec-fetch-user' => '?F',
  'sec-fetch-dest' => 'image',
  'connection' => 'keep-alive',
  'host' => 'dfwang.com',
  'content-type' => '',
  'content-length' => '',
)
[ info ] [ PARAM ] array (
)
[ info ] [ RUN ] app\admin\controller\Login->index[ /var/www/html/Golden/application/admin/controller/Login.php ]
[ info ] [ VIEW ] /var/www/html/Golden/application/admin/view/login/index.php [ array (
) ]
[ info ] [ LOG ] INIT File
---------------------------------------------------------------
[ 2019-07-15T11:51:13+08:00 ] 10.0.2.2 GET dfwang.com/ebapi/public_api/get_logo_url.html
[运行时间：0.005734s] [吞吐率：174.40req/s] [内存消耗：539.54kb] [文件加载：65]
[ info ] [ LANG ] /var/www/html/Golden/thinkphp/lang/zh-cn.php
[ info ] [ ROUTE ] array (
  'type' => 'module',
  'module' => 
  array (
    0 => 'ebapi',
    1 => 'public_api',
    2 => 'get_logo_url',
  ),
)
[ info ] [ HEADER ] array (
  'accept-encoding' => 'gzip, deflate',
  'referer' => 'https://servicewechat.com/wx642cedfc29870acb/devtools/page-frame.html',
  'accept' => '*/*',
  'content-type' => 'application/json',
  'token' => '',
  'user-agent' => 'Mozilla/5.0 (iPhone; CPU iPhone OS 9_1 like Mac OS X) AppleWebKit/601.1.46 (KHTML, like Gecko) Version/9.0 Mobile/13B143 Safari/601.1 wechatdevtools/1.02.1907081 MicroMessenger/7.0.4 Language/zh_CN webview/',
  'sec-fetch-site' => 'cross-site',
  'sec-fetch-user' => '?F',
  'sec-fetch-dest' => 'empty',
  'cache-control' => 'no-cache',
  'pragma' => 'no-cache',
  'connection' => 'keep-alive',
  'host' => 'dfwang.com',
  'content-length' => '',
)
[ info ] [ PARAM ] array (
)
[ info ] [ CACHE ] INIT File
[ info ] [ DB ] INIT mysql
[ info ] [ RUN ] app\ebapi\controller\PublicApi->get_logo_url[ /var/www/html/Golden/application/ebapi/controller/PublicApi.php ]
[ info ] [ LOG ] INIT File
---------------------------------------------------------------
[ 2019-07-15T11:51:13+08:00 ] 10.0.2.2 POST dfwang.com/ebapi/Login/setCode.html
[运行时间：1.312489s] [吞吐率：0.76req/s] [内存消耗：1,157.87kb] [文件加载：146]
[ info ] [ LANG ] /var/www/html/Golden/thinkphp/lang/zh-cn.php
[ info ] [ ROUTE ] array (
  'type' => 'module',
  'module' => 
  array (
    0 => 'ebapi',
    1 => 'Login',
    2 => 'setCode',
  ),
)
[ info ] [ HEADER ] array (
  'accept-encoding' => 'gzip, deflate',
  'referer' => 'https://servicewechat.com/wx642cedfc29870acb/devtools/page-frame.html',
  'accept' => '*/*',
  'token' => '',
  'sec-fetch-site' => 'cross-site',
  'sec-fetch-user' => '?F',
  'sec-fetch-dest' => 'empty',
  'content-type' => 'application/json',
  'user-agent' => 'Mozilla/5.0 (iPhone; CPU iPhone OS 9_1 like Mac OS X) AppleWebKit/601.1.46 (KHTML, like Gecko) Version/9.0 Mobile/13B143 Safari/601.1 wechatdevtools/1.02.1907081 MicroMessenger/7.0.4 Language/zh_CN webview/',
  'origin' => 'http://127.0.0.1:15464',
  'cache-control' => 'no-cache',
  'pragma' => 'no-cache',
  'content-length' => '43',
  'connection' => 'keep-alive',
  'host' => 'dfwang.com',
)
[ info ] [ PARAM ] array (
  'code' => '0013nidG1eCKO70aOPcG1hhwdG13nidh',
)
[ info ] [ RUN ] app\ebapi\controller\Login->setCode[ /var/www/html/Golden/application/ebapi/controller/Login.php ]
[ info ] [ DB ] INIT mysql
[ info ] [ LOG ] INIT File
---------------------------------------------------------------
[ 2019-07-15T11:51:13+08:00 ] 10.0.2.2 GET dfwang.com/
[运行时间：0.002565s] [吞吐率：389.88req/s] [内存消耗：337.98kb] [文件加载：55]
[ info ] [ LANG ] /var/www/html/Golden/thinkphp/lang/zh-cn.php
[ info ] [ ROUTE ] array (
  'type' => 'module',
  'module' => 
  array (
    0 => '',
    1 => NULL,
    2 => NULL,
  ),
)
[ info ] [ HEADER ] array (
  'accept-language' => 'zh-CN,zh;q=0.9',
  'accept-encoding' => 'gzip, deflate',
  'referer' => 'https://servicewechat.com/wx642cedfc29870acb/devtools/page-frame.html',
  'accept' => 'image/webp,image/apng,image/*,*/*;q=0.8',
  'user-agent' => 'Mozilla/5.0 (iPhone; CPU iPhone OS 9_1 like Mac OS X) AppleWebKit/601.1.46 (KHTML, like Gecko) Version/9.0 Mobile/13B143 Safari/601.1 wechatdevtools/1.02.1907081 MicroMessenger/7.0.4 Language/zh_CN webview/3 miniprogram port/49620 token/3ce1a2cc99b6ccaf474e8b77b51f0e87',
  'sec-fetch-site' => 'cross-site',
  'sec-fetch-user' => '?F',
  'sec-fetch-dest' => 'image',
  'connection' => 'keep-alive',
  'host' => 'dfwang.com',
  'content-type' => '',
  'content-length' => '',
)
[ info ] [ PARAM ] array (
)
[ info ] [ SESSION ] INIT array (
  'prefix' => 'admin',
  'type' => '',
  'auto_start' => true,
)
[ info ] [ LOG ] INIT File
---------------------------------------------------------------
[ 2019-07-15T11:51:14+08:00 ] 10.0.2.2 GET dfwang.com/admin/login/index.html
[运行时间：0.001879s] [吞吐率：532.20req/s] [内存消耗：233.52kb] [文件加载：49]
[ info ] [ LANG ] /var/www/html/Golden/thinkphp/lang/zh-cn.php
[ info ] [ ROUTE ] array (
  'type' => 'module',
  'module' => 
  array (
    0 => 'admin',
    1 => 'login',
    2 => 'index',
  ),
)
[ info ] [ HEADER ] array (
  'accept-language' => 'zh-CN,zh;q=0.9',
  'accept-encoding' => 'gzip, deflate',
  'referer' => 'https://servicewechat.com/wx642cedfc29870acb/devtools/page-frame.html',
  'accept' => 'image/webp,image/apng,image/*,*/*;q=0.8',
  'user-agent' => 'Mozilla/5.0 (iPhone; CPU iPhone OS 9_1 like Mac OS X) AppleWebKit/601.1.46 (KHTML, like Gecko) Version/9.0 Mobile/13B143 Safari/601.1 wechatdevtools/1.02.1907081 MicroMessenger/7.0.4 Language/zh_CN webview/3 miniprogram port/49620 token/3ce1a2cc99b6ccaf474e8b77b51f0e87',
  'sec-fetch-site' => 'cross-site',
  'sec-fetch-user' => '?F',
  'sec-fetch-dest' => 'image',
  'connection' => 'keep-alive',
  'host' => 'dfwang.com',
  'content-type' => '',
  'content-length' => '',
)
[ info ] [ PARAM ] array (
)
[ info ] [ RUN ] app\admin\controller\Login->index[ /var/www/html/Golden/application/admin/controller/Login.php ]
[ info ] [ VIEW ] /var/www/html/Golden/application/admin/view/login/index.php [ array (
) ]
[ info ] [ LOG ] INIT File
---------------------------------------------------------------
[ 2019-07-15T11:51:15+08:00 ] 10.0.2.2 POST dfwang.com/ebapi/Login/setCode.html
[运行时间：0.195137s] [吞吐率：5.12req/s] [内存消耗：947.59kb] [文件加载：146]
[ info ] [ LANG ] /var/www/html/Golden/thinkphp/lang/zh-cn.php
[ info ] [ ROUTE ] array (
  'type' => 'module',
  'module' => 
  array (
    0 => 'ebapi',
    1 => 'Login',
    2 => 'setCode',
  ),
)
[ info ] [ HEADER ] array (
  'accept-encoding' => 'gzip, deflate',
  'referer' => 'https://servicewechat.com/wx642cedfc29870acb/devtools/page-frame.html',
  'accept' => '*/*',
  'token' => '',
  'sec-fetch-site' => 'cross-site',
  'sec-fetch-user' => '?F',
  'sec-fetch-dest' => 'empty',
  'content-type' => 'application/json',
  'user-agent' => 'Mozilla/5.0 (iPhone; CPU iPhone OS 9_1 like Mac OS X) AppleWebKit/601.1.46 (KHTML, like Gecko) Version/9.0 Mobile/13B143 Safari/601.1 wechatdevtools/1.02.1907081 MicroMessenger/7.0.4 Language/zh_CN webview/',
  'origin' => 'http://127.0.0.1:15464',
  'cache-control' => 'no-cache',
  'pragma' => 'no-cache',
  'content-length' => '43',
  'connection' => 'keep-alive',
  'host' => 'dfwang.com',
)
[ info ] [ PARAM ] array (
  'code' => '0615KlAH0esCYf29IfAH01DfAH05KlAb',
)
[ info ] [ RUN ] app\ebapi\controller\Login->setCode[ /var/www/html/Golden/application/ebapi/controller/Login.php ]
[ info ] [ DB ] INIT mysql
[ info ] [ LOG ] INIT File
---------------------------------------------------------------
[ 2019-07-15T11:52:09+08:00 ] 10.0.2.2 GET 192.168.10.1/admin/store.store_category/index.html
[运行时间：0.433551s] [吞吐率：2.31req/s] [内存消耗：715.94kb] [文件加载：69]
[ info ] [ LANG ] /var/www/html/Golden/thinkphp/lang/zh-cn.php
[ info ] [ ROUTE ] array (
  'type' => 'module',
  'module' => 
  array (
    0 => 'admin',
    1 => 'store.store_category',
    2 => 'index',
  ),
)
[ info ] [ HEADER ] array (
  'cookie' => 'PHPSESSID=k0iohm7udkpfhgbtek0911k8gg',
  'accept-language' => 'zh-CN,zh;q=0.9',
  'accept-encoding' => 'gzip, deflate',
  'referer' => 'http://192.168.10.1/admin/index/index.html',
  'accept' => 'text/html,application/xhtml+xml,application/xml;q=0.9,image/webp,image/apng,*/*;q=0.8,application/signed-exchange;v=b3',
  'user-agent' => 'Mozilla/5.0 (Windows NT 10.0; WOW64) AppleWebKit/537.36 (KHTML, like Gecko) Chrome/77.0.3833.0 Safari/537.36',
  'upgrade-insecure-requests' => '1',
  'connection' => 'keep-alive',
  'host' => '192.168.10.1',
  'content-type' => '',
  'content-length' => '',
)
[ info ] [ PARAM ] array (
)
[ info ] [ SESSION ] INIT array (
  'prefix' => 'admin',
  'type' => '',
  'auto_start' => true,
)
[ info ] [ DB ] INIT mysql
[ info ] [ BEHAVIOR ] Run behavior\system\SystemBehavior @admin_visit [ RunTime:0.393872s ]
[ info ] [ RUN ] app\admin\controller\store\StoreCategory->index[ /var/www/html/Golden/application/admin/controller/store/StoreCategory.php ]
[ info ] [ VIEW ] /var/www/html/Golden/application/admin/view/store/store_category/index.php [ array (
  0 => '_admin',
  1 => 'pid',
  2 => 'cate',
) ]
[ info ] [ LOG ] INIT File
---------------------------------------------------------------
[ 2019-07-15T11:52:09+08:00 ] 10.0.2.2 GET 192.168.10.1/admin/store.store_category/category_list/pid/0.html?page=1&limit=20
[运行时间：0.052603s] [吞吐率：19.01req/s] [内存消耗：724.93kb] [文件加载：68]
[ info ] [ LANG ] /var/www/html/Golden/thinkphp/lang/zh-cn.php
[ info ] [ ROUTE ] array (
  'type' => 'module',
  'module' => 
  array (
    0 => 'admin',
    1 => 'store.store_category',
    2 => 'category_list',
  ),
)
[ info ] [ HEADER ] array (
  'cookie' => 'PHPSESSID=k0iohm7udkpfhgbtek0911k8gg',
  'accept-language' => 'zh-CN,zh;q=0.9',
  'accept-encoding' => 'gzip, deflate',
  'referer' => 'http://192.168.10.1/admin/store.store_category/index.html',
  'user-agent' => 'Mozilla/5.0 (Windows NT 10.0; WOW64) AppleWebKit/537.36 (KHTML, like Gecko) Chrome/77.0.3833.0 Safari/537.36',
  'x-requested-with' => 'XMLHttpRequest',
  'accept' => 'application/json, text/javascript, */*; q=0.01',
  'connection' => 'keep-alive',
  'host' => '192.168.10.1',
  'content-type' => '',
  'content-length' => '',
)
[ info ] [ PARAM ] array (
  'page' => '1',
  'limit' => '20',
  'pid' => '0',
)
[ info ] [ SESSION ] INIT array (
  'prefix' => 'admin',
  'type' => '',
  'auto_start' => true,
)
[ info ] [ DB ] INIT mysql
[ info ] [ BEHAVIOR ] Run behavior\system\SystemBehavior @admin_visit [ RunTime:0.039062s ]
[ info ] [ RUN ] app\admin\controller\store\StoreCategory->category_list[ /var/www/html/Golden/application/admin/controller/store/StoreCategory.php ]
[ info ] [ LOG ] INIT File
---------------------------------------------------------------
[ 2019-07-15T11:52:09+08:00 ] 10.0.2.2 GET dfwang.com/public/uploads/attach/2019/01/15/5c3db8b933d92.jpg
[运行时间：0.002434s] [吞吐率：410.84req/s] [内存消耗：217.69kb] [文件加载：40]
[ info ] [ LANG ] /var/www/html/Golden/thinkphp/lang/zh-cn.php
[ info ] [ ROUTE ] array (
  'type' => 'module',
  'module' => 
  array (
    0 => 'public',
    1 => 'uploads',
    2 => 'attach',
  ),
)
[ info ] [ HEADER ] array (
  'accept-language' => 'zh-CN,zh;q=0.9',
  'accept-encoding' => 'gzip, deflate',
  'referer' => 'http://192.168.10.1/admin/store.store_category/index.html',
  'accept' => 'image/webp,image/apng,image/*,*/*;q=0.8',
  'user-agent' => 'Mozilla/5.0 (Windows NT 10.0; WOW64) AppleWebKit/537.36 (KHTML, like Gecko) Chrome/77.0.3833.0 Safari/537.36',
  'connection' => 'keep-alive',
  'host' => 'dfwang.com',
  'content-type' => '',
  'content-length' => '',
)
[ info ] [ PARAM ] array (
  0 => '01',
  1 => '5c3db8b933d92.jpg',
)
[ info ] [ LOG ] INIT File
---------------------------------------------------------------
[ 2019-07-15T11:52:13+08:00 ] 10.0.2.2 GET 192.168.10.1/admin/order.store_order/index.html
[运行时间：0.074091s] [吞吐率：13.50req/s] [内存消耗：710.92kb] [文件加载：69]
[ info ] [ LANG ] /var/www/html/Golden/thinkphp/lang/zh-cn.php
[ info ] [ ROUTE ] array (
  'type' => 'module',
  'module' => 
  array (
    0 => 'admin',
    1 => 'order.store_order',
    2 => 'index',
  ),
)
[ info ] [ HEADER ] array (
  'cookie' => 'PHPSESSID=k0iohm7udkpfhgbtek0911k8gg',
  'accept-language' => 'zh-CN,zh;q=0.9',
  'accept-encoding' => 'gzip, deflate',
  'referer' => 'http://192.168.10.1/admin/index/index.html',
  'accept' => 'text/html,application/xhtml+xml,application/xml;q=0.9,image/webp,image/apng,*/*;q=0.8,application/signed-exchange;v=b3',
  'user-agent' => 'Mozilla/5.0 (Windows NT 10.0; WOW64) AppleWebKit/537.36 (KHTML, like Gecko) Chrome/77.0.3833.0 Safari/537.36',
  'upgrade-insecure-requests' => '1',
  'connection' => 'keep-alive',
  'host' => '192.168.10.1',
  'content-type' => '',
  'content-length' => '',
)
[ info ] [ PARAM ] array (
)
[ info ] [ SESSION ] INIT array (
  'prefix' => 'admin',
  'type' => '',
  'auto_start' => true,
)
[ info ] [ DB ] INIT mysql
[ info ] [ BEHAVIOR ] Run behavior\system\SystemBehavior @admin_visit [ RunTime:0.019545s ]
[ info ] [ RUN ] app\admin\controller\order\StoreOrder->index[ /var/www/html/Golden/application/admin/controller/order/StoreOrder.php ]
[ info ] [ VIEW ] /var/www/html/Golden/application/admin/view/order/store_order/index.php [ array (
  0 => '_admin',
  1 => 'year',
  2 => 'real_name',
  3 => 'orderCount',
) ]
[ info ] [ LOG ] INIT File
---------------------------------------------------------------
[ 2019-07-15T11:52:13+08:00 ] 10.0.2.2 GET 192.168.10.1/admin/order.store_order/order_list.html?page=1&limit=20
[运行时间：0.149435s] [吞吐率：6.69req/s] [内存消耗：730.73kb] [文件加载：68]
[ info ] [ LANG ] /var/www/html/Golden/thinkphp/lang/zh-cn.php
[ info ] [ ROUTE ] array (
  'type' => 'module',
  'module' => 
  array (
    0 => 'admin',
    1 => 'order.store_order',
    2 => 'order_list',
  ),
)
[ info ] [ HEADER ] array (
  'cookie' => 'PHPSESSID=k0iohm7udkpfhgbtek0911k8gg',
  'accept-language' => 'zh-CN,zh;q=0.9',
  'accept-encoding' => 'gzip, deflate',
  'referer' => 'http://192.168.10.1/admin/order.store_order/index.html',
  'user-agent' => 'Mozilla/5.0 (Windows NT 10.0; WOW64) AppleWebKit/537.36 (KHTML, like Gecko) Chrome/77.0.3833.0 Safari/537.36',
  'x-requested-with' => 'XMLHttpRequest',
  'accept' => 'application/json, text/javascript, */*; q=0.01',
  'connection' => 'keep-alive',
  'host' => '192.168.10.1',
  'content-type' => '',
  'content-length' => '',
)
[ info ] [ PARAM ] array (
  'page' => '1',
  'limit' => '20',
)
[ info ] [ SESSION ] INIT array (
  'prefix' => 'admin',
  'type' => '',
  'auto_start' => true,
)
[ info ] [ DB ] INIT mysql
[ info ] [ BEHAVIOR ] Run behavior\system\SystemBehavior @admin_visit [ RunTime:0.130070s ]
[ info ] [ RUN ] app\admin\controller\order\StoreOrder->order_list[ /var/www/html/Golden/application/admin/controller/order/StoreOrder.php ]
[ info ] [ LOG ] INIT File
---------------------------------------------------------------
[ 2019-07-15T11:52:13+08:00 ] 10.0.2.2 POST 192.168.10.1/admin/order.store_order/getBadge
[运行时间：0.139908s] [吞吐率：7.15req/s] [内存消耗：730.73kb] [文件加载：67]
[ info ] [ LANG ] /var/www/html/Golden/thinkphp/lang/zh-cn.php
[ info ] [ ROUTE ] array (
  'type' => 'module',
  'module' => 
  array (
    0 => 'admin',
    1 => 'order.store_order',
    2 => 'getBadge',
  ),
)
[ info ] [ HEADER ] array (
  'cookie' => 'PHPSESSID=k0iohm7udkpfhgbtek0911k8gg',
  'accept-language' => 'zh-CN,zh;q=0.9',
  'accept-encoding' => 'gzip, deflate',
  'referer' => 'http://192.168.10.1/admin/order.store_order/index.html',
  'origin' => 'http://192.168.10.1',
  'content-type' => 'application/x-www-form-urlencoded',
  'user-agent' => 'Mozilla/5.0 (Windows NT 10.0; WOW64) AppleWebKit/537.36 (KHTML, like Gecko) Chrome/77.0.3833.0 Safari/537.36',
  'x-requested-with' => 'XMLHttpRequest',
  'accept' => 'application/json, text/javascript, */*; q=0.01',
  'content-length' => '38',
  'connection' => 'keep-alive',
  'host' => '192.168.10.1',
)
[ info ] [ PARAM ] array (
  'data' => '',
  'status' => '',
  'type' => '',
  'real_name' => '',
  'excel' => '0',
)
[ info ] [ SESSION ] INIT array (
  'prefix' => 'admin',
  'type' => '',
  'auto_start' => true,
)
[ info ] [ DB ] INIT mysql
[ info ] [ BEHAVIOR ] Run behavior\system\SystemBehavior @admin_visit [ RunTime:0.011532s ]
[ info ] [ RUN ] app\admin\controller\order\StoreOrder->getBadge[ /var/www/html/Golden/application/admin/controller/order/StoreOrder.php ]
[ info ] [ LOG ] INIT File
---------------------------------------------------------------
[ 2019-07-15T11:52:15+08:00 ] 10.0.2.2 GET 192.168.10.1/admin/store.store_product_reply/index.html
[运行时间：0.138835s] [吞吐率：7.20req/s] [内存消耗：779.66kb] [文件加载：72]
[ info ] [ LANG ] /var/www/html/Golden/thinkphp/lang/zh-cn.php
[ info ] [ ROUTE ] array (
  'type' => 'module',
  'module' => 
  array (
    0 => 'admin',
    1 => 'store.store_product_reply',
    2 => 'index',
  ),
)
[ info ] [ HEADER ] array (
  'cookie' => 'PHPSESSID=k0iohm7udkpfhgbtek0911k8gg',
  'accept-language' => 'zh-CN,zh;q=0.9',
  'accept-encoding' => 'gzip, deflate',
  'referer' => 'http://192.168.10.1/admin/index/index.html',
  'accept' => 'text/html,application/xhtml+xml,application/xml;q=0.9,image/webp,image/apng,*/*;q=0.8,application/signed-exchange;v=b3',
  'user-agent' => 'Mozilla/5.0 (Windows NT 10.0; WOW64) AppleWebKit/537.36 (KHTML, like Gecko) Chrome/77.0.3833.0 Safari/537.36',
  'upgrade-insecure-requests' => '1',
  'connection' => 'keep-alive',
  'host' => '192.168.10.1',
  'content-type' => '',
  'content-length' => '',
)
[ info ] [ PARAM ] array (
)
[ info ] [ SESSION ] INIT array (
  'prefix' => 'admin',
  'type' => '',
  'auto_start' => true,
)
[ info ] [ DB ] INIT mysql
[ info ] [ BEHAVIOR ] Run behavior\system\SystemBehavior @admin_visit [ RunTime:0.008988s ]
[ info ] [ RUN ] app\admin\controller\store\StoreProductReply->index[ /var/www/html/Golden/application/admin/controller/store/StoreProductReply.php ]
[ info ] [ VIEW ] /var/www/html/Golden/application/admin/view/store/store_product_reply/index.php [ array (
  0 => '_admin',
  1 => 'where',
  2 => 'is_layui',
  3 => 'list',
  4 => 'page',
  5 => 'total',
) ]
[ info ] [ LOG ] INIT File
---------------------------------------------------------------
[ 2019-07-15T11:52:15+08:00 ] 10.0.2.2 GET 192.168.10.1/admin/store.store_product_reply/get_product_imaes_list?page=1&title=&is_reply=&limit=10&producr_id=0&message_page=1
[运行时间：0.033910s] [吞吐率：29.49req/s] [内存消耗：721.76kb] [文件加载：68]
[ info ] [ LANG ] /var/www/html/Golden/thinkphp/lang/zh-cn.php
[ info ] [ ROUTE ] array (
  'type' => 'module',
  'module' => 
  array (
    0 => 'admin',
    1 => 'store.store_product_reply',
    2 => 'get_product_imaes_list',
  ),
)
[ info ] [ HEADER ] array (
  'cookie' => 'PHPSESSID=k0iohm7udkpfhgbtek0911k8gg',
  'accept-language' => 'zh-CN,zh;q=0.9',
  'accept-encoding' => 'gzip, deflate',
  'referer' => 'http://192.168.10.1/admin/store.store_product_reply/index.html',
  'content-type' => 'application/x-www-form-urlencoded',
  'user-agent' => 'Mozilla/5.0 (Windows NT 10.0; WOW64) AppleWebKit/537.36 (KHTML, like Gecko) Chrome/77.0.3833.0 Safari/537.36',
  'x-requested-with' => 'XMLHttpRequest',
  'accept' => 'application/json, text/javascript, */*; q=0.01',
  'connection' => 'keep-alive',
  'host' => '192.168.10.1',
  'content-length' => '',
)
[ info ] [ PARAM ] array (
  'page' => '1',
  'title' => '',
  'is_reply' => '',
  'limit' => '10',
  'producr_id' => '0',
  'message_page' => '1',
)
[ info ] [ SESSION ] INIT array (
  'prefix' => 'admin',
  'type' => '',
  'auto_start' => true,
)
[ info ] [ DB ] INIT mysql
[ info ] [ BEHAVIOR ] Run behavior\system\SystemBehavior @admin_visit [ RunTime:0.009983s ]
[ info ] [ RUN ] app\admin\controller\store\StoreProductReply->get_product_imaes_list[ /var/www/html/Golden/application/admin/controller/store/StoreProductReply.php ]
[ info ] [ LOG ] INIT File
---------------------------------------------------------------
[ 2019-07-15T11:52:15+08:00 ] 10.0.2.2 GET 192.168.10.1/admin/store.store_product_reply/get_product_reply_list?page=1&title=&is_reply=&limit=10&producr_id=0&message_page=1
[运行时间：0.058619s] [吞吐率：17.06req/s] [内存消耗：720.88kb] [文件加载：69]
[ info ] [ LANG ] /var/www/html/Golden/thinkphp/lang/zh-cn.php
[ info ] [ ROUTE ] array (
  'type' => 'module',
  'module' => 
  array (
    0 => 'admin',
    1 => 'store.store_product_reply',
    2 => 'get_product_reply_list',
  ),
)
[ info ] [ HEADER ] array (
  'cookie' => 'PHPSESSID=k0iohm7udkpfhgbtek0911k8gg',
  'accept-language' => 'zh-CN,zh;q=0.9',
  'accept-encoding' => 'gzip, deflate',
  'referer' => 'http://192.168.10.1/admin/store.store_product_reply/index.html',
  'content-type' => 'application/x-www-form-urlencoded',
  'user-agent' => 'Mozilla/5.0 (Windows NT 10.0; WOW64) AppleWebKit/537.36 (KHTML, like Gecko) Chrome/77.0.3833.0 Safari/537.36',
  'x-requested-with' => 'XMLHttpRequest',
  'accept' => 'application/json, text/javascript, */*; q=0.01',
  'connection' => 'keep-alive',
  'host' => '192.168.10.1',
  'content-length' => '',
)
[ info ] [ PARAM ] array (
  'page' => '1',
  'title' => '',
  'is_reply' => '',
  'limit' => '10',
  'producr_id' => '0',
  'message_page' => '1',
)
[ info ] [ SESSION ] INIT array (
  'prefix' => 'admin',
  'type' => '',
  'auto_start' => true,
)
[ info ] [ DB ] INIT mysql
[ info ] [ BEHAVIOR ] Run behavior\system\SystemBehavior @admin_visit [ RunTime:0.014445s ]
[ info ] [ RUN ] app\admin\controller\store\StoreProductReply->get_product_reply_list[ /var/www/html/Golden/application/admin/controller/store/StoreProductReply.php ]
[ info ] [ LOG ] INIT File
---------------------------------------------------------------
[ 2019-07-15T11:58:38+08:00 ] 10.0.2.2 GET 192.168.10.1/admin/index/jnotice.html
[运行时间：0.041720s] [吞吐率：23.97req/s] [内存消耗：833.30kb] [文件加载：72]
[ info ] [ LANG ] /var/www/html/Golden/thinkphp/lang/zh-cn.php
[ info ] [ ROUTE ] array (
  'type' => 'module',
  'module' => 
  array (
    0 => 'admin',
    1 => 'index',
    2 => 'jnotice',
  ),
)
[ info ] [ HEADER ] array (
  'cookie' => 'PHPSESSID=k0iohm7udkpfhgbtek0911k8gg',
  'accept-language' => 'zh-CN,zh;q=0.9',
  'accept-encoding' => 'gzip, deflate',
  'referer' => 'http://192.168.10.1/admin/index/index.html',
  'user-agent' => 'Mozilla/5.0 (Windows NT 10.0; WOW64) AppleWebKit/537.36 (KHTML, like Gecko) Chrome/77.0.3833.0 Safari/537.36',
  'x-requested-with' => 'XMLHttpRequest',
  'accept' => 'application/json, text/javascript, */*; q=0.01',
  'connection' => 'keep-alive',
  'host' => '192.168.10.1',
  'content-type' => '',
  'content-length' => '',
)
[ info ] [ PARAM ] array (
)
[ info ] [ SESSION ] INIT array (
  'prefix' => 'admin',
  'type' => '',
  'auto_start' => true,
)
[ info ] [ DB ] INIT mysql
[ info ] [ BEHAVIOR ] Run behavior\system\SystemBehavior @admin_visit [ RunTime:0.000007s ]
[ info ] [ RUN ] app\admin\controller\Index->Jnotice[ /var/www/html/Golden/application/admin/controller/Index.php ]
[ info ] [ LOG ] INIT File
---------------------------------------------------------------
[ 2019-07-15T12:08:39+08:00 ] 10.0.2.2 GET 192.168.10.1/admin/index/jnotice.html
[运行时间：0.039028s] [吞吐率：25.62req/s] [内存消耗：833.30kb] [文件加载：72]
[ info ] [ LANG ] /var/www/html/Golden/thinkphp/lang/zh-cn.php
[ info ] [ ROUTE ] array (
  'type' => 'module',
  'module' => 
  array (
    0 => 'admin',
    1 => 'index',
    2 => 'jnotice',
  ),
)
[ info ] [ HEADER ] array (
  'cookie' => 'PHPSESSID=k0iohm7udkpfhgbtek0911k8gg',
  'accept-language' => 'zh-CN,zh;q=0.9',
  'accept-encoding' => 'gzip, deflate',
  'referer' => 'http://192.168.10.1/admin/index/index.html',
  'user-agent' => 'Mozilla/5.0 (Windows NT 10.0; WOW64) AppleWebKit/537.36 (KHTML, like Gecko) Chrome/77.0.3833.0 Safari/537.36',
  'x-requested-with' => 'XMLHttpRequest',
  'accept' => 'application/json, text/javascript, */*; q=0.01',
  'connection' => 'keep-alive',
  'host' => '192.168.10.1',
  'content-type' => '',
  'content-length' => '',
)
[ info ] [ PARAM ] array (
)
[ info ] [ SESSION ] INIT array (
  'prefix' => 'admin',
  'type' => '',
  'auto_start' => true,
)
[ info ] [ DB ] INIT mysql
[ info ] [ BEHAVIOR ] Run behavior\system\SystemBehavior @admin_visit [ RunTime:0.000074s ]
[ info ] [ RUN ] app\admin\controller\Index->Jnotice[ /var/www/html/Golden/application/admin/controller/Index.php ]
[ info ] [ LOG ] INIT File
---------------------------------------------------------------
[ 2019-07-15T12:18:39+08:00 ] 10.0.2.2 GET 192.168.10.1/admin/index/jnotice.html
[运行时间：0.019157s] [吞吐率：52.20req/s] [内存消耗：833.30kb] [文件加载：72]
[ info ] [ LANG ] /var/www/html/Golden/thinkphp/lang/zh-cn.php
[ info ] [ ROUTE ] array (
  'type' => 'module',
  'module' => 
  array (
    0 => 'admin',
    1 => 'index',
    2 => 'jnotice',
  ),
)
[ info ] [ HEADER ] array (
  'cookie' => 'PHPSESSID=k0iohm7udkpfhgbtek0911k8gg',
  'accept-language' => 'zh-CN,zh;q=0.9',
  'accept-encoding' => 'gzip, deflate',
  'referer' => 'http://192.168.10.1/admin/index/index.html',
  'user-agent' => 'Mozilla/5.0 (Windows NT 10.0; WOW64) AppleWebKit/537.36 (KHTML, like Gecko) Chrome/77.0.3833.0 Safari/537.36',
  'x-requested-with' => 'XMLHttpRequest',
  'accept' => 'application/json, text/javascript, */*; q=0.01',
  'connection' => 'keep-alive',
  'host' => '192.168.10.1',
  'content-type' => '',
  'content-length' => '',
)
[ info ] [ PARAM ] array (
)
[ info ] [ SESSION ] INIT array (
  'prefix' => 'admin',
  'type' => '',
  'auto_start' => true,
)
[ info ] [ DB ] INIT mysql
[ info ] [ BEHAVIOR ] Run behavior\system\SystemBehavior @admin_visit [ RunTime:0.000007s ]
[ info ] [ RUN ] app\admin\controller\Index->Jnotice[ /var/www/html/Golden/application/admin/controller/Index.php ]
[ info ] [ LOG ] INIT File
---------------------------------------------------------------
[ 2019-07-15T12:28:39+08:00 ] 10.0.2.2 GET 192.168.10.1/admin/index/jnotice.html
[运行时间：0.027182s] [吞吐率：36.79req/s] [内存消耗：833.30kb] [文件加载：72]
[ info ] [ LANG ] /var/www/html/Golden/thinkphp/lang/zh-cn.php
[ info ] [ ROUTE ] array (
  'type' => 'module',
  'module' => 
  array (
    0 => 'admin',
    1 => 'index',
    2 => 'jnotice',
  ),
)
[ info ] [ HEADER ] array (
  'cookie' => 'PHPSESSID=k0iohm7udkpfhgbtek0911k8gg',
  'accept-language' => 'zh-CN,zh;q=0.9',
  'accept-encoding' => 'gzip, deflate',
  'referer' => 'http://192.168.10.1/admin/index/index.html',
  'user-agent' => 'Mozilla/5.0 (Windows NT 10.0; WOW64) AppleWebKit/537.36 (KHTML, like Gecko) Chrome/77.0.3833.0 Safari/537.36',
  'x-requested-with' => 'XMLHttpRequest',
  'accept' => 'application/json, text/javascript, */*; q=0.01',
  'connection' => 'keep-alive',
  'host' => '192.168.10.1',
  'content-type' => '',
  'content-length' => '',
)
[ info ] [ PARAM ] array (
)
[ info ] [ SESSION ] INIT array (
  'prefix' => 'admin',
  'type' => '',
  'auto_start' => true,
)
[ info ] [ DB ] INIT mysql
[ info ] [ BEHAVIOR ] Run behavior\system\SystemBehavior @admin_visit [ RunTime:0.000007s ]
[ info ] [ RUN ] app\admin\controller\Index->Jnotice[ /var/www/html/Golden/application/admin/controller/Index.php ]
[ info ] [ LOG ] INIT File
---------------------------------------------------------------
[ 2019-07-15T12:38:39+08:00 ] 10.0.2.2 GET 192.168.10.1/admin/index/jnotice.html
[运行时间：0.019390s] [吞吐率：51.57req/s] [内存消耗：833.30kb] [文件加载：72]
[ info ] [ LANG ] /var/www/html/Golden/thinkphp/lang/zh-cn.php
[ info ] [ ROUTE ] array (
  'type' => 'module',
  'module' => 
  array (
    0 => 'admin',
    1 => 'index',
    2 => 'jnotice',
  ),
)
[ info ] [ HEADER ] array (
  'cookie' => 'PHPSESSID=k0iohm7udkpfhgbtek0911k8gg',
  'accept-language' => 'zh-CN,zh;q=0.9',
  'accept-encoding' => 'gzip, deflate',
  'referer' => 'http://192.168.10.1/admin/index/index.html',
  'user-agent' => 'Mozilla/5.0 (Windows NT 10.0; WOW64) AppleWebKit/537.36 (KHTML, like Gecko) Chrome/77.0.3833.0 Safari/537.36',
  'x-requested-with' => 'XMLHttpRequest',
  'accept' => 'application/json, text/javascript, */*; q=0.01',
  'connection' => 'keep-alive',
  'host' => '192.168.10.1',
  'content-type' => '',
  'content-length' => '',
)
[ info ] [ PARAM ] array (
)
[ info ] [ SESSION ] INIT array (
  'prefix' => 'admin',
  'type' => '',
  'auto_start' => true,
)
[ info ] [ DB ] INIT mysql
[ info ] [ BEHAVIOR ] Run behavior\system\SystemBehavior @admin_visit [ RunTime:0.000007s ]
[ info ] [ RUN ] app\admin\controller\Index->Jnotice[ /var/www/html/Golden/application/admin/controller/Index.php ]
[ info ] [ LOG ] INIT File
---------------------------------------------------------------
[ 2019-07-15T12:48:39+08:00 ] 10.0.2.2 GET 192.168.10.1/admin/index/jnotice.html
[运行时间：0.018996s] [吞吐率：52.64req/s] [内存消耗：833.30kb] [文件加载：72]
[ info ] [ LANG ] /var/www/html/Golden/thinkphp/lang/zh-cn.php
[ info ] [ ROUTE ] array (
  'type' => 'module',
  'module' => 
  array (
    0 => 'admin',
    1 => 'index',
    2 => 'jnotice',
  ),
)
[ info ] [ HEADER ] array (
  'cookie' => 'PHPSESSID=k0iohm7udkpfhgbtek0911k8gg',
  'accept-language' => 'zh-CN,zh;q=0.9',
  'accept-encoding' => 'gzip, deflate',
  'referer' => 'http://192.168.10.1/admin/index/index.html',
  'user-agent' => 'Mozilla/5.0 (Windows NT 10.0; WOW64) AppleWebKit/537.36 (KHTML, like Gecko) Chrome/77.0.3833.0 Safari/537.36',
  'x-requested-with' => 'XMLHttpRequest',
  'accept' => 'application/json, text/javascript, */*; q=0.01',
  'connection' => 'keep-alive',
  'host' => '192.168.10.1',
  'content-type' => '',
  'content-length' => '',
)
[ info ] [ PARAM ] array (
)
[ info ] [ SESSION ] INIT array (
  'prefix' => 'admin',
  'type' => '',
  'auto_start' => true,
)
[ info ] [ DB ] INIT mysql
[ info ] [ BEHAVIOR ] Run behavior\system\SystemBehavior @admin_visit [ RunTime:0.000007s ]
[ info ] [ RUN ] app\admin\controller\Index->Jnotice[ /var/www/html/Golden/application/admin/controller/Index.php ]
[ info ] [ LOG ] INIT File
