---------------------------------------------------------------
[ 2019-07-16T09:07:07+08:00 ] 10.0.2.2 GET dfwang.com/ebapi/public_api/get_my_naviga.html
[运行时间：0.014242s] [吞吐率：70.22req/s] [内存消耗：626.84kb] [文件加载：68]
[ info ] [ LANG ] /var/www/html/Golden/thinkphp/lang/zh-cn.php
[ info ] [ ROUTE ] array (
  'type' => 'module',
  'module' => 
  array (
    0 => 'ebapi',
    1 => 'public_api',
    2 => 'get_my_naviga',
  ),
)
[ info ] [ HEADER ] array (
  'accept-encoding' => 'gzip, deflate',
  'referer' => 'https://servicewechat.com/wx642cedfc29870acb/devtools/page-frame.html',
  'accept' => '*/*',
  'content-type' => 'application/json',
  'token' => '',
  'user-agent' => 'Mozilla/5.0 (iPhone; CPU iPhone OS 9_1 like Mac OS X) AppleWebKit/601.1.46 (KHTML, like Gecko) Version/9.0 Mobile/13B143 Safari/601.1 wechatdevtools/1.02.1907081 MicroMessenger/7.0.4 Language/zh_CN webview/',
  'sec-fetch-site' => 'cross-site',
  'sec-fetch-user' => '?F',
  'sec-fetch-dest' => 'empty',
  'cache-control' => 'no-cache',
  'pragma' => 'no-cache',
  'connection' => 'keep-alive',
  'host' => 'dfwang.com',
  'content-length' => '',
)
[ info ] [ PARAM ] array (
)
[ info ] [ CACHE ] INIT File
[ info ] [ DB ] INIT mysql
[ info ] [ RUN ] app\ebapi\controller\PublicApi->get_my_naviga[ /var/www/html/Golden/application/ebapi/controller/PublicApi.php ]
[ info ] [ LOG ] INIT File
---------------------------------------------------------------
[ 2019-07-16T09:07:07+08:00 ] 10.0.2.2 GET dfwang.com/ebapi/public_api/index.html
[运行时间：0.030927s] [吞吐率：32.33req/s] [内存消耗：805.52kb] [文件加载：75]
[ info ] [ LANG ] /var/www/html/Golden/thinkphp/lang/zh-cn.php
[ info ] [ ROUTE ] array (
  'type' => 'module',
  'module' => 
  array (
    0 => 'ebapi',
    1 => 'public_api',
    2 => 'index',
  ),
)
[ info ] [ HEADER ] array (
  'accept-encoding' => 'gzip, deflate',
  'referer' => 'https://servicewechat.com/wx642cedfc29870acb/devtools/page-frame.html',
  'accept' => '*/*',
  'content-type' => 'application/json',
  'token' => '',
  'user-agent' => 'Mozilla/5.0 (iPhone; CPU iPhone OS 9_1 like Mac OS X) AppleWebKit/601.1.46 (KHTML, like Gecko) Version/9.0 Mobile/13B143 Safari/601.1 wechatdevtools/1.02.1907081 MicroMessenger/7.0.4 Language/zh_CN webview/',
  'sec-fetch-site' => 'cross-site',
  'sec-fetch-user' => '?F',
  'sec-fetch-dest' => 'empty',
  'cache-control' => 'no-cache',
  'pragma' => 'no-cache',
  'connection' => 'keep-alive',
  'host' => 'dfwang.com',
  'content-length' => '',
)
[ info ] [ PARAM ] array (
)
[ info ] [ CACHE ] INIT File
[ info ] [ DB ] INIT mysql
[ info ] [ RUN ] app\ebapi\controller\PublicApi->index[ /var/www/html/Golden/application/ebapi/controller/PublicApi.php ]
[ info ] [ LOG ] INIT File
---------------------------------------------------------------
[ 2019-07-16T09:07:08+08:00 ] 10.0.2.2 GET dfwang.com/public/uploads/attach/2019/03/29/5c9de8b7c5cc5.png
[运行时间：0.006178s] [吞吐率：161.87req/s] [内存消耗：218.64kb] [文件加载：40]
[ info ] [ LANG ] /var/www/html/Golden/thinkphp/lang/zh-cn.php
[ info ] [ ROUTE ] array (
  'type' => 'module',
  'module' => 
  array (
    0 => 'public',
    1 => 'uploads',
    2 => 'attach',
  ),
)
[ info ] [ HEADER ] array (
  'accept-encoding' => 'gzip, deflate',
  'referer' => 'https://servicewechat.com/wx642cedfc29870acb/devtools/page-frame.html',
  'accept' => 'image/webp,image/apng,image/*,*/*;q=0.8',
  'user-agent' => 'Mozilla/5.0 (iPhone; CPU iPhone OS 9_1 like Mac OS X) AppleWebKit/601.1.46 (KHTML, like Gecko) Version/9.0 Mobile/13B143 Safari/601.1 wechatdevtools/1.02.1907081 MicroMessenger/7.0.4 Language/zh_CN webview/0 miniprogram port/30891 token/a26c398c0ca9aa98eaa67491dffb0b7a',
  'sec-fetch-site' => 'cross-site',
  'sec-fetch-user' => '?F',
  'sec-fetch-dest' => 'image',
  'connection' => 'keep-alive',
  'host' => 'dfwang.com',
  'content-type' => '',
  'content-length' => '',
)
[ info ] [ PARAM ] array (
  0 => '03',
  1 => '5c9de8b7c5cc5.png',
)
[ info ] [ LOG ] INIT File
---------------------------------------------------------------
[ 2019-07-16T09:07:08+08:00 ] 10.0.2.2 GET dfwang.com/public/uploads/attach/2019/01/15/5c3dc0ef27068.jpg
[运行时间：0.004345s] [吞吐率：230.14req/s] [内存消耗：218.64kb] [文件加载：40]
[ info ] [ LANG ] /var/www/html/Golden/thinkphp/lang/zh-cn.php
[ info ] [ ROUTE ] array (
  'type' => 'module',
  'module' => 
  array (
    0 => 'public',
    1 => 'uploads',
    2 => 'attach',
  ),
)
[ info ] [ HEADER ] array (
  'accept-encoding' => 'gzip, deflate',
  'referer' => 'https://servicewechat.com/wx642cedfc29870acb/devtools/page-frame.html',
  'accept' => 'image/webp,image/apng,image/*,*/*;q=0.8',
  'user-agent' => 'Mozilla/5.0 (iPhone; CPU iPhone OS 9_1 like Mac OS X) AppleWebKit/601.1.46 (KHTML, like Gecko) Version/9.0 Mobile/13B143 Safari/601.1 wechatdevtools/1.02.1907081 MicroMessenger/7.0.4 Language/zh_CN webview/0 miniprogram port/30891 token/a26c398c0ca9aa98eaa67491dffb0b7a',
  'sec-fetch-site' => 'cross-site',
  'sec-fetch-user' => '?F',
  'sec-fetch-dest' => 'image',
  'connection' => 'keep-alive',
  'host' => 'dfwang.com',
  'content-type' => '',
  'content-length' => '',
)
[ info ] [ PARAM ] array (
  0 => '01',
  1 => '5c3dc0ef27068.jpg',
)
[ info ] [ LOG ] INIT File
---------------------------------------------------------------
[ 2019-07-16T09:07:08+08:00 ] 10.0.2.2 GET dfwang.com/public/uploads/attach/2019/01/15/5c3dbc6a38fab.jpg
[运行时间：0.026313s] [吞吐率：38.00req/s] [内存消耗：218.64kb] [文件加载：40]
[ info ] [ LANG ] /var/www/html/Golden/thinkphp/lang/zh-cn.php
[ info ] [ ROUTE ] array (
  'type' => 'module',
  'module' => 
  array (
    0 => 'public',
    1 => 'uploads',
    2 => 'attach',
  ),
)
[ info ] [ HEADER ] array (
  'accept-encoding' => 'gzip, deflate',
  'referer' => 'https://servicewechat.com/wx642cedfc29870acb/devtools/page-frame.html',
  'accept' => 'image/webp,image/apng,image/*,*/*;q=0.8',
  'user-agent' => 'Mozilla/5.0 (iPhone; CPU iPhone OS 9_1 like Mac OS X) AppleWebKit/601.1.46 (KHTML, like Gecko) Version/9.0 Mobile/13B143 Safari/601.1 wechatdevtools/1.02.1907081 MicroMessenger/7.0.4 Language/zh_CN webview/0 miniprogram port/30891 token/a26c398c0ca9aa98eaa67491dffb0b7a',
  'sec-fetch-site' => 'cross-site',
  'sec-fetch-user' => '?F',
  'sec-fetch-dest' => 'image',
  'connection' => 'keep-alive',
  'host' => 'dfwang.com',
  'content-type' => '',
  'content-length' => '',
)
[ info ] [ PARAM ] array (
  0 => '01',
  1 => '5c3dbc6a38fab.jpg',
)
[ info ] [ LOG ] INIT File
---------------------------------------------------------------
[ 2019-07-16T09:07:08+08:00 ] 10.0.2.2 GET dfwang.com/public/uploads/attach/2019/03/29/5c9def00c2882.png
[运行时间：0.002895s] [吞吐率：345.44req/s] [内存消耗：218.64kb] [文件加载：40]
[ info ] [ LANG ] /var/www/html/Golden/thinkphp/lang/zh-cn.php
[ info ] [ ROUTE ] array (
  'type' => 'module',
  'module' => 
  array (
    0 => 'public',
    1 => 'uploads',
    2 => 'attach',
  ),
)
[ info ] [ HEADER ] array (
  'accept-encoding' => 'gzip, deflate',
  'referer' => 'https://servicewechat.com/wx642cedfc29870acb/devtools/page-frame.html',
  'accept' => 'image/webp,image/apng,image/*,*/*;q=0.8',
  'user-agent' => 'Mozilla/5.0 (iPhone; CPU iPhone OS 9_1 like Mac OS X) AppleWebKit/601.1.46 (KHTML, like Gecko) Version/9.0 Mobile/13B143 Safari/601.1 wechatdevtools/1.02.1907081 MicroMessenger/7.0.4 Language/zh_CN webview/0 miniprogram port/30891 token/a26c398c0ca9aa98eaa67491dffb0b7a',
  'sec-fetch-site' => 'cross-site',
  'sec-fetch-user' => '?F',
  'sec-fetch-dest' => 'image',
  'connection' => 'keep-alive',
  'host' => 'dfwang.com',
  'content-type' => '',
  'content-length' => '',
)
[ info ] [ PARAM ] array (
  0 => '03',
  1 => '5c9def00c2882.png',
)
[ info ] [ LOG ] INIT File
---------------------------------------------------------------
[ 2019-07-16T09:07:08+08:00 ] 10.0.2.2 GET dfwang.com/public/uploads/attach/2019/03/29/5c9def5fa968c.png
[运行时间：0.003543s] [吞吐率：282.25req/s] [内存消耗：218.64kb] [文件加载：40]
[ info ] [ LANG ] /var/www/html/Golden/thinkphp/lang/zh-cn.php
[ info ] [ ROUTE ] array (
  'type' => 'module',
  'module' => 
  array (
    0 => 'public',
    1 => 'uploads',
    2 => 'attach',
  ),
)
[ info ] [ HEADER ] array (
  'accept-encoding' => 'gzip, deflate',
  'referer' => 'https://servicewechat.com/wx642cedfc29870acb/devtools/page-frame.html',
  'accept' => 'image/webp,image/apng,image/*,*/*;q=0.8',
  'user-agent' => 'Mozilla/5.0 (iPhone; CPU iPhone OS 9_1 like Mac OS X) AppleWebKit/601.1.46 (KHTML, like Gecko) Version/9.0 Mobile/13B143 Safari/601.1 wechatdevtools/1.02.1907081 MicroMessenger/7.0.4 Language/zh_CN webview/0 miniprogram port/30891 token/a26c398c0ca9aa98eaa67491dffb0b7a',
  'sec-fetch-site' => 'cross-site',
  'sec-fetch-user' => '?F',
  'sec-fetch-dest' => 'image',
  'connection' => 'keep-alive',
  'host' => 'dfwang.com',
  'content-type' => '',
  'content-length' => '',
)
[ info ] [ PARAM ] array (
  0 => '03',
  1 => '5c9def5fa968c.png',
)
[ info ] [ LOG ] INIT File
---------------------------------------------------------------
[ 2019-07-16T09:07:08+08:00 ] 10.0.2.2 GET dfwang.com/public/uploads/attach/2019/03/29/5c9df11e13742.png
[运行时间：0.003019s] [吞吐率：331.23req/s] [内存消耗：218.64kb] [文件加载：40]
[ info ] [ LANG ] /var/www/html/Golden/thinkphp/lang/zh-cn.php
[ info ] [ ROUTE ] array (
  'type' => 'module',
  'module' => 
  array (
    0 => 'public',
    1 => 'uploads',
    2 => 'attach',
  ),
)
[ info ] [ HEADER ] array (
  'accept-encoding' => 'gzip, deflate',
  'referer' => 'https://servicewechat.com/wx642cedfc29870acb/devtools/page-frame.html',
  'accept' => 'image/webp,image/apng,image/*,*/*;q=0.8',
  'user-agent' => 'Mozilla/5.0 (iPhone; CPU iPhone OS 9_1 like Mac OS X) AppleWebKit/601.1.46 (KHTML, like Gecko) Version/9.0 Mobile/13B143 Safari/601.1 wechatdevtools/1.02.1907081 MicroMessenger/7.0.4 Language/zh_CN webview/0 miniprogram port/30891 token/a26c398c0ca9aa98eaa67491dffb0b7a',
  'sec-fetch-site' => 'cross-site',
  'sec-fetch-user' => '?F',
  'sec-fetch-dest' => 'image',
  'connection' => 'keep-alive',
  'host' => 'dfwang.com',
  'content-type' => '',
  'content-length' => '',
)
[ info ] [ PARAM ] array (
  0 => '03',
  1 => '5c9df11e13742.png',
)
[ info ] [ LOG ] INIT File
---------------------------------------------------------------
[ 2019-07-16T09:07:08+08:00 ] 10.0.2.2 GET dfwang.com/public/uploads/attach/2019/03/29/5c9df170010cb.png
[运行时间：0.002504s] [吞吐率：399.38req/s] [内存消耗：218.64kb] [文件加载：40]
[ info ] [ LANG ] /var/www/html/Golden/thinkphp/lang/zh-cn.php
[ info ] [ ROUTE ] array (
  'type' => 'module',
  'module' => 
  array (
    0 => 'public',
    1 => 'uploads',
    2 => 'attach',
  ),
)
[ info ] [ HEADER ] array (
  'accept-encoding' => 'gzip, deflate',
  'referer' => 'https://servicewechat.com/wx642cedfc29870acb/devtools/page-frame.html',
  'accept' => 'image/webp,image/apng,image/*,*/*;q=0.8',
  'user-agent' => 'Mozilla/5.0 (iPhone; CPU iPhone OS 9_1 like Mac OS X) AppleWebKit/601.1.46 (KHTML, like Gecko) Version/9.0 Mobile/13B143 Safari/601.1 wechatdevtools/1.02.1907081 MicroMessenger/7.0.4 Language/zh_CN webview/0 miniprogram port/30891 token/a26c398c0ca9aa98eaa67491dffb0b7a',
  'sec-fetch-site' => 'cross-site',
  'sec-fetch-user' => '?F',
  'sec-fetch-dest' => 'image',
  'connection' => 'keep-alive',
  'host' => 'dfwang.com',
  'content-type' => '',
  'content-length' => '',
)
[ info ] [ PARAM ] array (
  0 => '03',
  1 => '5c9df170010cb.png',
)
[ info ] [ LOG ] INIT File
---------------------------------------------------------------
[ 2019-07-16T09:07:08+08:00 ] 10.0.2.2 GET dfwang.com/public/uploads/attach/2019/01/15/5c3dba1366885.jpg
[运行时间：0.048482s] [吞吐率：20.63req/s] [内存消耗：218.64kb] [文件加载：40]
[ info ] [ LANG ] /var/www/html/Golden/thinkphp/lang/zh-cn.php
[ info ] [ ROUTE ] array (
  'type' => 'module',
  'module' => 
  array (
    0 => 'public',
    1 => 'uploads',
    2 => 'attach',
  ),
)
[ info ] [ HEADER ] array (
  'accept-encoding' => 'gzip, deflate',
  'referer' => 'https://servicewechat.com/wx642cedfc29870acb/devtools/page-frame.html',
  'accept' => 'image/webp,image/apng,image/*,*/*;q=0.8',
  'user-agent' => 'Mozilla/5.0 (iPhone; CPU iPhone OS 9_1 like Mac OS X) AppleWebKit/601.1.46 (KHTML, like Gecko) Version/9.0 Mobile/13B143 Safari/601.1 wechatdevtools/1.02.1907081 MicroMessenger/7.0.4 Language/zh_CN webview/0 miniprogram port/30891 token/a26c398c0ca9aa98eaa67491dffb0b7a',
  'sec-fetch-site' => 'cross-site',
  'sec-fetch-user' => '?F',
  'sec-fetch-dest' => 'image',
  'connection' => 'keep-alive',
  'host' => 'dfwang.com',
  'content-type' => '',
  'content-length' => '',
)
[ info ] [ PARAM ] array (
  0 => '01',
  1 => '5c3dba1366885.jpg',
)
[ info ] [ LOG ] INIT File
---------------------------------------------------------------
[ 2019-07-16T09:07:08+08:00 ] 10.0.2.2 GET dfwang.com/public/uploads/attach/2019/03/29/5c9df1b8f0a7a.png
[运行时间：0.003719s] [吞吐率：268.90req/s] [内存消耗：218.64kb] [文件加载：40]
[ info ] [ LANG ] /var/www/html/Golden/thinkphp/lang/zh-cn.php
[ info ] [ ROUTE ] array (
  'type' => 'module',
  'module' => 
  array (
    0 => 'public',
    1 => 'uploads',
    2 => 'attach',
  ),
)
[ info ] [ HEADER ] array (
  'accept-encoding' => 'gzip, deflate',
  'referer' => 'https://servicewechat.com/wx642cedfc29870acb/devtools/page-frame.html',
  'accept' => 'image/webp,image/apng,image/*,*/*;q=0.8',
  'user-agent' => 'Mozilla/5.0 (iPhone; CPU iPhone OS 9_1 like Mac OS X) AppleWebKit/601.1.46 (KHTML, like Gecko) Version/9.0 Mobile/13B143 Safari/601.1 wechatdevtools/1.02.1907081 MicroMessenger/7.0.4 Language/zh_CN webview/0 miniprogram port/30891 token/a26c398c0ca9aa98eaa67491dffb0b7a',
  'sec-fetch-site' => 'cross-site',
  'sec-fetch-user' => '?F',
  'sec-fetch-dest' => 'image',
  'connection' => 'keep-alive',
  'host' => 'dfwang.com',
  'content-type' => '',
  'content-length' => '',
)
[ info ] [ PARAM ] array (
  0 => '03',
  1 => '5c9df1b8f0a7a.png',
)
[ info ] [ LOG ] INIT File
---------------------------------------------------------------
[ 2019-07-16T09:07:12+08:00 ] 10.0.2.2 GET dfwang.com/public/uploads/attach/2019/01/15/5c3dc0ef27068.jpg
[运行时间：0.003710s] [吞吐率：269.54req/s] [内存消耗：218.64kb] [文件加载：40]
[ info ] [ LANG ] /var/www/html/Golden/thinkphp/lang/zh-cn.php
[ info ] [ ROUTE ] array (
  'type' => 'module',
  'module' => 
  array (
    0 => 'public',
    1 => 'uploads',
    2 => 'attach',
  ),
)
[ info ] [ HEADER ] array (
  'accept-encoding' => 'gzip, deflate',
  'referer' => 'https://servicewechat.com/wx642cedfc29870acb/devtools/page-frame.html',
  'accept' => 'image/webp,image/apng,image/*,*/*;q=0.8',
  'user-agent' => 'Mozilla/5.0 (iPhone; CPU iPhone OS 9_1 like Mac OS X) AppleWebKit/601.1.46 (KHTML, like Gecko) Version/9.0 Mobile/13B143 Safari/601.1 wechatdevtools/1.02.1907081 MicroMessenger/7.0.4 Language/zh_CN webview/0 miniprogram port/30891 token/a26c398c0ca9aa98eaa67491dffb0b7a',
  'sec-fetch-site' => 'cross-site',
  'sec-fetch-user' => '?F',
  'sec-fetch-dest' => 'image',
  'connection' => 'keep-alive',
  'host' => 'dfwang.com',
  'content-type' => '',
  'content-length' => '',
)
[ info ] [ PARAM ] array (
  0 => '01',
  1 => '5c3dc0ef27068.jpg',
)
[ info ] [ LOG ] INIT File
---------------------------------------------------------------
[ 2019-07-16T09:07:12+08:00 ] 10.0.2.2 GET dfwang.com/public/uploads/attach/2019/03/29/5c9df170010cb.png
[运行时间：0.008650s] [吞吐率：115.61req/s] [内存消耗：218.64kb] [文件加载：40]
[ info ] [ LANG ] /var/www/html/Golden/thinkphp/lang/zh-cn.php
[ info ] [ ROUTE ] array (
  'type' => 'module',
  'module' => 
  array (
    0 => 'public',
    1 => 'uploads',
    2 => 'attach',
  ),
)
[ info ] [ HEADER ] array (
  'accept-encoding' => 'gzip, deflate',
  'referer' => 'https://servicewechat.com/wx642cedfc29870acb/devtools/page-frame.html',
  'accept' => 'image/webp,image/apng,image/*,*/*;q=0.8',
  'user-agent' => 'Mozilla/5.0 (iPhone; CPU iPhone OS 9_1 like Mac OS X) AppleWebKit/601.1.46 (KHTML, like Gecko) Version/9.0 Mobile/13B143 Safari/601.1 wechatdevtools/1.02.1907081 MicroMessenger/7.0.4 Language/zh_CN webview/0 miniprogram port/30891 token/a26c398c0ca9aa98eaa67491dffb0b7a',
  'sec-fetch-site' => 'cross-site',
  'sec-fetch-user' => '?F',
  'sec-fetch-dest' => 'image',
  'connection' => 'keep-alive',
  'host' => 'dfwang.com',
  'content-type' => '',
  'content-length' => '',
)
[ info ] [ PARAM ] array (
  0 => '03',
  1 => '5c9df170010cb.png',
)
[ info ] [ LOG ] INIT File
---------------------------------------------------------------
[ 2019-07-16T09:07:12+08:00 ] 10.0.2.2 GET dfwang.com/public/uploads/attach/2019/01/15/5c3dba1366885.jpg
[运行时间：0.007054s] [吞吐率：141.76req/s] [内存消耗：218.64kb] [文件加载：40]
[ info ] [ LANG ] /var/www/html/Golden/thinkphp/lang/zh-cn.php
[ info ] [ ROUTE ] array (
  'type' => 'module',
  'module' => 
  array (
    0 => 'public',
    1 => 'uploads',
    2 => 'attach',
  ),
)
[ info ] [ HEADER ] array (
  'accept-encoding' => 'gzip, deflate',
  'referer' => 'https://servicewechat.com/wx642cedfc29870acb/devtools/page-frame.html',
  'accept' => 'image/webp,image/apng,image/*,*/*;q=0.8',
  'user-agent' => 'Mozilla/5.0 (iPhone; CPU iPhone OS 9_1 like Mac OS X) AppleWebKit/601.1.46 (KHTML, like Gecko) Version/9.0 Mobile/13B143 Safari/601.1 wechatdevtools/1.02.1907081 MicroMessenger/7.0.4 Language/zh_CN webview/0 miniprogram port/30891 token/a26c398c0ca9aa98eaa67491dffb0b7a',
  'sec-fetch-site' => 'cross-site',
  'sec-fetch-user' => '?F',
  'sec-fetch-dest' => 'image',
  'connection' => 'keep-alive',
  'host' => 'dfwang.com',
  'content-type' => '',
  'content-length' => '',
)
[ info ] [ PARAM ] array (
  0 => '01',
  1 => '5c3dba1366885.jpg',
)
[ info ] [ LOG ] INIT File
---------------------------------------------------------------
[ 2019-07-16T09:07:12+08:00 ] 10.0.2.2 GET dfwang.com/public/uploads/attach/2019/03/29/5c9def00c2882.png
[运行时间：0.004211s] [吞吐率：237.48req/s] [内存消耗：218.64kb] [文件加载：40]
[ info ] [ LANG ] /var/www/html/Golden/thinkphp/lang/zh-cn.php
[ info ] [ ROUTE ] array (
  'type' => 'module',
  'module' => 
  array (
    0 => 'public',
    1 => 'uploads',
    2 => 'attach',
  ),
)
[ info ] [ HEADER ] array (
  'accept-encoding' => 'gzip, deflate',
  'referer' => 'https://servicewechat.com/wx642cedfc29870acb/devtools/page-frame.html',
  'accept' => 'image/webp,image/apng,image/*,*/*;q=0.8',
  'user-agent' => 'Mozilla/5.0 (iPhone; CPU iPhone OS 9_1 like Mac OS X) AppleWebKit/601.1.46 (KHTML, like Gecko) Version/9.0 Mobile/13B143 Safari/601.1 wechatdevtools/1.02.1907081 MicroMessenger/7.0.4 Language/zh_CN webview/0 miniprogram port/30891 token/a26c398c0ca9aa98eaa67491dffb0b7a',
  'sec-fetch-site' => 'cross-site',
  'sec-fetch-user' => '?F',
  'sec-fetch-dest' => 'image',
  'connection' => 'keep-alive',
  'host' => 'dfwang.com',
  'content-type' => '',
  'content-length' => '',
)
[ info ] [ PARAM ] array (
  0 => '03',
  1 => '5c9def00c2882.png',
)
[ info ] [ LOG ] INIT File
---------------------------------------------------------------
[ 2019-07-16T09:07:12+08:00 ] 10.0.2.2 GET dfwang.com/public/uploads/attach/2019/03/29/5c9df11e13742.png
[运行时间：0.006761s] [吞吐率：147.91req/s] [内存消耗：218.64kb] [文件加载：40]
[ info ] [ LANG ] /var/www/html/Golden/thinkphp/lang/zh-cn.php
[ info ] [ ROUTE ] array (
  'type' => 'module',
  'module' => 
  array (
    0 => 'public',
    1 => 'uploads',
    2 => 'attach',
  ),
)
[ info ] [ HEADER ] array (
  'accept-encoding' => 'gzip, deflate',
  'referer' => 'https://servicewechat.com/wx642cedfc29870acb/devtools/page-frame.html',
  'accept' => 'image/webp,image/apng,image/*,*/*;q=0.8',
  'user-agent' => 'Mozilla/5.0 (iPhone; CPU iPhone OS 9_1 like Mac OS X) AppleWebKit/601.1.46 (KHTML, like Gecko) Version/9.0 Mobile/13B143 Safari/601.1 wechatdevtools/1.02.1907081 MicroMessenger/7.0.4 Language/zh_CN webview/0 miniprogram port/30891 token/a26c398c0ca9aa98eaa67491dffb0b7a',
  'sec-fetch-site' => 'cross-site',
  'sec-fetch-user' => '?F',
  'sec-fetch-dest' => 'image',
  'connection' => 'keep-alive',
  'host' => 'dfwang.com',
  'content-type' => '',
  'content-length' => '',
)
[ info ] [ PARAM ] array (
  0 => '03',
  1 => '5c9df11e13742.png',
)
[ info ] [ LOG ] INIT File
---------------------------------------------------------------
[ 2019-07-16T09:07:12+08:00 ] 10.0.2.2 GET dfwang.com/public/uploads/attach/2019/03/29/5c9de8b7c5cc5.png
[运行时间：0.002766s] [吞吐率：361.55req/s] [内存消耗：218.64kb] [文件加载：40]
[ info ] [ LANG ] /var/www/html/Golden/thinkphp/lang/zh-cn.php
[ info ] [ ROUTE ] array (
  'type' => 'module',
  'module' => 
  array (
    0 => 'public',
    1 => 'uploads',
    2 => 'attach',
  ),
)
[ info ] [ HEADER ] array (
  'accept-encoding' => 'gzip, deflate',
  'referer' => 'https://servicewechat.com/wx642cedfc29870acb/devtools/page-frame.html',
  'accept' => 'image/webp,image/apng,image/*,*/*;q=0.8',
  'user-agent' => 'Mozilla/5.0 (iPhone; CPU iPhone OS 9_1 like Mac OS X) AppleWebKit/601.1.46 (KHTML, like Gecko) Version/9.0 Mobile/13B143 Safari/601.1 wechatdevtools/1.02.1907081 MicroMessenger/7.0.4 Language/zh_CN webview/0 miniprogram port/30891 token/a26c398c0ca9aa98eaa67491dffb0b7a',
  'sec-fetch-site' => 'cross-site',
  'sec-fetch-user' => '?F',
  'sec-fetch-dest' => 'image',
  'connection' => 'keep-alive',
  'host' => 'dfwang.com',
  'content-type' => '',
  'content-length' => '',
)
[ info ] [ PARAM ] array (
  0 => '03',
  1 => '5c9de8b7c5cc5.png',
)
[ info ] [ LOG ] INIT File
---------------------------------------------------------------
[ 2019-07-16T09:07:12+08:00 ] 10.0.2.2 GET dfwang.com/public/uploads/attach/2019/03/29/5c9def5fa968c.png
[运行时间：0.003980s] [吞吐率：251.25req/s] [内存消耗：218.64kb] [文件加载：40]
[ info ] [ LANG ] /var/www/html/Golden/thinkphp/lang/zh-cn.php
[ info ] [ ROUTE ] array (
  'type' => 'module',
  'module' => 
  array (
    0 => 'public',
    1 => 'uploads',
    2 => 'attach',
  ),
)
[ info ] [ HEADER ] array (
  'accept-encoding' => 'gzip, deflate',
  'referer' => 'https://servicewechat.com/wx642cedfc29870acb/devtools/page-frame.html',
  'accept' => 'image/webp,image/apng,image/*,*/*;q=0.8',
  'user-agent' => 'Mozilla/5.0 (iPhone; CPU iPhone OS 9_1 like Mac OS X) AppleWebKit/601.1.46 (KHTML, like Gecko) Version/9.0 Mobile/13B143 Safari/601.1 wechatdevtools/1.02.1907081 MicroMessenger/7.0.4 Language/zh_CN webview/0 miniprogram port/30891 token/a26c398c0ca9aa98eaa67491dffb0b7a',
  'sec-fetch-site' => 'cross-site',
  'sec-fetch-user' => '?F',
  'sec-fetch-dest' => 'image',
  'connection' => 'keep-alive',
  'host' => 'dfwang.com',
  'content-type' => '',
  'content-length' => '',
)
[ info ] [ PARAM ] array (
  0 => '03',
  1 => '5c9def5fa968c.png',
)
[ info ] [ LOG ] INIT File
---------------------------------------------------------------
[ 2019-07-16T09:07:12+08:00 ] 10.0.2.2 GET dfwang.com/public/uploads/attach/2019/03/29/5c9df1b8f0a7a.png
[运行时间：0.003042s] [吞吐率：328.73req/s] [内存消耗：218.64kb] [文件加载：40]
[ info ] [ LANG ] /var/www/html/Golden/thinkphp/lang/zh-cn.php
[ info ] [ ROUTE ] array (
  'type' => 'module',
  'module' => 
  array (
    0 => 'public',
    1 => 'uploads',
    2 => 'attach',
  ),
)
[ info ] [ HEADER ] array (
  'accept-encoding' => 'gzip, deflate',
  'referer' => 'https://servicewechat.com/wx642cedfc29870acb/devtools/page-frame.html',
  'accept' => 'image/webp,image/apng,image/*,*/*;q=0.8',
  'user-agent' => 'Mozilla/5.0 (iPhone; CPU iPhone OS 9_1 like Mac OS X) AppleWebKit/601.1.46 (KHTML, like Gecko) Version/9.0 Mobile/13B143 Safari/601.1 wechatdevtools/1.02.1907081 MicroMessenger/7.0.4 Language/zh_CN webview/0 miniprogram port/30891 token/a26c398c0ca9aa98eaa67491dffb0b7a',
  'sec-fetch-site' => 'cross-site',
  'sec-fetch-user' => '?F',
  'sec-fetch-dest' => 'image',
  'connection' => 'keep-alive',
  'host' => 'dfwang.com',
  'content-type' => '',
  'content-length' => '',
)
[ info ] [ PARAM ] array (
  0 => '03',
  1 => '5c9df1b8f0a7a.png',
)
[ info ] [ LOG ] INIT File
---------------------------------------------------------------
[ 2019-07-16T09:07:12+08:00 ] 10.0.2.2 GET dfwang.com/public/uploads/attach/2019/01/15/5c3dbc6a38fab.jpg
[运行时间：0.006980s] [吞吐率：143.27req/s] [内存消耗：218.64kb] [文件加载：40]
[ info ] [ LANG ] /var/www/html/Golden/thinkphp/lang/zh-cn.php
[ info ] [ ROUTE ] array (
  'type' => 'module',
  'module' => 
  array (
    0 => 'public',
    1 => 'uploads',
    2 => 'attach',
  ),
)
[ info ] [ HEADER ] array (
  'accept-encoding' => 'gzip, deflate',
  'referer' => 'https://servicewechat.com/wx642cedfc29870acb/devtools/page-frame.html',
  'accept' => 'image/webp,image/apng,image/*,*/*;q=0.8',
  'user-agent' => 'Mozilla/5.0 (iPhone; CPU iPhone OS 9_1 like Mac OS X) AppleWebKit/601.1.46 (KHTML, like Gecko) Version/9.0 Mobile/13B143 Safari/601.1 wechatdevtools/1.02.1907081 MicroMessenger/7.0.4 Language/zh_CN webview/0 miniprogram port/30891 token/a26c398c0ca9aa98eaa67491dffb0b7a',
  'sec-fetch-site' => 'cross-site',
  'sec-fetch-user' => '?F',
  'sec-fetch-dest' => 'image',
  'connection' => 'keep-alive',
  'host' => 'dfwang.com',
  'content-type' => '',
  'content-length' => '',
)
[ info ] [ PARAM ] array (
  0 => '01',
  1 => '5c3dbc6a38fab.jpg',
)
[ info ] [ LOG ] INIT File
---------------------------------------------------------------
[ 2019-07-16T09:27:34+08:00 ] 10.0.2.2 POST master.test.dphub.sandai.net:80/
[运行时间：0.006118s] [吞吐率：163.45req/s] [内存消耗：334.70kb] [文件加载：55]
[ info ] [ LANG ] /var/www/html/Golden/thinkphp/lang/zh-cn.php
[ info ] [ ROUTE ] array (
  'type' => 'module',
  'module' => 
  array (
    0 => '',
    1 => NULL,
    2 => NULL,
  ),
)
[ info ] [ HEADER ] array (
  'connection' => 'Close',
  'content-length' => '256',
  'content-type' => 'application/octet-stream',
  'host' => 'master.test.dphub.sandai.net:80',
)
[ info ] [ PARAM ] array (
)
[ info ] [ SESSION ] INIT array (
  'prefix' => 'admin',
  'type' => '',
  'auto_start' => true,
)
[ info ] [ LOG ] INIT File
