---------------------------------------------------------------
[ 2019-07-19T08:45:58+08:00 ] 210.87.167.13 GET dfwang.com/ebapi/public_api/get_my_naviga.html
[运行时间：0.083093s] [吞吐率：12.03req/s] [内存消耗：637.66kb] [文件加载：76]
[ info ] [ LANG ] /opt/Golden/thinkphp/lang/zh-cn.php
[ info ] [ ROUTE ] array (
  'type' => 'module',
  'module' => 
  array (
    0 => 'ebapi',
    1 => 'public_api',
    2 => 'get_my_naviga',
  ),
)
[ info ] [ HEADER ] array (
  'accept-encoding' => 'gzip, deflate',
  'referer' => 'https://servicewechat.com/wx642cedfc29870acb/devtools/page-frame.html',
  'accept' => '*/*',
  'content-type' => 'application/json',
  'token' => '',
  'user-agent' => 'Mozilla/5.0 (iPhone; CPU iPhone OS 9_1 like Mac OS X) AppleWebKit/601.1.46 (KHTML, like Gecko) Version/9.0 Mobile/13B143 Safari/601.1 wechatdevtools/1.02.1907160 MicroMessenger/7.0.4 Language/zh_CN webview/',
  'sec-fetch-site' => 'cross-site',
  'sec-fetch-user' => '?F',
  'sec-fetch-dest' => 'empty',
  'cache-control' => 'no-cache',
  'pragma' => 'no-cache',
  'connection' => 'keep-alive',
  'host' => 'dfwang.com',
  'content-length' => '',
)
[ info ] [ PARAM ] array (
)
[ info ] [ CACHE ] INIT File
[ info ] [ DB ] INIT mysql
[ info ] [ RUN ] app\ebapi\controller\PublicApi->get_my_naviga[ /opt/Golden/application/ebapi/controller/PublicApi.php ]
[ info ] [ LOG ] INIT File
[ error ] [2]file_put_contents(/opt/Golden/runtime/cache/ebapi/9d/af934e2b24a999dc829d4c02110645.php): failed to open stream: Permission denied[/opt/Golden/thinkphp/library/think/cache/driver/File.php:159]
[ error ] [0] file_put_contents(/opt/Golden/runtime/cache/ebapi/9d/af934e2b24a999dc829d4c02110645.php): failed to open stream: Permission denied [/opt/Golden/thinkphp/library/think/cache/driver/File.php : 159]
---------------------------------------------------------------
[ 2019-07-19T08:45:58+08:00 ] 210.87.167.13 GET dfwang.com/ebapi/public_api/index.html
[运行时间：0.012172s] [吞吐率：82.16req/s] [内存消耗：567.54kb] [文件加载：75]
[ info ] [ LANG ] /opt/Golden/thinkphp/lang/zh-cn.php
[ info ] [ ROUTE ] array (
  'type' => 'module',
  'module' => 
  array (
    0 => 'ebapi',
    1 => 'public_api',
    2 => 'index',
  ),
)
[ info ] [ HEADER ] array (
  'accept-encoding' => 'gzip, deflate',
  'referer' => 'https://servicewechat.com/wx642cedfc29870acb/devtools/page-frame.html',
  'accept' => '*/*',
  'content-type' => 'application/json',
  'token' => '',
  'user-agent' => 'Mozilla/5.0 (iPhone; CPU iPhone OS 9_1 like Mac OS X) AppleWebKit/601.1.46 (KHTML, like Gecko) Version/9.0 Mobile/13B143 Safari/601.1 wechatdevtools/1.02.1907160 MicroMessenger/7.0.4 Language/zh_CN webview/',
  'sec-fetch-site' => 'cross-site',
  'sec-fetch-user' => '?F',
  'sec-fetch-dest' => 'empty',
  'cache-control' => 'no-cache',
  'pragma' => 'no-cache',
  'connection' => 'keep-alive',
  'host' => 'dfwang.com',
  'content-length' => '',
)
[ info ] [ PARAM ] array (
)
[ info ] [ CACHE ] INIT File
[ info ] [ DB ] INIT mysql
[ info ] [ RUN ] app\ebapi\controller\PublicApi->index[ /opt/Golden/application/ebapi/controller/PublicApi.php ]
[ info ] [ LOG ] INIT File
[ error ] [2]file_put_contents(/opt/Golden/runtime/cache/ebapi/26/e41d8d0ce069d34ab451444c7d4cd2.php): failed to open stream: Permission denied[/opt/Golden/thinkphp/library/think/cache/driver/File.php:159]
[ error ] [0] file_put_contents(/opt/Golden/runtime/cache/ebapi/26/e41d8d0ce069d34ab451444c7d4cd2.php): failed to open stream: Permission denied [/opt/Golden/thinkphp/library/think/cache/driver/File.php : 159]
